<?xml version="1.0" encoding="UTF-8"?>
<testsuite xmlns:xsi="http://www.w3.org/2001/XMLSchema-instance" xsi:noNamespaceSchemaLocation="https://maven.apache.org/surefire/maven-surefire-plugin/xsd/surefire-test-report-3.0.xsd" version="3.0" name="DockerChromeBetaTest" time="13.001" tests="1" errors="0" skipped="0" failures="0">
  <properties>
[...]
</properties>
  <testcase name="testDockerBrowser(WebDriver)" classname="DockerChromeBetaTest" time="12.974">
    <system-out><![CDATA[17:18:12.704 [main] DEBUG io.github.bonigarcia.wdm.WebDriverManager -- Using WebDriverManager 5.7.0
17:18:13.440 [main] DEBUG io.github.bonigarcia.wdm.cache.ResolutionCache -- Resolution chrome-container-latest=122.0 in cache (valid until 17:50:42 13/03/2024 WET)
17:18:13.454 [main] INFO io.github.bonigarcia.wdm.docker.DockerService -- Starting Docker container selenoid/vnc:chrome_122.0
17:18:13.496 [main] DEBUG com.github.dockerjava.core.command.AbstrDockerCmd -- Cmd: com.github.dockerjava.core.command.CreateContainerCmdImpl@232024b9[aliases=<null>,argsEscaped=<null>,attachStderr=<null>,attachStdin=<null>,attachStdout=<null>,authConfig=AuthConfig(username=null, email=null, registryAddress=https://index.docker.io/v1/, stackOrchestrator=null),cmd=<null>,domainName=<null>,entrypoint=<null>,env={TZ=Etc/UTC,LANGUAGE=EN,SCREEN_RESOLUTION=1280x1080x24,DRIVER_ARGS=--whitelisted-ips= --allowed-origins=*},exposedPorts=ExposedPorts(exposedPorts=[4444/tcp]),healthcheck=<null>,hostConfig=HostConfig(binds=[], blkioWeight=null, blkioWeightDevice=null, blkioDeviceReadBps=null, blkioDeviceWriteBps=null, blkioDeviceReadIOps=null, blkioDeviceWriteIOps=null, memorySwappiness=null, nanoCPUs=null, capAdd=[SYS_ADMIN], capDrop=null, containerIDFile=null, cpuPeriod=null, cpuRealtimePeriod=null, cpuRealtimeRuntime=null, cpuShares=null, cpuQuota=null, cpusetCpus=null, cpusetMems=null, devices=null, deviceCgroupRules=null, deviceRequests=null, diskQuota=null, dns=null, dnsOptions=null, dnsSearch=null, extraHosts=[], groupAdd=null, ipcMode=null, cgroup=null, links=[], logConfig=LogConfig(type=null, config=null), lxcConf=null, memory=null, memorySwap=null, memoryReservation=null, kernelMemory=null, networkMode=bridge, oomKillDisable=null, init=null, autoRemove=null, oomScoreAdj=null, portBindings={4444/tcp=[Lcom.github.dockerjava.api.model.Ports$Binding;@50b1f030}, privileged=null, publishAllPorts=true, readonlyRootfs=null, restartPolicy=null, ulimits=null, cpuCount=null, cpuPercent=null, ioMaximumIOps=null, ioMaximumBandwidth=null, volumesFrom=null, mounts=[Mount(type=TMPFS, source=null, target=/tmp, readOnly=null, bindOptions=null, volumeOptions=null, tmpfsOptions=TmpfsOptions(sizeBytes=134217728, mode=null))], pidMode=null, isolation=null, securityOpts=null, storageOpt=null, cgroupParent=null, volumeDriver=null, shmSize=268435456, pidsLimit=null, runtime=null, tmpFs=null, utSMode=null, usernsMode=null, sysctls=null, consoleSize=null, cgroupnsMode=null),hostName=<null>,image=selenoid/vnc:chrome_122.0,ipv4Address=<null>,ipv6Address=<null>,labels=<null>,macAddress=<null>,name=<null>,networkDisabled=<null>,networkingConfig=<null>,onBuild=<null>,platform=<null>,portSpecs=<null>,shell=<null>,stdInOnce=<null>,stdinOpen=<null>,stopSignal=<null>,stopTimeout=<null>,tty=<null>,user=<null>,volumes=Volumes(volumes=[]),workingDir=<null>]
17:18:13.665 [main] DEBUG org.apache.hc.client5.http.impl.classic.InternalHttpClient -- ex-0000000001 preparing request execution
17:18:13.675 [main] DEBUG org.apache.hc.client5.http.impl.classic.ProtocolExec -- ex-0000000001 target auth state: UNCHALLENGED
17:18:13.677 [main] DEBUG org.apache.hc.client5.http.impl.classic.ProtocolExec -- ex-0000000001 proxy auth state: UNCHALLENGED
17:18:13.677 [main] DEBUG org.apache.hc.client5.http.impl.classic.ConnectExec -- ex-0000000001 acquiring connection with route {}->unix://localhost:2375
17:18:13.678 [main] DEBUG org.apache.hc.client5.http.impl.classic.InternalHttpClient -- ex-0000000001 acquiring endpoint (3 MINUTES)
17:18:13.679 [main] DEBUG org.apache.hc.client5.http.impl.io.PoolingHttpClientConnectionManager -- ex-0000000001 endpoint lease request (3 MINUTES) [route: {}->unix://localhost:2375][total available: 0; route allocated: 0 of 2147483647; total allocated: 0 of 2147483647]
17:18:13.684 [main] DEBUG org.apache.hc.client5.http.impl.io.PoolingHttpClientConnectionManager -- ex-0000000001 endpoint leased [route: {}->unix://localhost:2375][total available: 0; route allocated: 1 of 2147483647; total allocated: 1 of 2147483647]
17:18:13.692 [main] DEBUG org.apache.hc.client5.http.impl.io.PoolingHttpClientConnectionManager -- ex-0000000001 acquired ep-0000000001
17:18:13.692 [main] DEBUG org.apache.hc.client5.http.impl.classic.InternalHttpClient -- ex-0000000001 acquired endpoint ep-0000000001
17:18:13.693 [main] DEBUG org.apache.hc.client5.http.impl.classic.ConnectExec -- ex-0000000001 opening connection {}->unix://localhost:2375
17:18:13.693 [main] DEBUG org.apache.hc.client5.http.impl.classic.InternalHttpClient -- ep-0000000001 connecting endpoint (null)
17:18:13.695 [main] DEBUG org.apache.hc.client5.http.impl.io.PoolingHttpClientConnectionManager -- ep-0000000001 connecting endpoint to unix://localhost:2375 (3 MINUTES)
17:18:13.695 [main] DEBUG org.apache.hc.client5.http.impl.io.DefaultHttpClientConnectionOperator -- localhost resolving remote address
17:18:13.698 [main] DEBUG org.apache.hc.client5.http.impl.io.DefaultHttpClientConnectionOperator -- localhost resolved to [localhost/127.0.0.1, localhost/0:0:0:0:0:0:0:1]
17:18:13.709 [main] DEBUG org.apache.hc.client5.http.impl.io.DefaultHttpClientConnectionOperator -- localhost:2375 connecting null->localhost/127.0.0.1:2375 (3 MINUTES)
17:18:13.710 [main] DEBUG org.apache.hc.client5.http.impl.io.DefaultManagedHttpClientConnection -- http-outgoing-0 set socket timeout to 0 MILLISECONDS
17:18:13.711 [main] DEBUG org.apache.hc.client5.http.impl.io.DefaultHttpClientConnectionOperator -- localhost:2375 connected null->localhost/127.0.0.1:2375 as http-outgoing-0
17:18:13.711 [main] DEBUG org.apache.hc.client5.http.impl.io.PoolingHttpClientConnectionManager -- ep-0000000001 connected http-outgoing-0
17:18:13.711 [main] DEBUG org.apache.hc.client5.http.impl.classic.InternalHttpClient -- ep-0000000001 endpoint connected
17:18:13.712 [main] DEBUG org.apache.hc.client5.http.impl.classic.MainClientExec -- ex-0000000001 executing POST /containers/create HTTP/1.1
17:18:13.712 [main] DEBUG org.apache.hc.client5.http.protocol.RequestAddCookies -- ex-0000000001 Cookie spec selected: strict
17:18:13.717 [main] DEBUG org.apache.hc.client5.http.impl.classic.InternalHttpClient -- ep-0000000001 start execution ex-0000000001
17:18:13.717 [main] DEBUG org.apache.hc.client5.http.impl.io.PoolingHttpClientConnectionManager -- ep-0000000001 executing exchange ex-0000000001 over http-outgoing-0
17:18:13.718 [main] DEBUG org.apache.hc.client5.http.headers -- http-outgoing-0 >> POST /containers/create HTTP/1.1
17:18:13.719 [main] DEBUG org.apache.hc.client5.http.headers -- http-outgoing-0 >> X-Registry-Auth: eyJ1c2VybmFtZSI6bnVsbCwicGFzc3dvcmQiOm51bGwsImVtYWlsIjpudWxsLCJzZXJ2ZXJhZGRyZXNzIjoiaHR0cHM6Ly9pbmRleC5kb2NrZXIuaW8vdjEvIiwiYXV0aCI6bnVsbCwicmVnaXN0cnl0b2tlbiI6bnVsbCwiaWRlbnRpdHl0b2tlbiI6bnVsbCwic3RhY2tPcmNoZXN0cmF0b3IiOm51bGx9
17:18:13.719 [main] DEBUG org.apache.hc.client5.http.headers -- http-outgoing-0 >> accept: application/json
17:18:13.719 [main] DEBUG org.apache.hc.client5.http.headers -- http-outgoing-0 >> content-type: application/json
17:18:13.719 [main] DEBUG org.apache.hc.client5.http.headers -- http-outgoing-0 >> Accept-Encoding: gzip, x-gzip, deflate, br
17:18:13.719 [main] DEBUG org.apache.hc.client5.http.headers -- http-outgoing-0 >> Content-Length: 2099
17:18:13.719 [main] DEBUG org.apache.hc.client5.http.headers -- http-outgoing-0 >> Host: localhost:2375
17:18:13.719 [main] DEBUG org.apache.hc.client5.http.headers -- http-outgoing-0 >> Connection: keep-alive
17:18:13.719 [main] DEBUG org.apache.hc.client5.http.headers -- http-outgoing-0 >> User-Agent: Apache-HttpClient/5.2.1 (Java/17.0.8.1)
17:18:13.720 [main] DEBUG org.apache.hc.client5.http.wire -- http-outgoing-0 >> "POST /containers/create HTTP/1.1[\r][\n]"
17:18:13.720 [main] DEBUG org.apache.hc.client5.http.wire -- http-outgoing-0 >> "X-Registry-Auth: eyJ1c2VybmFtZSI6bnVsbCwicGFzc3dvcmQiOm51bGwsImVtYWlsIjpudWxsLCJzZXJ2ZXJhZGRyZXNzIjoiaHR0cHM6Ly9pbmRleC5kb2NrZXIuaW8vdjEvIiwiYXV0aCI6bnVsbCwicmVnaXN0cnl0b2tlbiI6bnVsbCwiaWRlbnRpdHl0b2tlbiI6bnVsbCwic3RhY2tPcmNoZXN0cmF0b3IiOm51bGx9[\r][\n]"
17:18:13.720 [main] DEBUG org.apache.hc.client5.http.wire -- http-outgoing-0 >> "accept: application/json[\r][\n]"
17:18:13.720 [main] DEBUG org.apache.hc.client5.http.wire -- http-outgoing-0 >> "content-type: application/json[\r][\n]"
17:18:13.720 [main] DEBUG org.apache.hc.client5.http.wire -- http-outgoing-0 >> "Accept-Encoding: gzip, x-gzip, deflate, br[\r][\n]"
17:18:13.720 [main] DEBUG org.apache.hc.client5.http.wire -- http-outgoing-0 >> "Content-Length: 2099[\r][\n]"
17:18:13.721 [main] DEBUG org.apache.hc.client5.http.wire -- http-outgoing-0 >> "Host: localhost:2375[\r][\n]"
17:18:13.721 [main] DEBUG org.apache.hc.client5.http.wire -- http-outgoing-0 >> "Connection: keep-alive[\r][\n]"
17:18:13.721 [main] DEBUG org.apache.hc.client5.http.wire -- http-outgoing-0 >> "User-Agent: Apache-HttpClient/5.2.1 (Java/17.0.8.1)[\r][\n]"
17:18:13.721 [main] DEBUG org.apache.hc.client5.http.wire -- http-outgoing-0 >> "[\r][\n]"
17:18:13.721 [main] DEBUG org.apache.hc.client5.http.wire -- http-outgoing-0 >> "{"Hostname":null,"Domainname":null,"User":null,"AttachStdin":null,"AttachStdout":null,"AttachStderr":null,"PortSpecs":null,"Tty":null,"OpenStdin":null,"StdinOnce":null,"Env":["TZ=Etc/UTC","LANGUAGE=EN","SCREEN_RESOLUTION=1280x1080x24","DRIVER_ARGS=--whitelisted-ips= --allowed-origins=*"],"Cmd":null,"Healthcheck":null,"ArgsEscaped":null,"Entrypoint":null,"Image":"selenoid/vnc:chrome_122.0","Volumes":{},"WorkingDir":null,"MacAddress":null,"OnBuild":null,"NetworkDisabled":null,"ExposedPorts":{"4444/tcp":{}},"StopSignal":null,"StopTimeout":null,"HostConfig":{"Binds":[],"BlkioWeight":null,"BlkioWeightDevice":null,"BlkioDeviceReadBps":null,"BlkioDeviceWriteBps":null,"BlkioDeviceReadIOps":null,"BlkioDeviceWriteIOps":null,"MemorySwappiness":null,"NanoCpus":null,"CapAdd":["SYS_ADMIN"],"CapDrop":null,"ContainerIDFile":null,"CpuPeriod":null,"CpuRealtimePeriod":null,"CpuRealtimeRuntime":null,"CpuShares":null,"CpuQuota":null,"CpusetCpus":null,"CpusetMems":null,"Devices":null,"DeviceCgroupRules":null,"DeviceRequests":null,"DiskQuota":null,"Dns":null,"DnsOptions":null,"DnsSearch":null,"ExtraHosts":[],"GroupAdd":null,"IpcMode":null,"Cgroup":null,"Links":null,"LogConfig":null,"LxcConf":null,"Memory":null,"MemorySwap":null,"MemoryReservation":null,"KernelMemory":null,"NetworkMode":"bridge","OomKillDisable":null,"Init":null,"AutoRemove":null,"OomScoreAdj":null,"PortBindings":{"4444/tcp":[{"HostIp":"","HostPort":""}]},"Privileged":null,"PublishAllPorts":true,"ReadonlyRootfs":null,"RestartPolicy":null,"Ulimits":null,"CpuCount":null,"CpuPercent":null,"IOMaximumIOps":null,"IOMaximumBandwidth":null,"VolumesFrom":null,"Mounts":[{"Type":"tmpfs","Source":null,"Target":"/tmp","ReadOnly":null,"BindOptions":null,"VolumeOptions":null,"TmpfsOptions":{"SizeBytes":134217728,"Mode":null}}],"PidMode":null,"Isolation":null,"SecurityOpt":null,"StorageOpt":null,"CgroupParent":null,"VolumeDriver":null,"ShmSize":268435456,"PidsLimit":null,"Runtime":null,"Tmpfs":null,"UTSMode":null,"UsernsMode":null,"Sysctls":null,"ConsoleSize":null,"CgroupnsMode":null},"Labels":null,"Shell":null,"NetworkingConfig":null}"
17:18:13.746 [main] DEBUG org.apache.hc.client5.http.wire -- http-outgoing-0 << "HTTP/1.1 201 Created[\r][\n]"
17:18:13.747 [main] DEBUG org.apache.hc.client5.http.wire -- http-outgoing-0 << "Api-Version: 1.44[\r][\n]"
17:18:13.747 [main] DEBUG org.apache.hc.client5.http.wire -- http-outgoing-0 << "Content-Type: application/json[\r][\n]"
17:18:13.747 [main] DEBUG org.apache.hc.client5.http.wire -- http-outgoing-0 << "Docker-Experimental: false[\r][\n]"
17:18:13.747 [main] DEBUG org.apache.hc.client5.http.wire -- http-outgoing-0 << "Ostype: linux[\r][\n]"
17:18:13.747 [main] DEBUG org.apache.hc.client5.http.wire -- http-outgoing-0 << "Server: Docker/25.0.4 (linux)[\r][\n]"
17:18:13.747 [main] DEBUG org.apache.hc.client5.http.wire -- http-outgoing-0 << "Date: Wed, 13 Mar 2024 17:18:13 GMT[\r][\n]"
17:18:13.747 [main] DEBUG org.apache.hc.client5.http.wire -- http-outgoing-0 << "Content-Length: 88[\r][\n]"
17:18:13.748 [main] DEBUG org.apache.hc.client5.http.wire -- http-outgoing-0 << "[\r][\n]"
17:18:13.748 [main] DEBUG org.apache.hc.client5.http.wire -- http-outgoing-0 << "{"Id":"1dbcfb61a975c2d60c268b846b8ba8831b04e8b6d43192752ca250eb004a3f4e","Warnings":[]}[\n]"
17:18:13.751 [main] DEBUG org.apache.hc.client5.http.headers -- http-outgoing-0 << HTTP/1.1 201 Created
17:18:13.752 [main] DEBUG org.apache.hc.client5.http.headers -- http-outgoing-0 << Api-Version: 1.44
17:18:13.752 [main] DEBUG org.apache.hc.client5.http.headers -- http-outgoing-0 << Content-Type: application/json
17:18:13.752 [main] DEBUG org.apache.hc.client5.http.headers -- http-outgoing-0 << Docker-Experimental: false
17:18:13.752 [main] DEBUG org.apache.hc.client5.http.headers -- http-outgoing-0 << Ostype: linux
17:18:13.752 [main] DEBUG org.apache.hc.client5.http.headers -- http-outgoing-0 << Server: Docker/25.0.4 (linux)
17:18:13.752 [main] DEBUG org.apache.hc.client5.http.headers -- http-outgoing-0 << Date: Wed, 13 Mar 2024 17:18:13 GMT
17:18:13.753 [main] DEBUG org.apache.hc.client5.http.headers -- http-outgoing-0 << Content-Length: 88
17:18:13.758 [main] DEBUG org.apache.hc.client5.http.impl.classic.MainClientExec -- ex-0000000001 connection can be kept alive for 3 MINUTES
17:18:13.769 [main] DEBUG org.apache.hc.client5.http.impl.classic.InternalHttpClient -- ep-0000000001 releasing valid endpoint
17:18:13.769 [main] DEBUG org.apache.hc.client5.http.impl.io.PoolingHttpClientConnectionManager -- ep-0000000001 releasing endpoint
17:18:13.769 [main] DEBUG org.apache.hc.client5.http.impl.io.PoolingHttpClientConnectionManager -- ep-0000000001 connection http-outgoing-0 can be kept alive for 3 MINUTES
17:18:13.770 [main] DEBUG org.apache.hc.client5.http.impl.io.PoolingHttpClientConnectionManager -- ep-0000000001 connection released [route: {}->unix://localhost:2375][total available: 1; route allocated: 1 of 2147483647; total allocated: 1 of 2147483647]
17:18:13.772 [main] DEBUG com.github.dockerjava.core.command.AbstrDockerCmd -- Cmd: 1dbcfb61a975c2d60c268b846b8ba8831b04e8b6d43192752ca250eb004a3f4e
17:18:13.775 [main] DEBUG org.apache.hc.client5.http.impl.classic.InternalHttpClient -- ex-0000000002 preparing request execution
17:18:13.776 [main] DEBUG org.apache.hc.client5.http.impl.classic.ProtocolExec -- ex-0000000002 target auth state: UNCHALLENGED
17:18:13.777 [main] DEBUG org.apache.hc.client5.http.impl.classic.ProtocolExec -- ex-0000000002 proxy auth state: UNCHALLENGED
17:18:13.777 [main] DEBUG org.apache.hc.client5.http.impl.classic.ConnectExec -- ex-0000000002 acquiring connection with route {}->unix://localhost:2375
17:18:13.777 [main] DEBUG org.apache.hc.client5.http.impl.classic.InternalHttpClient -- ex-0000000002 acquiring endpoint (3 MINUTES)
17:18:13.777 [main] DEBUG org.apache.hc.client5.http.impl.io.PoolingHttpClientConnectionManager -- ex-0000000002 endpoint lease request (3 MINUTES) [route: {}->unix://localhost:2375][total available: 1; route allocated: 1 of 2147483647; total allocated: 1 of 2147483647]
17:18:13.778 [main] DEBUG org.apache.hc.client5.http.impl.io.PoolingHttpClientConnectionManager -- ex-0000000002 endpoint leased [route: {}->unix://localhost:2375][total available: 0; route allocated: 1 of 2147483647; total allocated: 1 of 2147483647]
17:18:13.778 [main] DEBUG org.apache.hc.client5.http.impl.io.PoolingHttpClientConnectionManager -- ex-0000000002 acquired ep-0000000002
17:18:13.778 [main] DEBUG org.apache.hc.client5.http.impl.classic.InternalHttpClient -- ex-0000000002 acquired endpoint ep-0000000002
17:18:13.778 [main] DEBUG org.apache.hc.client5.http.impl.classic.MainClientExec -- ex-0000000002 executing POST /containers/1dbcfb61a975c2d60c268b846b8ba8831b04e8b6d43192752ca250eb004a3f4e/start HTTP/1.1
17:18:13.778 [main] DEBUG org.apache.hc.client5.http.protocol.RequestAddCookies -- ex-0000000002 Cookie spec selected: strict
17:18:13.779 [main] DEBUG org.apache.hc.client5.http.impl.classic.InternalHttpClient -- ep-0000000002 start execution ex-0000000002
17:18:13.779 [main] DEBUG org.apache.hc.client5.http.impl.io.PoolingHttpClientConnectionManager -- ep-0000000002 executing exchange ex-0000000002 over http-outgoing-0
17:18:13.779 [main] DEBUG org.apache.hc.client5.http.headers -- http-outgoing-0 >> POST /containers/1dbcfb61a975c2d60c268b846b8ba8831b04e8b6d43192752ca250eb004a3f4e/start HTTP/1.1
17:18:13.779 [main] DEBUG org.apache.hc.client5.http.headers -- http-outgoing-0 >> accept: application/json
17:18:13.779 [main] DEBUG org.apache.hc.client5.http.headers -- http-outgoing-0 >> content-type: application/json
17:18:13.779 [main] DEBUG org.apache.hc.client5.http.headers -- http-outgoing-0 >> Accept-Encoding: gzip, x-gzip, deflate, br
17:18:13.779 [main] DEBUG org.apache.hc.client5.http.headers -- http-outgoing-0 >> Host: localhost:2375
17:18:13.779 [main] DEBUG org.apache.hc.client5.http.headers -- http-outgoing-0 >> Connection: keep-alive
17:18:13.780 [main] DEBUG org.apache.hc.client5.http.headers -- http-outgoing-0 >> User-Agent: Apache-HttpClient/5.2.1 (Java/17.0.8.1)
17:18:13.780 [main] DEBUG org.apache.hc.client5.http.wire -- http-outgoing-0 >> "POST /containers/1dbcfb61a975c2d60c268b846b8ba8831b04e8b6d43192752ca250eb004a3f4e/start HTTP/1.1[\r][\n]"
17:18:13.780 [main] DEBUG org.apache.hc.client5.http.wire -- http-outgoing-0 >> "accept: application/json[\r][\n]"
17:18:13.780 [main] DEBUG org.apache.hc.client5.http.wire -- http-outgoing-0 >> "content-type: application/json[\r][\n]"
17:18:13.780 [main] DEBUG org.apache.hc.client5.http.wire -- http-outgoing-0 >> "Accept-Encoding: gzip, x-gzip, deflate, br[\r][\n]"
17:18:13.781 [main] DEBUG org.apache.hc.client5.http.wire -- http-outgoing-0 >> "Host: localhost:2375[\r][\n]"
17:18:13.781 [main] DEBUG org.apache.hc.client5.http.wire -- http-outgoing-0 >> "Connection: keep-alive[\r][\n]"
17:18:13.781 [main] DEBUG org.apache.hc.client5.http.wire -- http-outgoing-0 >> "User-Agent: Apache-HttpClient/5.2.1 (Java/17.0.8.1)[\r][\n]"
17:18:13.781 [main] DEBUG org.apache.hc.client5.http.wire -- http-outgoing-0 >> "[\r][\n]"
17:18:14.081 [main] DEBUG org.apache.hc.client5.http.wire -- http-outgoing-0 << "HTTP/1.1 204 No Content[\r][\n]"
17:18:14.081 [main] DEBUG org.apache.hc.client5.http.wire -- http-outgoing-0 << "Api-Version: 1.44[\r][\n]"
17:18:14.081 [main] DEBUG org.apache.hc.client5.http.wire -- http-outgoing-0 << "Docker-Experimental: false[\r][\n]"
17:18:14.082 [main] DEBUG org.apache.hc.client5.http.wire -- http-outgoing-0 << "Ostype: linux[\r][\n]"
17:18:14.082 [main] DEBUG org.apache.hc.client5.http.wire -- http-outgoing-0 << "Server: Docker/25.0.4 (linux)[\r][\n]"
17:18:14.082 [main] DEBUG org.apache.hc.client5.http.wire -- http-outgoing-0 << "Date: Wed, 13 Mar 2024 17:18:14 GMT[\r][\n]"
17:18:14.082 [main] DEBUG org.apache.hc.client5.http.wire -- http-outgoing-0 << "[\r][\n]"
17:18:14.082 [main] DEBUG org.apache.hc.client5.http.headers -- http-outgoing-0 << HTTP/1.1 204 No Content
17:18:14.083 [main] DEBUG org.apache.hc.client5.http.headers -- http-outgoing-0 << Api-Version: 1.44
17:18:14.083 [main] DEBUG org.apache.hc.client5.http.headers -- http-outgoing-0 << Docker-Experimental: false
17:18:14.083 [main] DEBUG org.apache.hc.client5.http.headers -- http-outgoing-0 << Ostype: linux
17:18:14.084 [main] DEBUG org.apache.hc.client5.http.headers -- http-outgoing-0 << Server: Docker/25.0.4 (linux)
17:18:14.084 [main] DEBUG org.apache.hc.client5.http.headers -- http-outgoing-0 << Date: Wed, 13 Mar 2024 17:18:14 GMT
17:18:14.084 [main] DEBUG org.apache.hc.client5.http.impl.classic.MainClientExec -- ex-0000000002 connection can be kept alive for 3 MINUTES
17:18:14.084 [main] DEBUG org.apache.hc.client5.http.impl.classic.InternalHttpClient -- ep-0000000002 releasing valid endpoint
17:18:14.085 [main] DEBUG org.apache.hc.client5.http.impl.io.PoolingHttpClientConnectionManager -- ep-0000000002 releasing endpoint
17:18:14.085 [main] DEBUG org.apache.hc.client5.http.impl.io.PoolingHttpClientConnectionManager -- ep-0000000002 connection http-outgoing-0 can be kept alive for 3 MINUTES
17:18:14.085 [main] DEBUG org.apache.hc.client5.http.impl.io.PoolingHttpClientConnectionManager -- ep-0000000002 connection released [route: {}->unix://localhost:2375][total available: 1; route allocated: 1 of 2147483647; total allocated: 1 of 2147483647]
17:18:14.087 [main] DEBUG com.github.dockerjava.core.command.AbstrDockerCmd -- Cmd: 1dbcfb61a975c2d60c268b846b8ba8831b04e8b6d43192752ca250eb004a3f4e,false
17:18:14.088 [main] DEBUG com.github.dockerjava.core.exec.InspectContainerCmdExec -- GET: DefaultWebTarget{path=[/containers/1dbcfb61a975c2d60c268b846b8ba8831b04e8b6d43192752ca250eb004a3f4e/json], queryParams={}}
17:18:14.090 [main] DEBUG org.apache.hc.client5.http.impl.classic.InternalHttpClient -- ex-0000000003 preparing request execution
17:18:14.091 [main] DEBUG org.apache.hc.client5.http.impl.classic.ProtocolExec -- ex-0000000003 target auth state: UNCHALLENGED
17:18:14.091 [main] DEBUG org.apache.hc.client5.http.impl.classic.ProtocolExec -- ex-0000000003 proxy auth state: UNCHALLENGED
17:18:14.091 [main] DEBUG org.apache.hc.client5.http.impl.classic.ConnectExec -- ex-0000000003 acquiring connection with route {}->unix://localhost:2375
17:18:14.091 [main] DEBUG org.apache.hc.client5.http.impl.classic.InternalHttpClient -- ex-0000000003 acquiring endpoint (3 MINUTES)
17:18:14.092 [main] DEBUG org.apache.hc.client5.http.impl.io.PoolingHttpClientConnectionManager -- ex-0000000003 endpoint lease request (3 MINUTES) [route: {}->unix://localhost:2375][total available: 1; route allocated: 1 of 2147483647; total allocated: 1 of 2147483647]
17:18:14.092 [main] DEBUG org.apache.hc.client5.http.impl.io.PoolingHttpClientConnectionManager -- ex-0000000003 endpoint leased [route: {}->unix://localhost:2375][total available: 0; route allocated: 1 of 2147483647; total allocated: 1 of 2147483647]
17:18:14.092 [main] DEBUG org.apache.hc.client5.http.impl.io.PoolingHttpClientConnectionManager -- ex-0000000003 acquired ep-0000000003
17:18:14.093 [main] DEBUG org.apache.hc.client5.http.impl.classic.InternalHttpClient -- ex-0000000003 acquired endpoint ep-0000000003
17:18:14.094 [main] DEBUG org.apache.hc.client5.http.impl.classic.MainClientExec -- ex-0000000003 executing GET /containers/1dbcfb61a975c2d60c268b846b8ba8831b04e8b6d43192752ca250eb004a3f4e/json HTTP/1.1
17:18:14.094 [main] DEBUG org.apache.hc.client5.http.protocol.RequestAddCookies -- ex-0000000003 Cookie spec selected: strict
17:18:14.094 [main] DEBUG org.apache.hc.client5.http.impl.classic.InternalHttpClient -- ep-0000000003 start execution ex-0000000003
17:18:14.094 [main] DEBUG org.apache.hc.client5.http.impl.io.PoolingHttpClientConnectionManager -- ep-0000000003 executing exchange ex-0000000003 over http-outgoing-0
17:18:14.094 [main] DEBUG org.apache.hc.client5.http.headers -- http-outgoing-0 >> GET /containers/1dbcfb61a975c2d60c268b846b8ba8831b04e8b6d43192752ca250eb004a3f4e/json HTTP/1.1
17:18:14.094 [main] DEBUG org.apache.hc.client5.http.headers -- http-outgoing-0 >> accept: application/json
17:18:14.094 [main] DEBUG org.apache.hc.client5.http.headers -- http-outgoing-0 >> Accept-Encoding: gzip, x-gzip, deflate, br
17:18:14.095 [main] DEBUG org.apache.hc.client5.http.headers -- http-outgoing-0 >> Host: localhost:2375
17:18:14.095 [main] DEBUG org.apache.hc.client5.http.headers -- http-outgoing-0 >> Connection: keep-alive
17:18:14.095 [main] DEBUG org.apache.hc.client5.http.headers -- http-outgoing-0 >> User-Agent: Apache-HttpClient/5.2.1 (Java/17.0.8.1)
17:18:14.095 [main] DEBUG org.apache.hc.client5.http.wire -- http-outgoing-0 >> "GET /containers/1dbcfb61a975c2d60c268b846b8ba8831b04e8b6d43192752ca250eb004a3f4e/json HTTP/1.1[\r][\n]"
17:18:14.095 [main] DEBUG org.apache.hc.client5.http.wire -- http-outgoing-0 >> "accept: application/json[\r][\n]"
17:18:14.095 [main] DEBUG org.apache.hc.client5.http.wire -- http-outgoing-0 >> "Accept-Encoding: gzip, x-gzip, deflate, br[\r][\n]"
17:18:14.095 [main] DEBUG org.apache.hc.client5.http.wire -- http-outgoing-0 >> "Host: localhost:2375[\r][\n]"
17:18:14.095 [main] DEBUG org.apache.hc.client5.http.wire -- http-outgoing-0 >> "Connection: keep-alive[\r][\n]"
17:18:14.095 [main] DEBUG org.apache.hc.client5.http.wire -- http-outgoing-0 >> "User-Agent: Apache-HttpClient/5.2.1 (Java/17.0.8.1)[\r][\n]"
17:18:14.095 [main] DEBUG org.apache.hc.client5.http.wire -- http-outgoing-0 >> "[\r][\n]"
17:18:14.096 [main] DEBUG org.apache.hc.client5.http.wire -- http-outgoing-0 << "HTTP/1.1 200 OK[\r][\n]"
17:18:14.096 [main] DEBUG org.apache.hc.client5.http.wire -- http-outgoing-0 << "Api-Version: 1.44[\r][\n]"
17:18:14.097 [main] DEBUG org.apache.hc.client5.http.wire -- http-outgoing-0 << "Content-Type: application/json[\r][\n]"
17:18:14.097 [main] DEBUG org.apache.hc.client5.http.wire -- http-outgoing-0 << "Docker-Experimental: false[\r][\n]"
17:18:14.097 [main] DEBUG org.apache.hc.client5.http.wire -- http-outgoing-0 << "Ostype: linux[\r][\n]"
17:18:14.097 [main] DEBUG org.apache.hc.client5.http.wire -- http-outgoing-0 << "Server: Docker/25.0.4 (linux)[\r][\n]"
17:18:14.097 [main] DEBUG org.apache.hc.client5.http.wire -- http-outgoing-0 << "Date: Wed, 13 Mar 2024 17:18:14 GMT[\r][\n]"
17:18:14.097 [main] DEBUG org.apache.hc.client5.http.wire -- http-outgoing-0 << "Transfer-Encoding: chunked[\r][\n]"
17:18:14.097 [main] DEBUG org.apache.hc.client5.http.wire -- http-outgoing-0 << "[\r][\n]"
17:18:14.097 [main] DEBUG org.apache.hc.client5.http.wire -- http-outgoing-0 << "18f8[\r][\n]"
17:18:14.097 [main] DEBUG org.apache.hc.client5.http.wire -- http-outgoing-0 << "{"Id":"1dbcfb61a975c2d60c268b846b8ba8831b04e8b6d43192752ca250eb004a3f4e","Created":"2024-03-13T17:18:13.72329759Z","Path":"/entrypoint.sh","Args":[],"State":{"Status":"running","Running":true,"Paused":false,"Restarting":false,"OOMKilled":false,"Dead":false,"Pid":36794,"ExitCode":0,"Error":"","StartedAt":"2024-03-13T17:18:14.079348385Z","FinishedAt":"0001-01-01T00:00:00Z"},"Image":"sha256:29a9da21cabe91a64c760931716be5b389b62a086e385e3e8918e33e0bf8f0bd","ResolvConfPath":"/var/lib/docker/containers/1dbcfb61a975c2d60c268b846b8ba8831b04e8b6d43192752ca250eb004a3f4e/resolv.conf","HostnamePath":"/var/lib/docker/containers/1dbcfb61a975c2d60c268b846b8ba8831b04e8b6d43192752ca250eb004a3f4e/hostname","HostsPath":"/var/lib/docker/containers/1dbcfb61a975c2d60c268b846b8ba8831b04e8b6d43192752ca250eb004a3f4e/hosts","LogPath":"/var/lib/docker/containers/1dbcfb61a975c2d60c268b846b8ba8831b04e8b6d43192752ca250eb004a3f4e/1dbcfb61a975c2d60c268b846b8ba8831b04e8b6d43192752ca250eb004a3f4e-json.log","Name":"/zen_meninsky","RestartCount":0,"Driver":"overlay2","Platform":"linux","MountLabel":"","ProcessLabel":"","AppArmorProfile":"docker-default","ExecIDs":null,"HostConfig":{"Binds":[],"ContainerIDFile":"","LogConfig":{"Type":"json-file","Config":{}},"NetworkMode":"bridge","PortBindings":{"4444/tcp":[{"HostIp":"","HostPort":""}]},"RestartPolicy":{"Name":"no","MaximumRetryCount":0},"AutoRemove":false,"VolumeDriver":"","VolumesFrom":null,"ConsoleSize":[0,0],"CapAdd":["SYS_ADMIN"],"CapDrop":null,"CgroupnsMode":"private","Dns":null,"DnsOptions":null,"DnsSearch":null,"ExtraHosts":[],"GroupAdd":null,"IpcMode":"private","Cgroup":"","Links":null,"OomScoreAdj":0,"PidMode":"","Privileged":false,"PublishAllPorts":true,"ReadonlyRootfs":false,"SecurityOpt":null,"UTSMode":"","UsernsMode":"","ShmSize":268435456,"Runtime":"runc","Isolation":"","CpuShares":0,"Memory":0,"NanoCpus":0,"CgroupParent":"","BlkioWeight":0,"BlkioWeightDevice":null,"BlkioDeviceReadBps":null,"BlkioDeviceWriteBps":null,"BlkioDeviceReadIOps":null,"BlkioDeviceWriteIOps":null,"CpuPeriod":0,"CpuQuota":0,"CpuRealtimePeriod":0,"CpuRealtimeRuntime":0,"CpusetCpus":"","CpusetMems":"","Devices":null,"DeviceCgroupRules":null,"DeviceRequests":null,"MemoryReservation":0,"MemorySwap":0,"MemorySwappiness":null,"OomKillDisable":null,"PidsLimit":null,"Ulimits":null,"CpuCount":0,"CpuPercent":0,"IOMaximumIOps":0,"IOMaximumBandwidth":0,"Mounts":[{"Type":"tmpfs","Target":"/tmp","TmpfsOptions":{"SizeBytes":134217728}}],"MaskedPaths":["/proc/asound","/proc/acpi","/proc/kcore","/proc/keys","/proc/latency_stats","/proc/timer_list","/proc/timer_stats","/proc/sched_debug","/proc/scsi","/sys/firmware","/sys/devices/virtual/powercap"],"ReadonlyPaths":["/proc/bus","/proc/fs","/proc/irq","/proc/sys","/proc/sysrq-trigger"]},"GraphDriver":{"Data":{"LowerDir":"/var/lib/docker/overlay2/00063d9f3e801279d965c1002f94f41f10d9d576dede869f943c475f9a413354-init/diff:/var/lib/docker/overlay2/951b49843cc8536d783839b1f7144d14f03ffa5c6ad9b0d3ff93bd920ccac9ba/diff:/var/lib/docker/overlay2/576d821420574a85c50b1617ea38f49c695b3c278e52193c3166c74a726d2fd5/diff:/var/lib/docker/overlay2/8c724ed9be658f5fe815d08e5e804b45c8bcdee9665260b8b161e9def2dcbf93/diff:/var/lib/docker/overlay2/faf237ac27abe2938dc20a9a4a94a2d031a44365f326bb7eb0e9309568692c8d/diff:/var/lib/docker/overlay2/2860efa515a8e5ac5552ffec1dc614e1f5c89bc1c7364e673de49306ef21c9a7/diff:/var/lib/docker/overlay2/448f42eff1a732835c08a46140f39c4223406015c05b2de36491cc0e6d0f3f63/diff:/var/lib/docker/overlay2/5394614a9eeae7ebd3cf038a0eaa78f12f200c0b405dd635aae60a53b090a026/diff:/var/lib/docker/overlay2/b98aeba56083a4ad23a074caa49dffd250c8eaaf1a13214c6ea67bc72d63605e/diff:/var/lib/docker/overlay2/379986c1569e1adda14775b115b7b32e9b19af639266c941fe292791c081def3/diff:/var/lib/docker/overlay2/b2d99f7a85af1ed6ed49038da464b2e431a323f69e0e1b0ff17be415ad97206d/diff:/var/lib/docker/overlay2/1"
17:18:14.098 [main] DEBUG org.apache.hc.client5.http.headers -- http-outgoing-0 << HTTP/1.1 200 OK
17:18:14.098 [main] DEBUG org.apache.hc.client5.http.headers -- http-outgoing-0 << Api-Version: 1.44
17:18:14.098 [main] DEBUG org.apache.hc.client5.http.headers -- http-outgoing-0 << Content-Type: application/json
17:18:14.098 [main] DEBUG org.apache.hc.client5.http.headers -- http-outgoing-0 << Docker-Experimental: false
17:18:14.098 [main] DEBUG org.apache.hc.client5.http.headers -- http-outgoing-0 << Ostype: linux
17:18:14.098 [main] DEBUG org.apache.hc.client5.http.headers -- http-outgoing-0 << Server: Docker/25.0.4 (linux)
17:18:14.099 [main] DEBUG org.apache.hc.client5.http.headers -- http-outgoing-0 << Date: Wed, 13 Mar 2024 17:18:14 GMT
17:18:14.099 [main] DEBUG org.apache.hc.client5.http.headers -- http-outgoing-0 << Transfer-Encoding: chunked
17:18:14.100 [main] DEBUG org.apache.hc.client5.http.impl.classic.MainClientExec -- ex-0000000003 connection can be kept alive for 3 MINUTES
17:18:14.203 [main] DEBUG org.apache.hc.client5.http.wire -- http-outgoing-0 << "a00a1b14a32db7581896e75bb8bd393ea7fb3b36dabacaa45581829addcf768/diff:/var/lib/docker/overlay2/a57c1fc2db1451dd5e6f0f767848aca99868e84c92c4bfd143e2098fa8c40f8f/diff:/var/lib/docker/overlay2/3d58a0078dd2e7e6ef1bf01273daeed913cd35c3688f190987ac365dde688e41/diff","MergedDir":"/var/lib/docker/overlay2/00063d9f3e801279d965c1002f94f41f10d9d576dede869f943c475f9a413354/merged","UpperDir":"/var/lib/docker/overlay2/00063d9f3e801279d965c1002f94f41f10d9d576dede869f943c475f9a413354/diff","WorkDir":"/var/lib/docker/overlay2/00063d9f3e801279d965c1002f94f41f10d9d576dede869f943c475f9a413354/work"},"Name":"overlay2"},"Mounts":[{"Type":"tmpfs","Source":"","Destination":"/tmp","Mode":"","RW":true,"Propagation":""}],"Config":{"Hostname":"1dbcfb61a975","Domainname":"","User":"selenium","AttachStdin":false,"AttachStdout":false,"AttachStderr":false,"ExposedPorts":{"4444/tcp":{}},"Tty":false,"OpenStdin":false,"StdinOnce":false,"Env":["TZ=Etc/UTC","LANGUAGE=EN","SCREEN_RESOLUTION=1280x1080x24","DRIVER_ARGS=--whitelisted-ips= --allowed-origins=*","PATH=/usr/local/sbin:/usr/local/bin:/usr/sbin:/usr/bin:/sbin:/bin","DBUS_SESSION_BUS_ADDRESS=/dev/null"],"Cmd":null,"Image":"selenoid/vnc:chrome_122.0","Volumes":null,"WorkingDir":"","Entrypoint":["/entrypoint.sh"],"OnBuild":null,"Labels":{"browser":"google-chrome-stable:122.0.6261.94-1","driver":"chromedriver:122.0.6261.94","org.opencontainers.image.ref.name":"ubuntu","org.opencontainers.image.version":"22.04"}},"NetworkSettings":{"Bridge":"","SandboxID":"6b1ecb4728d512523c5a53550905ef37b203e400ca6314a9a3e421538b6fbcce","SandboxKey":"/var/run/docker/netns/6b1ecb4728d5","Ports":{"4444/tcp":[{"HostIp":"0.0.0.0","HostPort":"32773"},{"HostIp":"::","HostPort":"32773"}]},"HairpinMode":false,"LinkLocalIPv6Address":"","LinkLocalIPv6PrefixLen":0,"SecondaryIPAddresses":null,"SecondaryIPv6Addresses":null,"EndpointID":"0e491c17048b7b55cf7b478040ad52e0eaa513c98731bab95a9cd13bceaba118","Gateway":"172.17.0.1","GlobalIPv6Address":"","GlobalIPv6PrefixLen":0,"IPAddress":"172.17.0.2","IPPrefixLen":16,"IPv6Gateway":"","MacAddress":"02:42:ac:11:00:02","Networks":{"bridge":{"IPAMConfig":null,"Links":null,"Aliases":null,"MacAddress":"02:42:ac:11:00:02","NetworkID":"e5e460db630a22df1e3505d799b588ff548d0156a92d1b11af41e7e7e936fad0","EndpointID":"0e491c17048b7b55cf7b478040ad52e0eaa513c98731bab95a9cd13bceaba118","Gateway":"172.17.0.1","IPAddress":"172.17.0.2","IPPrefixLen":16,"IPv6Gateway":"","GlobalIPv6Address":"","GlobalIPv6PrefixLen":0,"DriverOpts":null,"DNSNames":null}}}}[\n]"
17:18:14.244 [main] DEBUG org.apache.hc.client5.http.wire -- http-outgoing-0 << "[\r][\n]"
17:18:14.244 [main] DEBUG org.apache.hc.client5.http.wire -- http-outgoing-0 << "0[\r][\n]"
17:18:14.244 [main] DEBUG org.apache.hc.client5.http.wire -- http-outgoing-0 << "[\r][\n]"
17:18:14.245 [main] DEBUG org.apache.hc.client5.http.impl.classic.InternalHttpClient -- ep-0000000003 releasing valid endpoint
17:18:14.245 [main] DEBUG org.apache.hc.client5.http.impl.io.PoolingHttpClientConnectionManager -- ep-0000000003 releasing endpoint
17:18:14.245 [main] DEBUG org.apache.hc.client5.http.impl.io.PoolingHttpClientConnectionManager -- ep-0000000003 connection http-outgoing-0 can be kept alive for 3 MINUTES
17:18:14.245 [main] DEBUG org.apache.hc.client5.http.impl.io.PoolingHttpClientConnectionManager -- ep-0000000003 connection released [route: {}->unix://localhost:2375][total available: 1; route allocated: 1 of 2147483647; total allocated: 1 of 2147483647]
17:18:14.250 [main] DEBUG com.github.dockerjava.core.command.AbstrDockerCmd -- Cmd: 1dbcfb61a975c2d60c268b846b8ba8831b04e8b6d43192752ca250eb004a3f4e,false
17:18:14.251 [main] DEBUG com.github.dockerjava.core.exec.InspectContainerCmdExec -- GET: DefaultWebTarget{path=[/containers/1dbcfb61a975c2d60c268b846b8ba8831b04e8b6d43192752ca250eb004a3f4e/json], queryParams={}}
17:18:14.251 [main] DEBUG org.apache.hc.client5.http.impl.classic.InternalHttpClient -- ex-0000000004 preparing request execution
17:18:14.252 [main] DEBUG org.apache.hc.client5.http.impl.classic.ProtocolExec -- ex-0000000004 target auth state: UNCHALLENGED
17:18:14.252 [main] DEBUG org.apache.hc.client5.http.impl.classic.ProtocolExec -- ex-0000000004 proxy auth state: UNCHALLENGED
17:18:14.252 [main] DEBUG org.apache.hc.client5.http.impl.classic.ConnectExec -- ex-0000000004 acquiring connection with route {}->unix://localhost:2375
17:18:14.252 [main] DEBUG org.apache.hc.client5.http.impl.classic.InternalHttpClient -- ex-0000000004 acquiring endpoint (3 MINUTES)
17:18:14.253 [main] DEBUG org.apache.hc.client5.http.impl.io.PoolingHttpClientConnectionManager -- ex-0000000004 endpoint lease request (3 MINUTES) [route: {}->unix://localhost:2375][total available: 1; route allocated: 1 of 2147483647; total allocated: 1 of 2147483647]
17:18:14.253 [main] DEBUG org.apache.hc.client5.http.impl.io.PoolingHttpClientConnectionManager -- ex-0000000004 endpoint leased [route: {}->unix://localhost:2375][total available: 0; route allocated: 1 of 2147483647; total allocated: 1 of 2147483647]
17:18:14.253 [main] DEBUG org.apache.hc.client5.http.impl.io.PoolingHttpClientConnectionManager -- ex-0000000004 acquired ep-0000000004
17:18:14.253 [main] DEBUG org.apache.hc.client5.http.impl.classic.InternalHttpClient -- ex-0000000004 acquired endpoint ep-0000000004
17:18:14.253 [main] DEBUG org.apache.hc.client5.http.impl.classic.MainClientExec -- ex-0000000004 executing GET /containers/1dbcfb61a975c2d60c268b846b8ba8831b04e8b6d43192752ca250eb004a3f4e/json HTTP/1.1
17:18:14.253 [main] DEBUG org.apache.hc.client5.http.protocol.RequestAddCookies -- ex-0000000004 Cookie spec selected: strict
17:18:14.253 [main] DEBUG org.apache.hc.client5.http.impl.classic.InternalHttpClient -- ep-0000000004 start execution ex-0000000004
17:18:14.253 [main] DEBUG org.apache.hc.client5.http.impl.io.PoolingHttpClientConnectionManager -- ep-0000000004 executing exchange ex-0000000004 over http-outgoing-0
17:18:14.254 [main] DEBUG org.apache.hc.client5.http.headers -- http-outgoing-0 >> GET /containers/1dbcfb61a975c2d60c268b846b8ba8831b04e8b6d43192752ca250eb004a3f4e/json HTTP/1.1
17:18:14.254 [main] DEBUG org.apache.hc.client5.http.headers -- http-outgoing-0 >> accept: application/json
17:18:14.254 [main] DEBUG org.apache.hc.client5.http.headers -- http-outgoing-0 >> Accept-Encoding: gzip, x-gzip, deflate, br
17:18:14.254 [main] DEBUG org.apache.hc.client5.http.headers -- http-outgoing-0 >> Host: localhost:2375
17:18:14.254 [main] DEBUG org.apache.hc.client5.http.headers -- http-outgoing-0 >> Connection: keep-alive
17:18:14.254 [main] DEBUG org.apache.hc.client5.http.headers -- http-outgoing-0 >> User-Agent: Apache-HttpClient/5.2.1 (Java/17.0.8.1)
17:18:14.254 [main] DEBUG org.apache.hc.client5.http.wire -- http-outgoing-0 >> "GET /containers/1dbcfb61a975c2d60c268b846b8ba8831b04e8b6d43192752ca250eb004a3f4e/json HTTP/1.1[\r][\n]"
17:18:14.254 [main] DEBUG org.apache.hc.client5.http.wire -- http-outgoing-0 >> "accept: application/json[\r][\n]"
17:18:14.254 [main] DEBUG org.apache.hc.client5.http.wire -- http-outgoing-0 >> "Accept-Encoding: gzip, x-gzip, deflate, br[\r][\n]"
17:18:14.254 [main] DEBUG org.apache.hc.client5.http.wire -- http-outgoing-0 >> "Host: localhost:2375[\r][\n]"
17:18:14.254 [main] DEBUG org.apache.hc.client5.http.wire -- http-outgoing-0 >> "Connection: keep-alive[\r][\n]"
17:18:14.254 [main] DEBUG org.apache.hc.client5.http.wire -- http-outgoing-0 >> "User-Agent: Apache-HttpClient/5.2.1 (Java/17.0.8.1)[\r][\n]"
17:18:14.254 [main] DEBUG org.apache.hc.client5.http.wire -- http-outgoing-0 >> "[\r][\n]"
17:18:14.255 [main] DEBUG org.apache.hc.client5.http.wire -- http-outgoing-0 << "HTTP/1.1 200 OK[\r][\n]"
17:18:14.255 [main] DEBUG org.apache.hc.client5.http.wire -- http-outgoing-0 << "Api-Version: 1.44[\r][\n]"
17:18:14.255 [main] DEBUG org.apache.hc.client5.http.wire -- http-outgoing-0 << "Content-Type: application/json[\r][\n]"
17:18:14.255 [main] DEBUG org.apache.hc.client5.http.wire -- http-outgoing-0 << "Docker-Experimental: false[\r][\n]"
17:18:14.256 [main] DEBUG org.apache.hc.client5.http.wire -- http-outgoing-0 << "Ostype: linux[\r][\n]"
17:18:14.256 [main] DEBUG org.apache.hc.client5.http.wire -- http-outgoing-0 << "Server: Docker/25.0.4 (linux)[\r][\n]"
17:18:14.256 [main] DEBUG org.apache.hc.client5.http.wire -- http-outgoing-0 << "Date: Wed, 13 Mar 2024 17:18:14 GMT[\r][\n]"
17:18:14.256 [main] DEBUG org.apache.hc.client5.http.wire -- http-outgoing-0 << "Transfer-Encoding: chunked[\r][\n]"
17:18:14.256 [main] DEBUG org.apache.hc.client5.http.wire -- http-outgoing-0 << "[\r][\n]"
17:18:14.256 [main] DEBUG org.apache.hc.client5.http.wire -- http-outgoing-0 << "18f8[\r][\n]"
17:18:14.256 [main] DEBUG org.apache.hc.client5.http.wire -- http-outgoing-0 << "{"Id":"1dbcfb61a975c2d60c268b846b8ba8831b04e8b6d43192752ca250eb004a3f4e","Created":"2024-03-13T17:18:13.72329759Z","Path":"/entrypoint.sh","Args":[],"State":{"Status":"running","Running":true,"Paused":false,"Restarting":false,"OOMKilled":false,"Dead":false,"Pid":36794,"ExitCode":0,"Error":"","StartedAt":"2024-03-13T17:18:14.079348385Z","FinishedAt":"0001-01-01T00:00:00Z"},"Image":"sha256:29a9da21cabe91a64c760931716be5b389b62a086e385e3e8918e33e0bf8f0bd","ResolvConfPath":"/var/lib/docker/containers/1dbcfb61a975c2d60c268b846b8ba8831b04e8b6d43192752ca250eb004a3f4e/resolv.conf","HostnamePath":"/var/lib/docker/containers/1dbcfb61a975c2d60c268b846b8ba8831b04e8b6d43192752ca250eb004a3f4e/hostname","HostsPath":"/var/lib/docker/containers/1dbcfb61a975c2d60c268b846b8ba8831b04e8b6d43192752ca250eb004a3f4e/hosts","LogPath":"/var/lib/docker/containers/1dbcfb61a975c2d60c268b846b8ba8831b04e8b6d43192752ca250eb004a3f4e/1dbcfb61a975c2d60c268b846b8ba8831b04e8b6d43192752ca250eb004a3f4e-json.log","Name":"/zen_meninsky","RestartCount":0,"Driver":"overlay2","Platform":"linux","MountLabel":"","ProcessLabel":"","AppArmorProfile":"docker-default","ExecIDs":null,"HostConfig":{"Binds":[],"ContainerIDFile":"","LogConfig":{"Type":"json-file","Config":{}},"NetworkMode":"bridge","PortBindings":{"4444/tcp":[{"HostIp":"","HostPort":""}]},"RestartPolicy":{"Name":"no","MaximumRetryCount":0},"AutoRemove":false,"VolumeDriver":"","VolumesFrom":null,"ConsoleSize":[0,0],"CapAdd":["SYS_ADMIN"],"CapDrop":null,"CgroupnsMode":"private","Dns":null,"DnsOptions":null,"DnsSearch":null,"ExtraHosts":[],"GroupAdd":null,"IpcMode":"private","Cgroup":"","Links":null,"OomScoreAdj":0,"PidMode":"","Privileged":false,"PublishAllPorts":true,"ReadonlyRootfs":false,"SecurityOpt":null,"UTSMode":"","UsernsMode":"","ShmSize":268435456,"Runtime":"runc","Isolation":"","CpuShares":0,"Memory":0,"NanoCpus":0,"CgroupParent":"","BlkioWeight":0,"BlkioWeightDevice":null,"BlkioDeviceReadBps":null,"BlkioDeviceWriteBps":null,"BlkioDeviceReadIOps":null,"BlkioDeviceWriteIOps":null,"CpuPeriod":0,"CpuQuota":0,"CpuRealtimePeriod":0,"CpuRealtimeRuntime":0,"CpusetCpus":"","CpusetMems":"","Devices":null,"DeviceCgroupRules":null,"DeviceRequests":null,"MemoryReservation":0,"MemorySwap":0,"MemorySwappiness":null,"OomKillDisable":null,"PidsLimit":null,"Ulimits":null,"CpuCount":0,"CpuPercent":0,"IOMaximumIOps":0,"IOMaximumBandwidth":0,"Mounts":[{"Type":"tmpfs","Target":"/tmp","TmpfsOptions":{"SizeBytes":134217728}}],"MaskedPaths":["/proc/asound","/proc/acpi","/proc/kcore","/proc/keys","/proc/latency_stats","/proc/timer_list","/proc/timer_stats","/proc/sched_debug","/proc/scsi","/sys/firmware","/sys/devices/virtual/powercap"],"ReadonlyPaths":["/proc/bus","/proc/fs","/proc/irq","/proc/sys","/proc/sysrq-trigger"]},"GraphDriver":{"Data":{"LowerDir":"/var/lib/docker/overlay2/00063d9f3e801279d965c1002f94f41f10d9d576dede869f943c475f9a413354-init/diff:/var/lib/docker/overlay2/951b49843cc8536d783839b1f7144d14f03ffa5c6ad9b0d3ff93bd920ccac9ba/diff:/var/lib/docker/overlay2/576d821420574a85c50b1617ea38f49c695b3c278e52193c3166c74a726d2fd5/diff:/var/lib/docker/overlay2/8c724ed9be658f5fe815d08e5e804b45c8bcdee9665260b8b161e9def2dcbf93/diff:/var/lib/docker/overlay2/faf237ac27abe2938dc20a9a4a94a2d031a44365f326bb7eb0e9309568692c8d/diff:/var/lib/docker/overlay2/2860efa515a8e5ac5552ffec1dc614e1f5c89bc1c7364e673de49306ef21c9a7/diff:/var/lib/docker/overlay2/448f42eff1a732835c08a46140f39c4223406015c05b2de36491cc0e6d0f3f63/diff:/var/lib/docker/overlay2/5394614a9eeae7ebd3cf038a0eaa78f12f200c0b405dd635aae60a53b090a026/diff:/var/lib/docker/overlay2/b98aeba56083a4ad23a074caa49dffd250c8eaaf1a13214c6ea67bc72d63605e/diff:/var/lib/docker/overlay2/379986c1569e1adda14775b115b7b32e9b19af639266c941fe292791c081def3/diff:/var/lib/docker/overlay2/b2d99f7a85af1ed6ed49038da464b2e431a323f69e0e1b0ff17be415ad97206d/diff:/var/lib/docker/overlay2/1"
17:18:14.257 [main] DEBUG org.apache.hc.client5.http.headers -- http-outgoing-0 << HTTP/1.1 200 OK
17:18:14.257 [main] DEBUG org.apache.hc.client5.http.headers -- http-outgoing-0 << Api-Version: 1.44
17:18:14.257 [main] DEBUG org.apache.hc.client5.http.headers -- http-outgoing-0 << Content-Type: application/json
17:18:14.257 [main] DEBUG org.apache.hc.client5.http.headers -- http-outgoing-0 << Docker-Experimental: false
17:18:14.257 [main] DEBUG org.apache.hc.client5.http.headers -- http-outgoing-0 << Ostype: linux
17:18:14.257 [main] DEBUG org.apache.hc.client5.http.headers -- http-outgoing-0 << Server: Docker/25.0.4 (linux)
17:18:14.257 [main] DEBUG org.apache.hc.client5.http.headers -- http-outgoing-0 << Date: Wed, 13 Mar 2024 17:18:14 GMT
17:18:14.257 [main] DEBUG org.apache.hc.client5.http.headers -- http-outgoing-0 << Transfer-Encoding: chunked
17:18:14.257 [main] DEBUG org.apache.hc.client5.http.impl.classic.MainClientExec -- ex-0000000004 connection can be kept alive for 3 MINUTES
17:18:14.259 [main] DEBUG org.apache.hc.client5.http.wire -- http-outgoing-0 << "a00a1b14a32db7581896e75bb8bd393ea7fb3b36dabacaa45581829addcf768/diff:/var/lib/docker/overlay2/a57c1fc2db1451dd5e6f0f767848aca99868e84c92c4bfd143e2098fa8c40f8f/diff:/var/lib/docker/overlay2/3d58a0078dd2e7e6ef1bf01273daeed913cd35c3688f190987ac365dde688e41/diff","MergedDir":"/var/lib/docker/overlay2/00063d9f3e801279d965c1002f94f41f10d9d576dede869f943c475f9a413354/merged","UpperDir":"/var/lib/docker/overlay2/00063d9f3e801279d965c1002f94f41f10d9d576dede869f943c475f9a413354/diff","WorkDir":"/var/lib/docker/overlay2/00063d9f3e801279d965c1002f94f41f10d9d576dede869f943c475f9a413354/work"},"Name":"overlay2"},"Mounts":[{"Type":"tmpfs","Source":"","Destination":"/tmp","Mode":"","RW":true,"Propagation":""}],"Config":{"Hostname":"1dbcfb61a975","Domainname":"","User":"selenium","AttachStdin":false,"AttachStdout":false,"AttachStderr":false,"ExposedPorts":{"4444/tcp":{}},"Tty":false,"OpenStdin":false,"StdinOnce":false,"Env":["TZ=Etc/UTC","LANGUAGE=EN","SCREEN_RESOLUTION=1280x1080x24","DRIVER_ARGS=--whitelisted-ips= --allowed-origins=*","PATH=/usr/local/sbin:/usr/local/bin:/usr/sbin:/usr/bin:/sbin:/bin","DBUS_SESSION_BUS_ADDRESS=/dev/null"],"Cmd":null,"Image":"selenoid/vnc:chrome_122.0","Volumes":null,"WorkingDir":"","Entrypoint":["/entrypoint.sh"],"OnBuild":null,"Labels":{"browser":"google-chrome-stable:122.0.6261.94-1","driver":"chromedriver:122.0.6261.94","org.opencontainers.image.ref.name":"ubuntu","org.opencontainers.image.version":"22.04"}},"NetworkSettings":{"Bridge":"","SandboxID":"6b1ecb4728d512523c5a53550905ef37b203e400ca6314a9a3e421538b6fbcce","SandboxKey":"/var/run/docker/netns/6b1ecb4728d5","Ports":{"4444/tcp":[{"HostIp":"0.0.0.0","HostPort":"32773"},{"HostIp":"::","HostPort":"32773"}]},"HairpinMode":false,"LinkLocalIPv6Address":"","LinkLocalIPv6PrefixLen":0,"SecondaryIPAddresses":null,"SecondaryIPv6Addresses":null,"EndpointID":"0e491c17048b7b55cf7b478040ad52e0eaa513c98731bab95a9cd13bceaba118","Gateway":"172.17.0.1","GlobalIPv6Address":"","GlobalIPv6PrefixLen":0,"IPAddress":"172.17.0.2","IPPrefixLen":16,"IPv6Gateway":"","MacAddress":"02:42:ac:11:00:02","Networks":{"bridge":{"IPAMConfig":null,"Links":null,"Aliases":null,"MacAddress":"02:42:ac:11:00:02","NetworkID":"e5e460db630a22df1e3505d799b588ff548d0156a92d1b11af41e7e7e936fad0","EndpointID":"0e491c17048b7b55cf7b478040ad52e0eaa513c98731bab95a9cd13bceaba118","Gateway":"172.17.0.1","IPAddress":"172.17.0.2","IPPrefixLen":16,"IPv6Gateway":"","GlobalIPv6Address":"","GlobalIPv6PrefixLen":0,"DriverOpts":null,"DNSNames":null}}}}[\n]"
17:18:14.262 [main] DEBUG org.apache.hc.client5.http.wire -- http-outgoing-0 << "[\r][\n]"
17:18:14.263 [main] DEBUG org.apache.hc.client5.http.wire -- http-outgoing-0 << "0[\r][\n]"
17:18:14.263 [main] DEBUG org.apache.hc.client5.http.wire -- http-outgoing-0 << "[\r][\n]"
17:18:14.263 [main] DEBUG org.apache.hc.client5.http.impl.classic.InternalHttpClient -- ep-0000000004 releasing valid endpoint
17:18:14.263 [main] DEBUG org.apache.hc.client5.http.impl.io.PoolingHttpClientConnectionManager -- ep-0000000004 releasing endpoint
17:18:14.263 [main] DEBUG org.apache.hc.client5.http.impl.io.PoolingHttpClientConnectionManager -- ep-0000000004 connection http-outgoing-0 can be kept alive for 3 MINUTES
17:18:14.263 [main] DEBUG org.apache.hc.client5.http.impl.io.PoolingHttpClientConnectionManager -- ep-0000000004 connection released [route: {}->unix://localhost:2375][total available: 1; route allocated: 1 of 2147483647; total allocated: 1 of 2147483647]
17:18:14.263 [main] DEBUG com.github.dockerjava.core.command.AbstrDockerCmd -- Cmd: 1dbcfb61a975c2d60c268b846b8ba8831b04e8b6d43192752ca250eb004a3f4e,false
17:18:14.264 [main] DEBUG com.github.dockerjava.core.exec.InspectContainerCmdExec -- GET: DefaultWebTarget{path=[/containers/1dbcfb61a975c2d60c268b846b8ba8831b04e8b6d43192752ca250eb004a3f4e/json], queryParams={}}
17:18:14.264 [main] DEBUG org.apache.hc.client5.http.impl.classic.InternalHttpClient -- ex-0000000005 preparing request execution
17:18:14.265 [main] DEBUG org.apache.hc.client5.http.impl.classic.ProtocolExec -- ex-0000000005 target auth state: UNCHALLENGED
17:18:14.265 [main] DEBUG org.apache.hc.client5.http.impl.classic.ProtocolExec -- ex-0000000005 proxy auth state: UNCHALLENGED
17:18:14.265 [main] DEBUG org.apache.hc.client5.http.impl.classic.ConnectExec -- ex-0000000005 acquiring connection with route {}->unix://localhost:2375
17:18:14.265 [main] DEBUG org.apache.hc.client5.http.impl.classic.InternalHttpClient -- ex-0000000005 acquiring endpoint (3 MINUTES)
17:18:14.265 [main] DEBUG org.apache.hc.client5.http.impl.io.PoolingHttpClientConnectionManager -- ex-0000000005 endpoint lease request (3 MINUTES) [route: {}->unix://localhost:2375][total available: 1; route allocated: 1 of 2147483647; total allocated: 1 of 2147483647]
17:18:14.266 [main] DEBUG org.apache.hc.client5.http.impl.io.PoolingHttpClientConnectionManager -- ex-0000000005 endpoint leased [route: {}->unix://localhost:2375][total available: 0; route allocated: 1 of 2147483647; total allocated: 1 of 2147483647]
17:18:14.266 [main] DEBUG org.apache.hc.client5.http.impl.io.PoolingHttpClientConnectionManager -- ex-0000000005 acquired ep-0000000005
17:18:14.266 [main] DEBUG org.apache.hc.client5.http.impl.classic.InternalHttpClient -- ex-0000000005 acquired endpoint ep-0000000005
17:18:14.266 [main] DEBUG org.apache.hc.client5.http.impl.classic.MainClientExec -- ex-0000000005 executing GET /containers/1dbcfb61a975c2d60c268b846b8ba8831b04e8b6d43192752ca250eb004a3f4e/json HTTP/1.1
17:18:14.266 [main] DEBUG org.apache.hc.client5.http.protocol.RequestAddCookies -- ex-0000000005 Cookie spec selected: strict
17:18:14.266 [main] DEBUG org.apache.hc.client5.http.impl.classic.InternalHttpClient -- ep-0000000005 start execution ex-0000000005
17:18:14.267 [main] DEBUG org.apache.hc.client5.http.impl.io.PoolingHttpClientConnectionManager -- ep-0000000005 executing exchange ex-0000000005 over http-outgoing-0
17:18:14.267 [main] DEBUG org.apache.hc.client5.http.headers -- http-outgoing-0 >> GET /containers/1dbcfb61a975c2d60c268b846b8ba8831b04e8b6d43192752ca250eb004a3f4e/json HTTP/1.1
17:18:14.267 [main] DEBUG org.apache.hc.client5.http.headers -- http-outgoing-0 >> accept: application/json
17:18:14.267 [main] DEBUG org.apache.hc.client5.http.headers -- http-outgoing-0 >> Accept-Encoding: gzip, x-gzip, deflate, br
17:18:14.267 [main] DEBUG org.apache.hc.client5.http.headers -- http-outgoing-0 >> Host: localhost:2375
17:18:14.267 [main] DEBUG org.apache.hc.client5.http.headers -- http-outgoing-0 >> Connection: keep-alive
17:18:14.267 [main] DEBUG org.apache.hc.client5.http.headers -- http-outgoing-0 >> User-Agent: Apache-HttpClient/5.2.1 (Java/17.0.8.1)
17:18:14.267 [main] DEBUG org.apache.hc.client5.http.wire -- http-outgoing-0 >> "GET /containers/1dbcfb61a975c2d60c268b846b8ba8831b04e8b6d43192752ca250eb004a3f4e/json HTTP/1.1[\r][\n]"
17:18:14.268 [main] DEBUG org.apache.hc.client5.http.wire -- http-outgoing-0 >> "accept: application/json[\r][\n]"
17:18:14.268 [main] DEBUG org.apache.hc.client5.http.wire -- http-outgoing-0 >> "Accept-Encoding: gzip, x-gzip, deflate, br[\r][\n]"
17:18:14.268 [main] DEBUG org.apache.hc.client5.http.wire -- http-outgoing-0 >> "Host: localhost:2375[\r][\n]"
17:18:14.268 [main] DEBUG org.apache.hc.client5.http.wire -- http-outgoing-0 >> "Connection: keep-alive[\r][\n]"
17:18:14.268 [main] DEBUG org.apache.hc.client5.http.wire -- http-outgoing-0 >> "User-Agent: Apache-HttpClient/5.2.1 (Java/17.0.8.1)[\r][\n]"
17:18:14.268 [main] DEBUG org.apache.hc.client5.http.wire -- http-outgoing-0 >> "[\r][\n]"
17:18:14.269 [main] DEBUG org.apache.hc.client5.http.wire -- http-outgoing-0 << "HTTP/1.1 200 OK[\r][\n]"
17:18:14.269 [main] DEBUG org.apache.hc.client5.http.wire -- http-outgoing-0 << "Api-Version: 1.44[\r][\n]"
17:18:14.269 [main] DEBUG org.apache.hc.client5.http.wire -- http-outgoing-0 << "Content-Type: application/json[\r][\n]"
17:18:14.269 [main] DEBUG org.apache.hc.client5.http.wire -- http-outgoing-0 << "Docker-Experimental: false[\r][\n]"
17:18:14.269 [main] DEBUG org.apache.hc.client5.http.wire -- http-outgoing-0 << "Ostype: linux[\r][\n]"
17:18:14.269 [main] DEBUG org.apache.hc.client5.http.wire -- http-outgoing-0 << "Server: Docker/25.0.4 (linux)[\r][\n]"
17:18:14.269 [main] DEBUG org.apache.hc.client5.http.wire -- http-outgoing-0 << "Date: Wed, 13 Mar 2024 17:18:14 GMT[\r][\n]"
17:18:14.269 [main] DEBUG org.apache.hc.client5.http.wire -- http-outgoing-0 << "Transfer-Encoding: chunked[\r][\n]"
17:18:14.269 [main] DEBUG org.apache.hc.client5.http.wire -- http-outgoing-0 << "[\r][\n]"
17:18:14.270 [main] DEBUG org.apache.hc.client5.http.wire -- http-outgoing-0 << "18f8[\r][\n]"
17:18:14.270 [main] DEBUG org.apache.hc.client5.http.wire -- http-outgoing-0 << "{"Id":"1dbcfb61a975c2d60c268b846b8ba8831b04e8b6d43192752ca250eb004a3f4e","Created":"2024-03-13T17:18:13.72329759Z","Path":"/entrypoint.sh","Args":[],"State":{"Status":"running","Running":true,"Paused":false,"Restarting":false,"OOMKilled":false,"Dead":false,"Pid":36794,"ExitCode":0,"Error":"","StartedAt":"2024-03-13T17:18:14.079348385Z","FinishedAt":"0001-01-01T00:00:00Z"},"Image":"sha256:29a9da21cabe91a64c760931716be5b389b62a086e385e3e8918e33e0bf8f0bd","ResolvConfPath":"/var/lib/docker/containers/1dbcfb61a975c2d60c268b846b8ba8831b04e8b6d43192752ca250eb004a3f4e/resolv.conf","HostnamePath":"/var/lib/docker/containers/1dbcfb61a975c2d60c268b846b8ba8831b04e8b6d43192752ca250eb004a3f4e/hostname","HostsPath":"/var/lib/docker/containers/1dbcfb61a975c2d60c268b846b8ba8831b04e8b6d43192752ca250eb004a3f4e/hosts","LogPath":"/var/lib/docker/containers/1dbcfb61a975c2d60c268b846b8ba8831b04e8b6d43192752ca250eb004a3f4e/1dbcfb61a975c2d60c268b846b8ba8831b04e8b6d43192752ca250eb004a3f4e-json.log","Name":"/zen_meninsky","RestartCount":0,"Driver":"overlay2","Platform":"linux","MountLabel":"","ProcessLabel":"","AppArmorProfile":"docker-default","ExecIDs":null,"HostConfig":{"Binds":[],"ContainerIDFile":"","LogConfig":{"Type":"json-file","Config":{}},"NetworkMode":"bridge","PortBindings":{"4444/tcp":[{"HostIp":"","HostPort":""}]},"RestartPolicy":{"Name":"no","MaximumRetryCount":0},"AutoRemove":false,"VolumeDriver":"","VolumesFrom":null,"ConsoleSize":[0,0],"CapAdd":["SYS_ADMIN"],"CapDrop":null,"CgroupnsMode":"private","Dns":null,"DnsOptions":null,"DnsSearch":null,"ExtraHosts":[],"GroupAdd":null,"IpcMode":"private","Cgroup":"","Links":null,"OomScoreAdj":0,"PidMode":"","Privileged":false,"PublishAllPorts":true,"ReadonlyRootfs":false,"SecurityOpt":null,"UTSMode":"","UsernsMode":"","ShmSize":268435456,"Runtime":"runc","Isolation":"","CpuShares":0,"Memory":0,"NanoCpus":0,"CgroupParent":"","BlkioWeight":0,"BlkioWeightDevice":null,"BlkioDeviceReadBps":null,"BlkioDeviceWriteBps":null,"BlkioDeviceReadIOps":null,"BlkioDeviceWriteIOps":null,"CpuPeriod":0,"CpuQuota":0,"CpuRealtimePeriod":0,"CpuRealtimeRuntime":0,"CpusetCpus":"","CpusetMems":"","Devices":null,"DeviceCgroupRules":null,"DeviceRequests":null,"MemoryReservation":0,"MemorySwap":0,"MemorySwappiness":null,"OomKillDisable":null,"PidsLimit":null,"Ulimits":null,"CpuCount":0,"CpuPercent":0,"IOMaximumIOps":0,"IOMaximumBandwidth":0,"Mounts":[{"Type":"tmpfs","Target":"/tmp","TmpfsOptions":{"SizeBytes":134217728}}],"MaskedPaths":["/proc/asound","/proc/acpi","/proc/kcore","/proc/keys","/proc/latency_stats","/proc/timer_list","/proc/timer_stats","/proc/sched_debug","/proc/scsi","/sys/firmware","/sys/devices/virtual/powercap"],"ReadonlyPaths":["/proc/bus","/proc/fs","/proc/irq","/proc/sys","/proc/sysrq-trigger"]},"GraphDriver":{"Data":{"LowerDir":"/var/lib/docker/overlay2/00063d9f3e801279d965c1002f94f41f10d9d576dede869f943c475f9a413354-init/diff:/var/lib/docker/overlay2/951b49843cc8536d783839b1f7144d14f03ffa5c6ad9b0d3ff93bd920ccac9ba/diff:/var/lib/docker/overlay2/576d821420574a85c50b1617ea38f49c695b3c278e52193c3166c74a726d2fd5/diff:/var/lib/docker/overlay2/8c724ed9be658f5fe815d08e5e804b45c8bcdee9665260b8b161e9def2dcbf93/diff:/var/lib/docker/overlay2/faf237ac27abe2938dc20a9a4a94a2d031a44365f326bb7eb0e9309568692c8d/diff:/var/lib/docker/overlay2/2860efa515a8e5ac5552ffec1dc614e1f5c89bc1c7364e673de49306ef21c9a7/diff:/var/lib/docker/overlay2/448f42eff1a732835c08a46140f39c4223406015c05b2de36491cc0e6d0f3f63/diff:/var/lib/docker/overlay2/5394614a9eeae7ebd3cf038a0eaa78f12f200c0b405dd635aae60a53b090a026/diff:/var/lib/docker/overlay2/b98aeba56083a4ad23a074caa49dffd250c8eaaf1a13214c6ea67bc72d63605e/diff:/var/lib/docker/overlay2/379986c1569e1adda14775b115b7b32e9b19af639266c941fe292791c081def3/diff:/var/lib/docker/overlay2/b2d99f7a85af1ed6ed49038da464b2e431a323f69e0e1b0ff17be415ad97206d/diff:/var/lib/docker/overlay2/1"
17:18:14.270 [main] DEBUG org.apache.hc.client5.http.headers -- http-outgoing-0 << HTTP/1.1 200 OK
17:18:14.270 [main] DEBUG org.apache.hc.client5.http.headers -- http-outgoing-0 << Api-Version: 1.44
17:18:14.270 [main] DEBUG org.apache.hc.client5.http.headers -- http-outgoing-0 << Content-Type: application/json
17:18:14.270 [main] DEBUG org.apache.hc.client5.http.headers -- http-outgoing-0 << Docker-Experimental: false
17:18:14.270 [main] DEBUG org.apache.hc.client5.http.headers -- http-outgoing-0 << Ostype: linux
17:18:14.271 [main] DEBUG org.apache.hc.client5.http.headers -- http-outgoing-0 << Server: Docker/25.0.4 (linux)
17:18:14.271 [main] DEBUG org.apache.hc.client5.http.headers -- http-outgoing-0 << Date: Wed, 13 Mar 2024 17:18:14 GMT
17:18:14.271 [main] DEBUG org.apache.hc.client5.http.headers -- http-outgoing-0 << Transfer-Encoding: chunked
17:18:14.271 [main] DEBUG org.apache.hc.client5.http.impl.classic.MainClientExec -- ex-0000000005 connection can be kept alive for 3 MINUTES
17:18:14.272 [main] DEBUG org.apache.hc.client5.http.wire -- http-outgoing-0 << "a00a1b14a32db7581896e75bb8bd393ea7fb3b36dabacaa45581829addcf768/diff:/var/lib/docker/overlay2/a57c1fc2db1451dd5e6f0f767848aca99868e84c92c4bfd143e2098fa8c40f8f/diff:/var/lib/docker/overlay2/3d58a0078dd2e7e6ef1bf01273daeed913cd35c3688f190987ac365dde688e41/diff","MergedDir":"/var/lib/docker/overlay2/00063d9f3e801279d965c1002f94f41f10d9d576dede869f943c475f9a413354/merged","UpperDir":"/var/lib/docker/overlay2/00063d9f3e801279d965c1002f94f41f10d9d576dede869f943c475f9a413354/diff","WorkDir":"/var/lib/docker/overlay2/00063d9f3e801279d965c1002f94f41f10d9d576dede869f943c475f9a413354/work"},"Name":"overlay2"},"Mounts":[{"Type":"tmpfs","Source":"","Destination":"/tmp","Mode":"","RW":true,"Propagation":""}],"Config":{"Hostname":"1dbcfb61a975","Domainname":"","User":"selenium","AttachStdin":false,"AttachStdout":false,"AttachStderr":false,"ExposedPorts":{"4444/tcp":{}},"Tty":false,"OpenStdin":false,"StdinOnce":false,"Env":["TZ=Etc/UTC","LANGUAGE=EN","SCREEN_RESOLUTION=1280x1080x24","DRIVER_ARGS=--whitelisted-ips= --allowed-origins=*","PATH=/usr/local/sbin:/usr/local/bin:/usr/sbin:/usr/bin:/sbin:/bin","DBUS_SESSION_BUS_ADDRESS=/dev/null"],"Cmd":null,"Image":"selenoid/vnc:chrome_122.0","Volumes":null,"WorkingDir":"","Entrypoint":["/entrypoint.sh"],"OnBuild":null,"Labels":{"browser":"google-chrome-stable:122.0.6261.94-1","driver":"chromedriver:122.0.6261.94","org.opencontainers.image.ref.name":"ubuntu","org.opencontainers.image.version":"22.04"}},"NetworkSettings":{"Bridge":"","SandboxID":"6b1ecb4728d512523c5a53550905ef37b203e400ca6314a9a3e421538b6fbcce","SandboxKey":"/var/run/docker/netns/6b1ecb4728d5","Ports":{"4444/tcp":[{"HostIp":"0.0.0.0","HostPort":"32773"},{"HostIp":"::","HostPort":"32773"}]},"HairpinMode":false,"LinkLocalIPv6Address":"","LinkLocalIPv6PrefixLen":0,"SecondaryIPAddresses":null,"SecondaryIPv6Addresses":null,"EndpointID":"0e491c17048b7b55cf7b478040ad52e0eaa513c98731bab95a9cd13bceaba118","Gateway":"172.17.0.1","GlobalIPv6Address":"","GlobalIPv6PrefixLen":0,"IPAddress":"172.17.0.2","IPPrefixLen":16,"IPv6Gateway":"","MacAddress":"02:42:ac:11:00:02","Networks":{"bridge":{"IPAMConfig":null,"Links":null,"Aliases":null,"MacAddress":"02:42:ac:11:00:02","NetworkID":"e5e460db630a22df1e3505d799b588ff548d0156a92d1b11af41e7e7e936fad0","EndpointID":"0e491c17048b7b55cf7b478040ad52e0eaa513c98731bab95a9cd13bceaba118","Gateway":"172.17.0.1","IPAddress":"172.17.0.2","IPPrefixLen":16,"IPv6Gateway":"","GlobalIPv6Address":"","GlobalIPv6PrefixLen":0,"DriverOpts":null,"DNSNames":null}}}}[\n]"
17:18:14.275 [main] DEBUG org.apache.hc.client5.http.wire -- http-outgoing-0 << "[\r][\n]"
17:18:14.275 [main] DEBUG org.apache.hc.client5.http.wire -- http-outgoing-0 << "0[\r][\n]"
17:18:14.275 [main] DEBUG org.apache.hc.client5.http.wire -- http-outgoing-0 << "[\r][\n]"
17:18:14.275 [main] DEBUG org.apache.hc.client5.http.impl.classic.InternalHttpClient -- ep-0000000005 releasing valid endpoint
17:18:14.275 [main] DEBUG org.apache.hc.client5.http.impl.io.PoolingHttpClientConnectionManager -- ep-0000000005 releasing endpoint
17:18:14.275 [main] DEBUG org.apache.hc.client5.http.impl.io.PoolingHttpClientConnectionManager -- ep-0000000005 connection http-outgoing-0 can be kept alive for 3 MINUTES
17:18:14.275 [main] DEBUG org.apache.hc.client5.http.impl.io.PoolingHttpClientConnectionManager -- ep-0000000005 connection released [route: {}->unix://localhost:2375][total available: 1; route allocated: 1 of 2147483647; total allocated: 1 of 2147483647]
17:18:14.281 [main] DEBUG io.github.bonigarcia.wdm.webdriver.WebDriverCreator -- Creating WebDriver object for chrome at http://localhost:32773/ with Capabilities {browserName: chrome, goog:chromeOptions: {args: [--disable-gpu, --no-sandbox], extensions: []}}
17:18:16.070 [main] DEBUG io.github.bonigarcia.wdm.webdriver.WebDriverCreator -- The sessionId is a7c9f51d91c02d8f16c7bb564dfc2c9a
17:18:25.261 [main] DEBUG io.github.bonigarcia.wdm.WebDriverManager -- Quitting RemoteWebDriver: chrome on linux (a7c9f51d91c02d8f16c7bb564dfc2c9a)
17:18:25.316 [main] INFO io.github.bonigarcia.wdm.docker.DockerService -- Stopping Docker container selenoid/vnc:chrome_122.0
17:18:25.318 [main] DEBUG com.github.dockerjava.core.command.AbstrDockerCmd -- Cmd: 1dbcfb61a975c2d60c268b846b8ba8831b04e8b6d43192752ca250eb004a3f4e,5
17:18:25.329 [main] DEBUG org.apache.hc.client5.http.impl.classic.InternalHttpClient -- ex-0000000006 preparing request execution
17:18:25.330 [main] DEBUG org.apache.hc.client5.http.impl.classic.ProtocolExec -- ex-0000000006 target auth state: UNCHALLENGED
17:18:25.330 [main] DEBUG org.apache.hc.client5.http.impl.classic.ProtocolExec -- ex-0000000006 proxy auth state: UNCHALLENGED
17:18:25.331 [main] DEBUG org.apache.hc.client5.http.impl.classic.ConnectExec -- ex-0000000006 acquiring connection with route {}->unix://localhost:2375
17:18:25.331 [main] DEBUG org.apache.hc.client5.http.impl.classic.InternalHttpClient -- ex-0000000006 acquiring endpoint (3 MINUTES)
17:18:25.331 [main] DEBUG org.apache.hc.client5.http.impl.io.PoolingHttpClientConnectionManager -- ex-0000000006 endpoint lease request (3 MINUTES) [route: {}->unix://localhost:2375][total available: 1; route allocated: 1 of 2147483647; total allocated: 1 of 2147483647]
17:18:25.331 [main] DEBUG org.apache.hc.client5.http.impl.io.PoolingHttpClientConnectionManager -- ex-0000000006 endpoint leased [route: {}->unix://localhost:2375][total available: 0; route allocated: 1 of 2147483647; total allocated: 1 of 2147483647]
17:18:25.331 [main] DEBUG org.apache.hc.client5.http.impl.io.PoolingHttpClientConnectionManager -- ex-0000000006 acquired ep-0000000006
17:18:25.331 [main] DEBUG org.apache.hc.client5.http.impl.classic.InternalHttpClient -- ex-0000000006 acquired endpoint ep-0000000006
17:18:25.331 [main] DEBUG org.apache.hc.client5.http.impl.classic.MainClientExec -- ex-0000000006 executing POST /containers/1dbcfb61a975c2d60c268b846b8ba8831b04e8b6d43192752ca250eb004a3f4e/stop?t=5 HTTP/1.1
17:18:25.331 [main] DEBUG org.apache.hc.client5.http.protocol.RequestAddCookies -- ex-0000000006 Cookie spec selected: strict
17:18:25.331 [main] DEBUG org.apache.hc.client5.http.impl.classic.InternalHttpClient -- ep-0000000006 start execution ex-0000000006
17:18:25.331 [main] DEBUG org.apache.hc.client5.http.impl.io.PoolingHttpClientConnectionManager -- ep-0000000006 executing exchange ex-0000000006 over http-outgoing-0
17:18:25.331 [main] DEBUG org.apache.hc.client5.http.headers -- http-outgoing-0 >> POST /containers/1dbcfb61a975c2d60c268b846b8ba8831b04e8b6d43192752ca250eb004a3f4e/stop?t=5 HTTP/1.1
17:18:25.332 [main] DEBUG org.apache.hc.client5.http.headers -- http-outgoing-0 >> accept: application/json
17:18:25.332 [main] DEBUG org.apache.hc.client5.http.headers -- http-outgoing-0 >> content-type: application/json
17:18:25.332 [main] DEBUG org.apache.hc.client5.http.headers -- http-outgoing-0 >> Accept-Encoding: gzip, x-gzip, deflate, br
17:18:25.332 [main] DEBUG org.apache.hc.client5.http.headers -- http-outgoing-0 >> Host: localhost:2375
17:18:25.332 [main] DEBUG org.apache.hc.client5.http.headers -- http-outgoing-0 >> Connection: keep-alive
17:18:25.332 [main] DEBUG org.apache.hc.client5.http.headers -- http-outgoing-0 >> User-Agent: Apache-HttpClient/5.2.1 (Java/17.0.8.1)
17:18:25.332 [main] DEBUG org.apache.hc.client5.http.wire -- http-outgoing-0 >> "POST /containers/1dbcfb61a975c2d60c268b846b8ba8831b04e8b6d43192752ca250eb004a3f4e/stop?t=5 HTTP/1.1[\r][\n]"
17:18:25.332 [main] DEBUG org.apache.hc.client5.http.wire -- http-outgoing-0 >> "accept: application/json[\r][\n]"
17:18:25.332 [main] DEBUG org.apache.hc.client5.http.wire -- http-outgoing-0 >> "content-type: application/json[\r][\n]"
17:18:25.332 [main] DEBUG org.apache.hc.client5.http.wire -- http-outgoing-0 >> "Accept-Encoding: gzip, x-gzip, deflate, br[\r][\n]"
17:18:25.332 [main] DEBUG org.apache.hc.client5.http.wire -- http-outgoing-0 >> "Host: localhost:2375[\r][\n]"
17:18:25.332 [main] DEBUG org.apache.hc.client5.http.wire -- http-outgoing-0 >> "Connection: keep-alive[\r][\n]"
17:18:25.332 [main] DEBUG org.apache.hc.client5.http.wire -- http-outgoing-0 >> "User-Agent: Apache-HttpClient/5.2.1 (Java/17.0.8.1)[\r][\n]"
17:18:25.332 [main] DEBUG org.apache.hc.client5.http.wire -- http-outgoing-0 >> "[\r][\n]"
17:18:25.643 [main] DEBUG org.apache.hc.client5.http.wire -- http-outgoing-0 << "HTTP/1.1 204 No Content[\r][\n]"
17:18:25.643 [main] DEBUG org.apache.hc.client5.http.wire -- http-outgoing-0 << "Api-Version: 1.44[\r][\n]"
17:18:25.643 [main] DEBUG org.apache.hc.client5.http.wire -- http-outgoing-0 << "Docker-Experimental: false[\r][\n]"
17:18:25.643 [main] DEBUG org.apache.hc.client5.http.wire -- http-outgoing-0 << "Ostype: linux[\r][\n]"
17:18:25.643 [main] DEBUG org.apache.hc.client5.http.wire -- http-outgoing-0 << "Server: Docker/25.0.4 (linux)[\r][\n]"
17:18:25.643 [main] DEBUG org.apache.hc.client5.http.wire -- http-outgoing-0 << "Date: Wed, 13 Mar 2024 17:18:25 GMT[\r][\n]"
17:18:25.643 [main] DEBUG org.apache.hc.client5.http.wire -- http-outgoing-0 << "[\r][\n]"
17:18:25.643 [main] DEBUG org.apache.hc.client5.http.headers -- http-outgoing-0 << HTTP/1.1 204 No Content
17:18:25.643 [main] DEBUG org.apache.hc.client5.http.headers -- http-outgoing-0 << Api-Version: 1.44
17:18:25.643 [main] DEBUG org.apache.hc.client5.http.headers -- http-outgoing-0 << Docker-Experimental: false
17:18:25.643 [main] DEBUG org.apache.hc.client5.http.headers -- http-outgoing-0 << Ostype: linux
17:18:25.643 [main] DEBUG org.apache.hc.client5.http.headers -- http-outgoing-0 << Server: Docker/25.0.4 (linux)
17:18:25.643 [main] DEBUG org.apache.hc.client5.http.headers -- http-outgoing-0 << Date: Wed, 13 Mar 2024 17:18:25 GMT
17:18:25.643 [main] DEBUG org.apache.hc.client5.http.impl.classic.MainClientExec -- ex-0000000006 connection can be kept alive for 3 MINUTES
17:18:25.643 [main] DEBUG org.apache.hc.client5.http.impl.classic.InternalHttpClient -- ep-0000000006 releasing valid endpoint
17:18:25.643 [main] DEBUG org.apache.hc.client5.http.impl.io.PoolingHttpClientConnectionManager -- ep-0000000006 releasing endpoint
17:18:25.644 [main] DEBUG org.apache.hc.client5.http.impl.io.PoolingHttpClientConnectionManager -- ep-0000000006 connection http-outgoing-0 can be kept alive for 3 MINUTES
17:18:25.644 [main] DEBUG org.apache.hc.client5.http.impl.io.PoolingHttpClientConnectionManager -- ep-0000000006 connection released [route: {}->unix://localhost:2375][total available: 1; route allocated: 1 of 2147483647; total allocated: 1 of 2147483647]
17:18:25.645 [main] DEBUG com.github.dockerjava.core.command.AbstrDockerCmd -- Cmd: 1dbcfb61a975c2d60c268b846b8ba8831b04e8b6d43192752ca250eb004a3f4e,<null>,<null>
17:18:25.645 [main] DEBUG org.apache.hc.client5.http.impl.classic.InternalHttpClient -- ex-0000000007 preparing request execution
17:18:25.645 [main] DEBUG org.apache.hc.client5.http.impl.classic.ProtocolExec -- ex-0000000007 target auth state: UNCHALLENGED
17:18:25.645 [main] DEBUG org.apache.hc.client5.http.impl.classic.ProtocolExec -- ex-0000000007 proxy auth state: UNCHALLENGED
17:18:25.645 [main] DEBUG org.apache.hc.client5.http.impl.classic.ConnectExec -- ex-0000000007 acquiring connection with route {}->unix://localhost:2375
17:18:25.645 [main] DEBUG org.apache.hc.client5.http.impl.classic.InternalHttpClient -- ex-0000000007 acquiring endpoint (3 MINUTES)
17:18:25.645 [main] DEBUG org.apache.hc.client5.http.impl.io.PoolingHttpClientConnectionManager -- ex-0000000007 endpoint lease request (3 MINUTES) [route: {}->unix://localhost:2375][total available: 1; route allocated: 1 of 2147483647; total allocated: 1 of 2147483647]
17:18:25.645 [main] DEBUG org.apache.hc.client5.http.impl.io.PoolingHttpClientConnectionManager -- ex-0000000007 endpoint leased [route: {}->unix://localhost:2375][total available: 0; route allocated: 1 of 2147483647; total allocated: 1 of 2147483647]
17:18:25.645 [main] DEBUG org.apache.hc.client5.http.impl.io.PoolingHttpClientConnectionManager -- ex-0000000007 acquired ep-0000000007
17:18:25.646 [main] DEBUG org.apache.hc.client5.http.impl.classic.InternalHttpClient -- ex-0000000007 acquired endpoint ep-0000000007
17:18:25.646 [main] DEBUG org.apache.hc.client5.http.impl.classic.MainClientExec -- ex-0000000007 executing DELETE /containers/1dbcfb61a975c2d60c268b846b8ba8831b04e8b6d43192752ca250eb004a3f4e HTTP/1.1
17:18:25.646 [main] DEBUG org.apache.hc.client5.http.protocol.RequestAddCookies -- ex-0000000007 Cookie spec selected: strict
17:18:25.646 [main] DEBUG org.apache.hc.client5.http.impl.classic.InternalHttpClient -- ep-0000000007 start execution ex-0000000007
17:18:25.646 [main] DEBUG org.apache.hc.client5.http.impl.io.PoolingHttpClientConnectionManager -- ep-0000000007 executing exchange ex-0000000007 over http-outgoing-0
17:18:25.646 [main] DEBUG org.apache.hc.client5.http.headers -- http-outgoing-0 >> DELETE /containers/1dbcfb61a975c2d60c268b846b8ba8831b04e8b6d43192752ca250eb004a3f4e HTTP/1.1
17:18:25.646 [main] DEBUG org.apache.hc.client5.http.headers -- http-outgoing-0 >> accept: application/json
17:18:25.646 [main] DEBUG org.apache.hc.client5.http.headers -- http-outgoing-0 >> Accept-Encoding: gzip, x-gzip, deflate, br
17:18:25.646 [main] DEBUG org.apache.hc.client5.http.headers -- http-outgoing-0 >> Host: localhost:2375
17:18:25.646 [main] DEBUG org.apache.hc.client5.http.headers -- http-outgoing-0 >> Connection: keep-alive
17:18:25.646 [main] DEBUG org.apache.hc.client5.http.headers -- http-outgoing-0 >> User-Agent: Apache-HttpClient/5.2.1 (Java/17.0.8.1)
17:18:25.646 [main] DEBUG org.apache.hc.client5.http.wire -- http-outgoing-0 >> "DELETE /containers/1dbcfb61a975c2d60c268b846b8ba8831b04e8b6d43192752ca250eb004a3f4e HTTP/1.1[\r][\n]"
17:18:25.646 [main] DEBUG org.apache.hc.client5.http.wire -- http-outgoing-0 >> "accept: application/json[\r][\n]"
17:18:25.646 [main] DEBUG org.apache.hc.client5.http.wire -- http-outgoing-0 >> "Accept-Encoding: gzip, x-gzip, deflate, br[\r][\n]"
17:18:25.646 [main] DEBUG org.apache.hc.client5.http.wire -- http-outgoing-0 >> "Host: localhost:2375[\r][\n]"
17:18:25.646 [main] DEBUG org.apache.hc.client5.http.wire -- http-outgoing-0 >> "Connection: keep-alive[\r][\n]"
17:18:25.646 [main] DEBUG org.apache.hc.client5.http.wire -- http-outgoing-0 >> "User-Agent: Apache-HttpClient/5.2.1 (Java/17.0.8.1)[\r][\n]"
17:18:25.646 [main] DEBUG org.apache.hc.client5.http.wire -- http-outgoing-0 >> "[\r][\n]"
17:18:25.650 [main] DEBUG org.apache.hc.client5.http.wire -- http-outgoing-0 << "HTTP/1.1 204 No Content[\r][\n]"
17:18:25.650 [main] DEBUG org.apache.hc.client5.http.wire -- http-outgoing-0 << "Api-Version: 1.44[\r][\n]"
17:18:25.650 [main] DEBUG org.apache.hc.client5.http.wire -- http-outgoing-0 << "Docker-Experimental: false[\r][\n]"
17:18:25.650 [main] DEBUG org.apache.hc.client5.http.wire -- http-outgoing-0 << "Ostype: linux[\r][\n]"
17:18:25.650 [main] DEBUG org.apache.hc.client5.http.wire -- http-outgoing-0 << "Server: Docker/25.0.4 (linux)[\r][\n]"
17:18:25.650 [main] DEBUG org.apache.hc.client5.http.wire -- http-outgoing-0 << "Date: Wed, 13 Mar 2024 17:18:25 GMT[\r][\n]"
17:18:25.650 [main] DEBUG org.apache.hc.client5.http.wire -- http-outgoing-0 << "[\r][\n]"
17:18:25.651 [main] DEBUG org.apache.hc.client5.http.headers -- http-outgoing-0 << HTTP/1.1 204 No Content
17:18:25.651 [main] DEBUG org.apache.hc.client5.http.headers -- http-outgoing-0 << Api-Version: 1.44
17:18:25.651 [main] DEBUG org.apache.hc.client5.http.headers -- http-outgoing-0 << Docker-Experimental: false
17:18:25.651 [main] DEBUG org.apache.hc.client5.http.headers -- http-outgoing-0 << Ostype: linux
17:18:25.651 [main] DEBUG org.apache.hc.client5.http.headers -- http-outgoing-0 << Server: Docker/25.0.4 (linux)
17:18:25.651 [main] DEBUG org.apache.hc.client5.http.headers -- http-outgoing-0 << Date: Wed, 13 Mar 2024 17:18:25 GMT
17:18:25.651 [main] DEBUG org.apache.hc.client5.http.impl.classic.MainClientExec -- ex-0000000007 connection can be kept alive for 3 MINUTES
17:18:25.651 [main] DEBUG org.apache.hc.client5.http.impl.classic.InternalHttpClient -- ep-0000000007 releasing valid endpoint
17:18:25.651 [main] DEBUG org.apache.hc.client5.http.impl.io.PoolingHttpClientConnectionManager -- ep-0000000007 releasing endpoint
17:18:25.651 [main] DEBUG org.apache.hc.client5.http.impl.io.PoolingHttpClientConnectionManager -- ep-0000000007 connection http-outgoing-0 can be kept alive for 3 MINUTES
17:18:25.651 [main] DEBUG org.apache.hc.client5.http.impl.io.PoolingHttpClientConnectionManager -- ep-0000000007 connection released [route: {}->unix://localhost:2375][total available: 1; route allocated: 1 of 2147483647; total allocated: 1 of 2147483647]
]]></system-out>
    <system-err><![CDATA[Mar 13, 2024 5:18:15 PM org.openqa.selenium.remote.tracing.opentelemetry.OpenTelemetryTracer createTracer
INFO: Using OpenTelemetry for tracing
]]></system-err>
  </testcase>
</testsuite>