<?xml version="1.0" encoding="UTF-8"?>
<testsuite xmlns:xsi="http://www.w3.org/2001/XMLSchema-instance" xsi:noNamespaceSchemaLocation="https://maven.apache.org/surefire/maven-surefire-plugin/xsd/surefire-test-report-3.0.xsd" version="3.0" name="DockerBrowserTest" time="1.877" tests="1" errors="1" skipped="0" failures="0">
  <properties>
[...]
</properties>
  <testcase name="testDockerBrowser(WebDriver)" classname="DockerBrowserTest" time="1.852">
    <error message="Failed to resolve parameter [org.openqa.selenium.WebDriver arg0] in method [public void DockerBrowserTest.testDockerBrowser(org.openqa.selenium.WebDriver)]: There was an error creating WebDriver object for Firefox" type="org.junit.jupiter.api.extension.ParameterResolutionException"><![CDATA[org.junit.jupiter.api.extension.ParameterResolutionException: Failed to resolve parameter [org.openqa.selenium.WebDriver arg0] in method [public void DockerBrowserTest.testDockerBrowser(org.openqa.selenium.WebDriver)]: There was an error creating WebDriver object for Firefox
	at java.base/java.util.ArrayList.forEach(ArrayList.java:1511)
	at java.base/java.util.ArrayList.forEach(ArrayList.java:1511)
Caused by: io.github.bonigarcia.wdm.config.WebDriverManagerException: There was an error creating WebDriver object for Firefox
	at io.github.bonigarcia.wdm.WebDriverManager.instantiateDriver(WebDriverManager.java:1762)
	at io.github.bonigarcia.wdm.WebDriverManager.create(WebDriverManager.java:432)
	at io.github.bonigarcia.seljup.SeleniumJupiter.getObjectFromWdm(SeleniumJupiter.java:255)
	at io.github.bonigarcia.seljup.SeleniumJupiter.resolveSeleniumWebDriver(SeleniumJupiter.java:244)
	at io.github.bonigarcia.seljup.SeleniumJupiter.resolveParameter(SeleniumJupiter.java:168)
	... 2 more
Caused by: java.lang.RuntimeException: java.io.IOException: com.sun.jna.LastErrorException: [2] No such file or directory
	at com.github.dockerjava.httpclient5.ApacheDockerHttpClientImpl.execute(ApacheDockerHttpClientImpl.java:195)
	at com.github.dockerjava.httpclient5.ApacheDockerHttpClient.execute(ApacheDockerHttpClient.java:9)
	at com.github.dockerjava.core.DefaultInvocationBuilder.execute(DefaultInvocationBuilder.java:228)
	at com.github.dockerjava.core.DefaultInvocationBuilder.post(DefaultInvocationBuilder.java:124)
	at com.github.dockerjava.core.exec.CreateContainerCmdExec.execute(CreateContainerCmdExec.java:37)
	at com.github.dockerjava.core.exec.CreateContainerCmdExec.execute(CreateContainerCmdExec.java:13)
	at com.github.dockerjava.core.exec.AbstrSyncDockerCmdExec.exec(AbstrSyncDockerCmdExec.java:21)
	at com.github.dockerjava.core.command.AbstrDockerCmd.exec(AbstrDockerCmd.java:33)
	at com.github.dockerjava.core.command.CreateContainerCmdImpl.exec(CreateContainerCmdImpl.java:608)
	at io.github.bonigarcia.wdm.docker.DockerService.startContainer(DockerService.java:254)
	at io.github.bonigarcia.wdm.docker.DockerService.startBrowserContainer(DockerService.java:676)
	at io.github.bonigarcia.wdm.WebDriverManager.createDockerWebDriver(WebDriverManager.java:1877)
	at io.github.bonigarcia.wdm.WebDriverManager.instantiateDriver(WebDriverManager.java:1742)
	... 6 more
Caused by: java.io.IOException: com.sun.jna.LastErrorException: [2] No such file or directory
	at com.github.dockerjava.transport.DomainSocket.<init>(DomainSocket.java:63)
	at com.github.dockerjava.transport.LinuxDomainSocket.<init>(LinuxDomainSocket.java:41)
	at com.github.dockerjava.transport.DomainSocket.get(DomainSocket.java:140)
	at com.github.dockerjava.transport.UnixSocket.get(UnixSocket.java:29)
	at com.github.dockerjava.httpclient5.ApacheDockerHttpClientImpl$2.createSocket(ApacheDockerHttpClientImpl.java:153)
	at org.apache.hc.client5.http.impl.io.DefaultHttpClientConnectionOperator.connect(DefaultHttpClientConnectionOperator.java:155)
	at org.apache.hc.client5.http.impl.io.PoolingHttpClientConnectionManager.connect(PoolingHttpClientConnectionManager.java:447)
	at org.apache.hc.client5.http.impl.classic.InternalExecRuntime.connectEndpoint(InternalExecRuntime.java:162)
	at org.apache.hc.client5.http.impl.classic.InternalExecRuntime.connectEndpoint(InternalExecRuntime.java:172)
	at org.apache.hc.client5.http.impl.classic.ConnectExec.execute(ConnectExec.java:142)
	at org.apache.hc.client5.http.impl.classic.ExecChainElement.execute(ExecChainElement.java:51)
	at org.apache.hc.client5.http.impl.classic.ProtocolExec.execute(ProtocolExec.java:192)
	at org.apache.hc.client5.http.impl.classic.ExecChainElement.execute(ExecChainElement.java:51)
	at org.apache.hc.client5.http.impl.classic.HttpRequestRetryExec.execute(HttpRequestRetryExec.java:96)
	at org.apache.hc.client5.http.impl.classic.ExecChainElement.execute(ExecChainElement.java:51)
	at org.apache.hc.client5.http.impl.classic.ContentCompressionExec.execute(ContentCompressionExec.java:152)
	at org.apache.hc.client5.http.impl.classic.ExecChainElement.execute(ExecChainElement.java:51)
	at org.apache.hc.client5.http.impl.classic.RedirectExec.execute(RedirectExec.java:115)
	at org.apache.hc.client5.http.impl.classic.ExecChainElement.execute(ExecChainElement.java:51)
	at org.apache.hc.client5.http.impl.classic.InternalHttpClient.doExecute(InternalHttpClient.java:170)
	at org.apache.hc.client5.http.impl.classic.CloseableHttpClient.execute(CloseableHttpClient.java:87)
	at com.github.dockerjava.httpclient5.ApacheDockerHttpClientImpl.execute(ApacheDockerHttpClientImpl.java:191)
	... 18 more
Caused by: com.sun.jna.LastErrorException: [2] No such file or directory
	at com.github.dockerjava.transport.LinuxDomainSocket.connect(Native Method)
	at com.github.dockerjava.transport.LinuxDomainSocket.connect(LinuxDomainSocket.java:49)
	at com.github.dockerjava.transport.DomainSocket.open(DomainSocket.java:69)
	at com.github.dockerjava.transport.DomainSocket.<init>(DomainSocket.java:59)
	... 39 more
]]></error>
    <system-out><![CDATA[16:09:27.129 [main] DEBUG io.github.bonigarcia.wdm.WebDriverManager -- Using WebDriverManager 5.7.0
16:09:27.651 [main] DEBUG io.github.bonigarcia.wdm.docker.DockerHubService -- Getting browser image list from Docker Hub
16:09:27.678 [main] DEBUG org.apache.hc.client5.http.impl.classic.InternalHttpClient -- ex-0000000001 preparing request execution
16:09:27.685 [main] DEBUG org.apache.hc.client5.http.impl.classic.ProtocolExec -- ex-0000000001 target auth state: UNCHALLENGED
16:09:27.686 [main] DEBUG org.apache.hc.client5.http.impl.classic.ProtocolExec -- ex-0000000001 proxy auth state: UNCHALLENGED
16:09:27.687 [main] DEBUG org.apache.hc.client5.http.impl.classic.ConnectExec -- ex-0000000001 acquiring connection with route {s}->https://hub.docker.com:443
16:09:27.687 [main] DEBUG org.apache.hc.client5.http.impl.classic.InternalHttpClient -- ex-0000000001 acquiring endpoint (3 MINUTES)
16:09:27.688 [main] DEBUG org.apache.hc.client5.http.impl.io.PoolingHttpClientConnectionManager -- ex-0000000001 endpoint lease request (3 MINUTES) [route: {s}->https://hub.docker.com:443][total available: 0; route allocated: 0 of 5; total allocated: 0 of 25]
16:09:27.690 [main] DEBUG org.apache.hc.client5.http.impl.io.PoolingHttpClientConnectionManager -- ex-0000000001 endpoint leased [route: {s}->https://hub.docker.com:443][total available: 0; route allocated: 1 of 5; total allocated: 1 of 25]
16:09:27.696 [main] DEBUG org.apache.hc.client5.http.impl.io.PoolingHttpClientConnectionManager -- ex-0000000001 acquired ep-0000000001
16:09:27.696 [main] DEBUG org.apache.hc.client5.http.impl.classic.InternalHttpClient -- ex-0000000001 acquired endpoint ep-0000000001
16:09:27.696 [main] DEBUG org.apache.hc.client5.http.impl.classic.ConnectExec -- ex-0000000001 opening connection {s}->https://hub.docker.com:443
16:09:27.697 [main] DEBUG org.apache.hc.client5.http.impl.classic.InternalHttpClient -- ep-0000000001 connecting endpoint (null)
16:09:27.698 [main] DEBUG org.apache.hc.client5.http.impl.io.PoolingHttpClientConnectionManager -- ep-0000000001 connecting endpoint to https://hub.docker.com:443 (30 SECONDS)
16:09:27.699 [main] DEBUG org.apache.hc.client5.http.impl.io.DefaultHttpClientConnectionOperator -- hub.docker.com resolving remote address
16:09:27.796 [main] DEBUG org.apache.hc.client5.http.impl.io.DefaultHttpClientConnectionOperator -- hub.docker.com resolved to [hub.docker.com/44.221.37.199, hub.docker.com/54.156.140.159, hub.docker.com/52.44.227.212, hub.docker.com/2600:1f18:2148:bc02:a090:6a5b:b2ff:3152, hub.docker.com/2600:1f18:2148:bc00:a81:7e44:4669:3426, hub.docker.com/2600:1f18:2148:bc01:1983:8fd2:2dfc:a04c]
16:09:27.801 [main] DEBUG org.apache.hc.client5.http.impl.io.DefaultHttpClientConnectionOperator -- hub.docker.com:443 connecting null->hub.docker.com/44.221.37.199:443 (30 SECONDS)
16:09:27.801 [main] DEBUG org.apache.hc.client5.http.ssl.SSLConnectionSocketFactory -- Connecting socket to hub.docker.com/44.221.37.199:443 with timeout 30 SECONDS
16:09:27.967 [main] DEBUG org.apache.hc.client5.http.ssl.SSLConnectionSocketFactory -- Enabled protocols: [TLSv1.3, TLSv1.2]
16:09:27.967 [main] DEBUG org.apache.hc.client5.http.ssl.SSLConnectionSocketFactory -- Enabled cipher suites: [TLS_AES_256_GCM_SHA384, TLS_AES_128_GCM_SHA256, TLS_CHACHA20_POLY1305_SHA256, TLS_ECDHE_ECDSA_WITH_AES_256_GCM_SHA384, TLS_ECDHE_ECDSA_WITH_AES_128_GCM_SHA256, TLS_ECDHE_ECDSA_WITH_CHACHA20_POLY1305_SHA256, TLS_ECDHE_RSA_WITH_AES_256_GCM_SHA384, TLS_ECDHE_RSA_WITH_CHACHA20_POLY1305_SHA256, TLS_ECDHE_RSA_WITH_AES_128_GCM_SHA256, TLS_DHE_RSA_WITH_AES_256_GCM_SHA384, TLS_DHE_RSA_WITH_CHACHA20_POLY1305_SHA256, TLS_DHE_DSS_WITH_AES_256_GCM_SHA384, TLS_DHE_RSA_WITH_AES_128_GCM_SHA256, TLS_DHE_DSS_WITH_AES_128_GCM_SHA256, TLS_ECDHE_ECDSA_WITH_AES_256_CBC_SHA384, TLS_ECDHE_RSA_WITH_AES_256_CBC_SHA384, TLS_ECDHE_ECDSA_WITH_AES_128_CBC_SHA256, TLS_ECDHE_RSA_WITH_AES_128_CBC_SHA256, TLS_DHE_RSA_WITH_AES_256_CBC_SHA256, TLS_DHE_DSS_WITH_AES_256_CBC_SHA256, TLS_DHE_RSA_WITH_AES_128_CBC_SHA256, TLS_DHE_DSS_WITH_AES_128_CBC_SHA256, TLS_ECDH_ECDSA_WITH_AES_256_GCM_SHA384, TLS_ECDH_RSA_WITH_AES_256_GCM_SHA384, TLS_ECDH_ECDSA_WITH_AES_128_GCM_SHA256, TLS_ECDH_RSA_WITH_AES_128_GCM_SHA256, TLS_ECDH_ECDSA_WITH_AES_256_CBC_SHA384, TLS_ECDH_RSA_WITH_AES_256_CBC_SHA384, TLS_ECDH_ECDSA_WITH_AES_128_CBC_SHA256, TLS_ECDH_RSA_WITH_AES_128_CBC_SHA256, TLS_ECDHE_ECDSA_WITH_AES_256_CBC_SHA, TLS_ECDHE_RSA_WITH_AES_256_CBC_SHA, TLS_ECDHE_ECDSA_WITH_AES_128_CBC_SHA, TLS_ECDHE_RSA_WITH_AES_128_CBC_SHA, TLS_DHE_RSA_WITH_AES_256_CBC_SHA, TLS_DHE_DSS_WITH_AES_256_CBC_SHA, TLS_DHE_RSA_WITH_AES_128_CBC_SHA, TLS_DHE_DSS_WITH_AES_128_CBC_SHA, TLS_ECDH_ECDSA_WITH_AES_256_CBC_SHA, TLS_ECDH_RSA_WITH_AES_256_CBC_SHA, TLS_ECDH_ECDSA_WITH_AES_128_CBC_SHA, TLS_ECDH_RSA_WITH_AES_128_CBC_SHA, TLS_RSA_WITH_AES_256_GCM_SHA384, TLS_RSA_WITH_AES_128_GCM_SHA256, TLS_RSA_WITH_AES_256_CBC_SHA256, TLS_RSA_WITH_AES_128_CBC_SHA256, TLS_RSA_WITH_AES_256_CBC_SHA, TLS_RSA_WITH_AES_128_CBC_SHA, TLS_EMPTY_RENEGOTIATION_INFO_SCSV]
16:09:27.968 [main] DEBUG org.apache.hc.client5.http.ssl.SSLConnectionSocketFactory -- Starting handshake (null)
16:09:28.155 [main] DEBUG org.apache.hc.client5.http.ssl.SSLConnectionSocketFactory -- Secure session established
16:09:28.155 [main] DEBUG org.apache.hc.client5.http.ssl.SSLConnectionSocketFactory --  negotiated protocol: TLSv1.3
16:09:28.155 [main] DEBUG org.apache.hc.client5.http.ssl.SSLConnectionSocketFactory --  negotiated cipher suite: TLS_AES_128_GCM_SHA256
16:09:28.156 [main] DEBUG org.apache.hc.client5.http.ssl.SSLConnectionSocketFactory --  peer principal: CN=*.docker.com
16:09:28.156 [main] DEBUG org.apache.hc.client5.http.ssl.SSLConnectionSocketFactory --  peer alternative names: [*.docker.com, docker.com, *.hub.docker.com, *.dockerproject.org, docker.io, *.docker.io, *.cloud.docker.com, *.master.dockerproject.org, *.cloud-stage.docker.com]
16:09:28.156 [main] DEBUG org.apache.hc.client5.http.ssl.SSLConnectionSocketFactory --  issuer principal: CN=Amazon RSA 2048 M01, O=Amazon, C=US
16:09:28.157 [main] DEBUG org.apache.hc.client5.http.impl.io.DefaultManagedHttpClientConnection -- http-outgoing-0 set socket timeout to 3 MINUTES
16:09:28.157 [main] DEBUG org.apache.hc.client5.http.impl.io.DefaultHttpClientConnectionOperator -- hub.docker.com:443 connected null->hub.docker.com/44.221.37.199:443 as http-outgoing-0
16:09:28.157 [main] DEBUG org.apache.hc.client5.http.impl.io.PoolingHttpClientConnectionManager -- ep-0000000001 connected http-outgoing-0
16:09:28.157 [main] DEBUG org.apache.hc.client5.http.impl.classic.InternalHttpClient -- ep-0000000001 endpoint connected
16:09:28.157 [main] DEBUG org.apache.hc.client5.http.impl.classic.MainClientExec -- ex-0000000001 executing GET /v2/repositories/selenoid/vnc/tags?page=1&page_size=1024 HTTP/1.1
16:09:28.158 [main] DEBUG org.apache.hc.client5.http.protocol.RequestAddCookies -- ex-0000000001 Cookie spec selected: strict
16:09:28.161 [main] DEBUG org.apache.hc.client5.http.impl.classic.InternalHttpClient -- ep-0000000001 start execution ex-0000000001
16:09:28.161 [main] DEBUG org.apache.hc.client5.http.impl.io.PoolingHttpClientConnectionManager -- ep-0000000001 executing exchange ex-0000000001 over http-outgoing-0
16:09:28.161 [main] DEBUG org.apache.hc.client5.http.headers -- http-outgoing-0 >> GET /v2/repositories/selenoid/vnc/tags?page=1&page_size=1024 HTTP/1.1
16:09:28.162 [main] DEBUG org.apache.hc.client5.http.headers -- http-outgoing-0 >> user-agent: Apache-HttpClient/5.0
16:09:28.162 [main] DEBUG org.apache.hc.client5.http.headers -- http-outgoing-0 >> accept-encoding: gzip, deflate, br
16:09:28.162 [main] DEBUG org.apache.hc.client5.http.headers -- http-outgoing-0 >> cache-control: max-age=0
16:09:28.162 [main] DEBUG org.apache.hc.client5.http.headers -- http-outgoing-0 >> connection: keep-alive
16:09:28.162 [main] DEBUG org.apache.hc.client5.http.headers -- http-outgoing-0 >> Host: hub.docker.com
16:09:28.162 [main] DEBUG org.apache.hc.client5.http.wire -- http-outgoing-0 >> "GET /v2/repositories/selenoid/vnc/tags?page=1&page_size=1024 HTTP/1.1[\r][\n]"
16:09:28.162 [main] DEBUG org.apache.hc.client5.http.wire -- http-outgoing-0 >> "user-agent: Apache-HttpClient/5.0[\r][\n]"
16:09:28.162 [main] DEBUG org.apache.hc.client5.http.wire -- http-outgoing-0 >> "accept-encoding: gzip, deflate, br[\r][\n]"
16:09:28.162 [main] DEBUG org.apache.hc.client5.http.wire -- http-outgoing-0 >> "cache-control: max-age=0[\r][\n]"
16:09:28.162 [main] DEBUG org.apache.hc.client5.http.wire -- http-outgoing-0 >> "connection: keep-alive[\r][\n]"
16:09:28.162 [main] DEBUG org.apache.hc.client5.http.wire -- http-outgoing-0 >> "Host: hub.docker.com[\r][\n]"
16:09:28.162 [main] DEBUG org.apache.hc.client5.http.wire -- http-outgoing-0 >> "[\r][\n]"
16:09:28.333 [main] DEBUG org.apache.hc.client5.http.wire -- http-outgoing-0 << "HTTP/1.1 200 OK[\r][\n]"
16:09:28.333 [main] DEBUG org.apache.hc.client5.http.wire -- http-outgoing-0 << "date: Wed, 13 Mar 2024 16:09:28 GMT[\r][\n]"
16:09:28.333 [main] DEBUG org.apache.hc.client5.http.wire -- http-outgoing-0 << "content-type: application/json[\r][\n]"
16:09:28.333 [main] DEBUG org.apache.hc.client5.http.wire -- http-outgoing-0 << "transfer-encoding: chunked[\r][\n]"
16:09:28.333 [main] DEBUG org.apache.hc.client5.http.wire -- http-outgoing-0 << "content-encoding: gzip[\r][\n]"
16:09:28.333 [main] DEBUG org.apache.hc.client5.http.wire -- http-outgoing-0 << "x-ratelimit-limit: 180[\r][\n]"
16:09:28.333 [main] DEBUG org.apache.hc.client5.http.wire -- http-outgoing-0 << "x-ratelimit-reset: 1710346228[\r][\n]"
16:09:28.333 [main] DEBUG org.apache.hc.client5.http.wire -- http-outgoing-0 << "x-ratelimit-remaining: 180[\r][\n]"
16:09:28.334 [main] DEBUG org.apache.hc.client5.http.wire -- http-outgoing-0 << "x-trace-id: 1cc1b03b9203b81c0ef11640dc9702c2[\r][\n]"
16:09:28.334 [main] DEBUG org.apache.hc.client5.http.wire -- http-outgoing-0 << "server: nginx[\r][\n]"
16:09:28.334 [main] DEBUG org.apache.hc.client5.http.wire -- http-outgoing-0 << "x-frame-options: deny[\r][\n]"
16:09:28.334 [main] DEBUG org.apache.hc.client5.http.wire -- http-outgoing-0 << "x-content-type-options: nosniff[\r][\n]"
16:09:28.334 [main] DEBUG org.apache.hc.client5.http.wire -- http-outgoing-0 << "x-xss-protection: 1; mode=block[\r][\n]"
16:09:28.334 [main] DEBUG org.apache.hc.client5.http.wire -- http-outgoing-0 << "strict-transport-security: max-age=31536000[\r][\n]"
16:09:28.334 [main] DEBUG org.apache.hc.client5.http.wire -- http-outgoing-0 << "[\r][\n]"
16:09:28.334 [main] DEBUG org.apache.hc.client5.http.wire -- http-outgoing-0 << "3123[\r][\n]"
16:09:28.334 [main] DEBUG org.apache.hc.client5.http.wire -- http-outgoing-0 << "[0x1f][0xffffff8b][0x8][0x0][0x0][0x0][0x0][0x0][0x0][0x3][0xffffffc5][0xffffff9d][0xffffffdb][0xffffff92][0x1b]G[0xffffff92][0xffffffa6][0xffffffef][0xfffffff7]1[0xffffffea]vE([0xffffffce][0xffffff87]2[0x1b][0xffffffdb][0xffffff97][0xffffffd0][0xffffffd5][0xffffffec][0xffffff8e][0xffffffc9][0xfffffff2][0x10]9[0xffffffe2][0xffffff8c]D[0xffffffd2]x[0xffffff90][0xfffffff5][0xffffffec]X[0xffffffbf][0xfffffffb]~[0x1][0x14][0xffffff90]([0x0][0xffffff91]H [0xffffff82][0xffffffb9]c[0xffffffdd][0xffffff9a]n*[0xffffff9a]bx[0xfffffff9][0xffffff9f][0xffffffe1][0xffffff87][0xffffffdf][0x7f][0xffffffff][0xffffffef][0xffffff97][0xffffffe1][0xfffffff3][0xffffff8f]O[0xffffffdf]_^[0xffffff95][0xb][0xffffffbf][0xffffffbc]|J[0xffffffff][0xffffffe0]?[0xffffffbe][0xfffffffc][0xfffffff1][0xfffffffd][0xfffffffb][0xffffff97]o[0xffffffaf][0xffffffbf][0xfffffffe][0xfffffffa][0xffffffc7][0xffffff8f]~7~[0x1e][0xfffffffe]3}[0xffffffdd][\r][0xffffff9f][0xffffffff][0xfffffffa][0xfffffff5]o[0xfffffff5][0xffffffeb][0xffffffd7][0xfffffff4][0xffffffe5][0xfffffff3][0xffffffb7][0xffffff8f][0xffffffdf]?[0x7f][0xfffffffd][0xffffff98][0xffffffbe][0xfffffffd][0xfffffffa]-[0xfffffffd][0xffffff99]>}[0xfffffffe]8[0xfffffffe][0xfffffffa][0xfffffff7][0xffffffa7][0xffffffe1][0xffffffd7][0xffffffef][0xffffffdd][0xffffffbf][0x7f][0xfffffffb]__[0xffffffba][0x7f]O[0xffffffff][0xffffffa2][0xfffffffe][0xffffffcf][0xf]![0xffffff94][0xffffffcb][0xffffffff][0xfffffff9][0xfffffff7]o[0x1f][0xffffffff]o[0xfffffffa][0x17])[0xffffffc4][0xffffffcb]//_[0xffffffbe][0xffffffa6][0xffffffbf]?~[0xfffffffe][0xfffffff1][0xffffffed][0xffffffe5][0xfffffff5][0xffffffd3][0xffffff8f]?[0xffffffff][0xfffffffc][0xffffffe5][0xffffffe5]k[0xfffffffa][0xfffffff6][0xffffffe3][0xffffffcf][0xffffffef][0xfffffffc][0xffffffd7][0xffffffff][0xfffffffd][0xffffffdf]/[0xffffffc3][0xffffffd7][0xffffffd4][0xfffffff1][0xffffff9b][0xffffffbe][0xffffffbc]J[0x1b][0xffffffa5][0xf][0xffffffe2][0xffffff97][0xffffff97][0xffffff8f][0xffffffe3][0xffffffcb][0xffffffab][0xffffff93][0xffffffda][0x4][0xffffffe9]b[0xfffffffe][0xffffffaf][0x7f][0xfffffff1][0xffffffbb][0x1d][0xffffffce]v_[0xffffff87]?>~O[0xffffffc3][0xfffffff7][0x1f]_[0x13][0x7f][0xffffffd6][0xffffffee][0xffffffaf][0xffffffd1][0x19]~[0xfffffffb][0xffffff89][0xffffffdf][0xffffff81]_[0xffffffe1][0xffffffcc][0xb][0xffffffff][0xffffffed][0xffffffef][0xffffffee][0xffffffeb][0xffffffc7]._[0xffffffeb][0xfffffff0][0xffffffcf][0x1a]?[0xfffffff2][0xffffffbf][0xffffffce]7[0xfffffffb][0xfffffff6]G[0xffffffa7][0xffffffac]{[0xffffff8d]z[0xffffff8a][0xffffffae][0x1f]e[0xffffff94][0xffffff9d]R[0xffffffe3]8Lc[0xffffff94]2[0xfffffff6]BI[0xffffffdf][\r]J[0xffffff88][0x14][0xffffff85][0xffffff9e][0xffffffb4][0xffffff8c]V[0xffffffdb].v[0xffffffa3][0x1d][0xffffff8c][0x1c][0xffffffbc][0xffffff89][0xffffffc9][0xffffff9a]~rND[0xfffffffe][0x9][0xffffff9f][0xfffffff3]?[0xffffffe9][0xffffffcf][0xffffff8f][0xffffff9f]~[0xfffffffc]c[0xffffffff]_~[0x7f][0xffffffff][0xffffffcf][0xffffffe7][0x17][0xfffffffe]N_[0xffffffbf]}[0xfffffffc][0xfffffffc][0xffffffe9][0xfffffff8]G[0xffffffc8][0xffffff96]xy5Ax[0xffffffa5]T[0xffffff94][0xffffffbf][0xffffffbc]|[0xfffffffb][0xffffffce][0x1f]8[0xffffffff]&[0xffffffdd][0xfffffff0][0xfffffffd][0xffffffe3][0xffffffdf][0xffffff89][0xffffffdf][0xffffffe5][0xffffffcf][0xffffffee][0xffffffdb][0xfffffff7][0xffffffdf][0xffffffbf]`[0xffffff9c][0xffffffc4][0xffffffe5]_[0xffffff94]P[0xffffffe6][0xffffff83][0xffffffd0][0x1f][0xffffffa4][0xfffffffe]M[0xffffffba]W[0x11]^[0xffffffb5][0xffffffd9][0x9][0x15][0xffffff9c][0x9][0xffffffff]:[0xffffff9f][0xfffffffd][0xfffffff6][0xffffffc7][0xffffffbb][0xffffffb3]B[0xfffffffd]&[0xffffffcd][0xffffffab][0xfffffff1][0xffffffaf][0xffffffc2][0xffffffee][0xffffff8c]t*[0xffffffc8][0x7f]}[0xfffffff9][0xffffffe7][0xffffffbf][0xffffffbd][0xfffffffd][0xffffffce]?[0xffffffbe][0xffffff8c][0xffffffdd][0xfffffff7][0xffffffc2]q[0xffffffb7][0xffffffd3][0xffffffd1][0xffffffbb]x[0xfffffffa][0xffffff9d][0xf]g[0xffffffcf][0x7f] [0xfffffffb]?[0xffffffdc][0xffffffdb]/[0xffffffff][0xfffffffe][0xffffffe3][[0xfffffffa][0xfffffffa][0xffffffa9][0xfffffffb]ko[0xffffffff][0xfffffff4][0xfffffff5][0xfffffff3][0x7f][0xfffffffe][0xffffffe8][0xffffffd3][0xfffffff0][0xffffff91]?[0xffffffd5][0xffffffdb][0xffffffaf][\r][0x7f]|[0xfffffffd][0xfffffffc]W[0xfffffffa]]*[0xffffffb5][0xffffffcb]?[0xfffffff9][0xffffff93][0xffffffd3][0xfffffffc]W[0xfffffffe][0x1]K[0x1d]C[0xffffffe4][0xffffffe7][0xffffffc5]=[0xfffffff7][0xffffffee][0xfffffff1][0xffffffce]([0x7f][0xffffffab][0xffffff97][0xffffffd7][0xffffffef]_[0x7f][0xffffffa4]_^[0xfffffff0][0xffffffa7][0xffffffdf][0xffffffaf]M[0xffffff94][0x7f][0xfffffff5][0x11]3[0xffffff9d][0xffffff9d]/[0xffffff9a][0xffffffea][0xffffffec][0xffffffee][0x7f][0xffffffa5][0xfffffff1]c[0xfffffff7][0xfffffffb][0xfffffff7][0xffffffff][0xfffffffa][0xffffffb2][0xffffffbf][0xffffffd9][0xffffff97]/[0x7f]~[0x1c][0xffffffba][0xffffffef][0xfffffffc][0x10][0xfffffff1][0xfffffff0]qF[0xffffffc2][0xffffffa7][0xffffffef][0xffffffdd][0xffffffc7]O`b[0xffffffef][0xffffff94][0xffffffbb][0xffffffbf][0xffffffe5][0xffffffff][0xfffffffc][0xffffff8f]o[0xfffffffc][0xffffff9c][0x7f][0x1]I[0xffffff9f][0xffffffbe][0xffffffa7]O[0xffffffdf][0xffffff8f][0xffffffff][0xfffffffb][0xfffffffd][0xffffffdf][0xffffffe6][0xffffff97][0xffffff9b];[0xffffffdf]?[0x7f])"FX[0xffffffab][0xffffff83]7[0xffffffb6]9b[0xffffff92][0xffffffeb]e2[0xffffffbd][0xffffffd6]^[0x4][0xffffff95][0xffffffc0][0xffffff80][0xfffffff3]Z[0xffffffab][0xffffffc9][0xffffffc5][0xffffffa0][0xffffff84][0xffffffd1]I[0xfffffff6]^%%m[0xffffff88]~[0xfffffff2][0xffffffd3][0x10][0xffffffe4][0xffffff90]l[0xffffffef][0xffffffe2][0xffffffd8][0xffffffc9][0xffffffe8]G3[0xffffff86][\n]"
16:09:28.335 [main] DEBUG org.apache.hc.client5.http.wire -- http-outgoing-0 << "[0xffffffc4]D[0xffffffa3][0xffffffa4][0x11][0xffffff81]+][0xffffffbb]C[0xffffffd9][0x15][0xffffffe4]+07z'[0x2][0x7f][0xffffffe4][0xffffffd9][0xffffffaf][0xffffffbf][0xfffffffc]x[0xffffffe7][0x6][0xffffffea][0xffffff83][0xc][0x19]16[0xffffffbe]*[0xffffffb3][0xb][0xffffffc6][0xffffff80][0xfffffffb][0x5][0xffffffc4][0xffffffbc]?[0x1e]M[0xffffffb0][0xffffffce]6[0xffffff82][0xffffffcc][0xffffffe7]/[0xffffffe9]k[0xfffffff7][0xffffffbb][0x14]~[0x1d]bf[0xffffffa3][0xffffffd4]![0xffffffe6][0xffffffda]L%[0xffffffc4][0xffffff94][0xffffffee][0xffffffbe][0x9]d[0xffffffaa][0xffffffbd][0xffffffef][0x1e]d[0xffffff84]3[0xffffffcd]!3[0xffffffc6] [0xfffffffa][0xffffffc9][0xffffffeb]^[0xffffffba][0xffffffc1][0xffffffb9][0xffffffce][0xfffffff5]JtZ[0xf]R[0xfffffff1][0xffffffa1][0x15]!Mn[0xffffff88][0xffffffba][0xf][0xffffffd3][0xffffffa8][0xffffff9d][0xfffffff3][0xffffffd1]9[0x7]R[0x2][0xffffffdf]|[0xffffffa3][0xffffffc6]IN[0xffffffc9][0xffffffab][0xffffffe7][0x1f][0x19]c[0xffffffb5][0x11]Q[0xfffffff0]n>[0x2][0x19][0xfffffffb][0xffffffaa]l~8[0xffffff80]v[0xfffffff4][0xffffffc5]G[0xffffffe6][0xffffffe4][0x7][0xffffffe6]U[0xffffffc7][0xffffff9d]QZ[0x8]0P|d[0xffffffce][0xffffff8e][0x1b][0xffffffb1][0xffffff93]J[0xffffffea]`[0x1a]Af[0xfffffffa][0xfffffff8]5M[0xffffff9f][0xffffffff][0xffffffc1]3[0x3][0xffffffcc][0xffffffd7]<3[0xffffffb3]Y[0xffffffea]@sm[0xffffffa8][0xffffffbb][0xffffffa0][0xffffffe1]Q>[0xffffffbf][0xfffffffd]&[0xffffffa0][0xffffffa9][0xfffffff6][0xffffffbf]2hl[0xffffffe4]Si}[0xffffffd4][0xffffffcd]A#R[0xffffffdf][\r]V[0xffffffc4][0xffffffde][0xfffffff3][0xffffffcd][0x1f]E7v[0xffffff9d]r[0xffffffd6]O[0xffffffba][0xffffffe3][0xffffffdb],S[0xffffffef]RH[0xffffff9a]g'[0xe][0xffffffde]Fg[0xffffff8d]uq[0xffffffe0]O[0xffffffa2]L?8[0xffffffe9][0xffffff8c][0x7f][0x1e]4A[0xffffffec][0x7f][0xffffff9f][0xffffffa7]@[0xffffff83][0x3][\n]"
16:09:28.335 [main] DEBUG org.apache.hc.client5.http.wire -- http-outgoing-0 << "[0x13][0x1c]o[0xffffffc7])[0xffffff8a]{[0xfffffff7][0xffffffce][0xffffffc8][0xf]Z[0xffffffe6]([0xffffffce][0xffffffa8]W[0x1b]v[0xffffff96]WZ.[0xffffffbd]3[0xffffffe7][0xffffffc7][0xffffffe3]N[0x18][0x15]c[0xffffffab][0xffffffd0][0xffffffec][0xfffffff8][0xffffffce][0xffffffb8]u[0xffffff90][0xffffff99][0xffffff8d][0xffffffd2][0x2]2[0xffffffe7]f*A[0xffffffa6]t[0xfffffff7]M S[0xffffffed]}K[0xffffff90]![0x1a]wd[0x18][0xffffffed]!c[0xffffffa2]4[0xffffffc6][0xffffff85][0xffffffae]s[0x1]|[0x10]~Ma[0xfffffff0][0xffffffc1]M*%[0x13][0xffffffb5]t~[0xffffffe8][0xffffffb4]U[0xffffffdd]d;R[0xffffff97]~[0xfffffff4][0x0]i[0xfffffff4]r[0xffffff88][0xfffffffd][0xffffffa0][0xffffffb5]H[0xfffffff6]y[0xffffffc8][0x18]-[0xffffffb4]#[0xffffffcf]x[0xffffffec][0xffffff9d]![0xffffff99][0xffffff89][0xffffffaf][0xffffffc2][0xffffffec][0xffffffbc][0xffffffd5][0xffffffda][0xffffffce][0xfffffff1][0xffffffd3]Eh&?[0xffffffa8][0xfffffff8][0x1b][0x7][0xffffffa5]}[0xffffffd5]~g[0xffffffa5][0x15]<I[0xffffffc5]g[0xffffffe6][0xfffffffd]i[0xffffffe7][0xffffffb8][0xffffffb5]j[0xfffffffe][0xffffffcc][0xffffffac][0xffffffcc]ff[0xffffffab][0xffffffd4]a[0xffffffe6][0xffffffda]Ne[0xffffffcc][0xffffff9c][0xffffffdb]j[0xffffffbe][0xfffffffd]6[0xffffff98][0xffffffa9]u[0xffffffbf];[0xffffff98][0xffffffd1][0xffffffd1][0xffffffb6]Og[0x0][0xffffff84]$[0xffffffa1][0x19]{[0xffffffa9]z5[0xffffff8d][0xffffffc2]t[0xffffffd1][0xfffffff1][0xffffffc0]x[0xffffffd9][0xfffffff5]fr2[0xffffff92]h[0xfffffff7][0xffffffd3]H*[0xffffffd3][0xffffff8d][0xffffffc9][0xe][0xffffff89][0xffffff84]F[0xffffffa5][0xffffffa8][0xffffff95]7[0xffffffc1][0xffffffa4][0xffffffa0];[0xfffffffd]<ft[0x8][0xffffffe4]P[0xfffffff6][0xfffffff1][0x2][0xffffff80][0xffffffc9][0xffffff98][0xffffff91]A[0xffffff93][0xffffffe0][0xffffff95][0xffffff9f][0xffffff99]7?[0xffffff90][0xffffffaf][0xffffffa4][0xffffffde][0xffffffbc]f[0xffffffc1][0xfffffff9]5[0xffffffa0][0xffffffe1][0xffffffb8][0xffffffde][0xffffffa9][0x10][0xffffff94][0xffffff9a]_[0xffffffb0][0xffffffba][\n]"
16:09:28.336 [main] DEBUG org.apache.hc.client5.http.wire -- http-outgoing-0 << "[0xffffffc0][0x1c][0xffffff9b][0xffffffc9]u[0xf][0xffffffcd]l[0xffffff96]j[0xffffffd0]\[0x18][0xffffffea].h.n[0xffffffbf][0x9]h[0xffffffaa][0xfffffffd]o[0x19]4[0x4][0x18][0xffffffbe]}[0xffffffd5][0xffffffcc]t)[0xffffffd9][0x14]M[0xffffffe7][0xffffffc6]~[0xffffffb0][0xffffff9d][0x1f][0x9][0xffffffd5]:[0xffffff95][0xffffffa4]t[0xfffffffd][0xffffffd0][0xffffff8d][0xffffffbd][0x9][0xffffffc9]$[0xffffffe5][0xffffffbb][0xffffffd1][0xffffff89].[0x19]gRo5[0xffffffd1]\[0xffffffe8]Gb[0xffffffb5][0x9][0xffffff9c]=[0xf][0x1a][0xffffffe0]g[0xffffffc3]>G{<[0xffffffa1][0xffffffa1][0xffffffbc]c[0xffffffb5][0xffffffb4][0xb][0xffffffb1]Y[0x6]M[0xffffffd8][0xffffffd7][0xb][0xffffffc8][0xffffffbe]}4[0xffffff92]`[0xffffffeb][0xffffffce]Ksy[0xfffffffc]][0xffffff89][0xffffffad][0xffffffba]l[0xffffffb6][0x12]3[0xffffffb3]U[0xffffffea]0s[0xffffffc8]g[0xffffffce][0xffffffed][0xffffffb4][0xffffff8c][0xffffff99][0xffffffeb][0xffffffcb]o[0xffffff82][0xffffff99]j[0xfffffff7][[0xffffffc0][0xc][0xffffff81][0xffffffbf][0xffffffa6][0xffffffcc]D][0xffffffb2]q[0xffffffa5][0xffffffb9][0xfffffff3]2&[0xffffffdf][0xffffffe9]q[0xffffffe8][0xffffff89][0xffffffca][0xfffffff2]S[0x19]5[0x10][0x19]Hr&EM@'[0xffffffef]S[0xffffffea]'[0xffffffaa]T&[0xffffff8d][0xffffffce][0xffffffaa][0xffffff9e][0xffffff82]A[0xffffff88]r[0x1a]e[0xffffff97][0xffffff84][0xffffffa8]xh[0xffffff82]6T[0xffffffa8][0x1e]-[0x2][0x10]t[0xffffff88]WI[0xffffffa4][0x13]U[0xfffffff0]<[0x1e]7[0xfffffff2][0x19]J[0xffffffd2][0xffffffea][0xffffff83]"[0xffffff9f][0xffffff91][0xffffffaf][0xffffffb9]0M&![0xffffff95][0xfffffff1]d[0xfffffff5][0xffffffb7]1s}<[0x4]*[0xfffffffb][0xffffff8d][0xffffffa2][0xffffffb3]S[0xffffffa9]Y[0xffffffac]{gf[0xffffffab][0xffffffd4]a[0xffffffe6][0xffffffda]N71[0xffffffb3]p[0xfffffff9]M0S[0xffffffed]~[0xb][0xffffff98]![0xffffff99][0xfffffff0][0xffffffc2])[0xffffffa2][0xffffffff][0xffffffc6][0xffffff98][0xffffffe9]GG4FFM[0x11] [0xffffff99]Q[0xffffffc4]a[0x1c]t[0x2][0x1d]j[0x8]q[0xffffff94][0xfffffffd][0xffffffd4][0xffffff91]:(J\[0xffffff89][0xffffff94]'[0xffffff89]QN[0xffffffca][0xfffffff5][0xffffffd6]M[0xffffff9d][0xffffffe0];?[0xffffffe8][0xffffff8a]wFG[0xffffffad]%[0x5][0xffffffed][0xffffff87][0xffffffdf][0x19][0xfffffffd]*[0xffffff88][0xffffffa0]d[0x8][0xffffff85][0xffffffc2][0xffffffd9][0xffffffde][0xf][0xffffff84][0xfffffff9][0xffffff8d]lF[0x9][0xfffffffe][0xffffffb5]#[0xffffff98][0xffffffc4]~[0xffffff8b][0xffffff98][0xffffff99][0xffffff8f][0xfffffff3][0x1e]hc<[0xffffffcd][0xffffff9c]&[0xffffffef][0xffffffcc][0x1c][0xffffff9c][0xffffffad][0x4][0xffffffcd]l[0xffffff96]:[0xffffffd0]p[0xfffffff9][0xb]C[0xffffff95]As[0xfffffffb][0xfffffff6][0xffffff9b][0xffffff80][0xffffffa6][0xffffffda][0xffffffff][0xffffff96]A[0xffffffe3][0xffffffa4]4[0xfffffff4]Z[0x1b][0xffffff83]F[0xffffffc7][0xffffffc1][0xffffff86][0xffffffd1][0xffffff86][0xffffffc9][0xfffffffb][0x10][0xffffffcd]d[0xffffffa3][0x1d][0x13][0xffffffcd][0xffffff8f][0xffffffd4][0xfffffff1][0xfffffffc](O[0xb]6[0x2][0x1a][0xffffffd1][0xffffff8f]}H)[0xfffffff6][0xffffffbc]3[0xfffffffc][0xffffff8b][0xffffffea][0xffffffb4][0xfffffff5]i[0xffffff94][0xffffff8e][0x17][0xffffffe8][0xfffffff9][0xffffffe0]L[n[0xffffffb4][0xffffffef][0xffffffe9]=[0x12][0xffffff9c][0xffffffa9][0xfffffffc][0xffffffd0]X[0xffffffb9][0xffffff93][0xffffffd6][0xfffffff8]p;[0xffffffa3]9[0x3][\r][0xffffff85][0x0][0xffffffab]v[0xffffffd2]h2[0xffffffb3][0x15][0xffffffa0]9[0x1c][0xffffffa7][0xffffffcf][0x1a]m[0xfffffff3]j[0xffffffb3][0xffffffa4]"[0xffffff87][0xffffffb1][0xffffffee]65g[0xffffffb3][0xffffffd4][0xffffff81][0xffffffe6][0xffffffda]P[0xfffffff7]@sy[0xfffffffb]M@S[0xffffffed][0x7f][0xb][0xffffffa0][0xffffffa1][0xfffffff6][0xffffffe3]H[0xffffffbd][0xffffffdb]Gg[0xffffffd6][0xffffffb9]q[0xffffffea][0xffffffc7][0xffffffa8][0xffffffbb]qt#[0xffffffdd][0xffffff9a][0xffffffa8][0x6]9[\n]"
16:09:28.336 [main] DEBUG org.apache.hc.client5.http.wire -- http-outgoing-0 << " [0xffffffd4]w[0xffffffb4]a:[0xffffff91][0xffffff82][0x8]b[0xffffffea];?@[0xb]P}[0xffffffa4][0xfffffff2]LR[0x1d][0x3][0xffffffed][0x15][0xffffffcd]/>[0xf][0xffffff9a][0xffffffa0]3h2[0xffffffe7][0xffffffe2][0x19][0xffffffd0][0xffffffe8]@t6{[0xfffffff6]y[0xffffffe9][0xc][0xffffffd0][0xffffffc8][0xf][0xffffffd2][0xffffffe7][0xffffffae]&[0xffffffed][0x1c]ew[0xfffffff4][0xffffffdb]i[0xffffffd5].[0xffffff80][0xffffffe6][0xfffffffd]qeU8[0xffffffab][0xffffffca][0xffffffd5][0xffffff95][0x1][0xffffff8e][0xffffffd5]f[0xffffff9a]Jk 3[0x1b][0xffffffa5][\r]df3[0xffffff95] S[0xffffffba][0xfffffffb]&[0xffffff90][0xffffffa9][0xfffffff6][0xffffffbe][0x5][0xffffffc8][0x10].[0x18]c[0xffffffa4]o[0xfffffffe][0xffffffce]PW[0xffffffe6]%[0xffffff81][0x10][0xffffffa3][0xfffffffc]$[0xfffffffb][0xffffffe8][0xfffffff0][0xffffffe3]I[0xffffffd1][0xffffffc5][0x1c]G[0xffffffa8])[0xffffffda]h^[0x18]M[0xfffffff5]9[0xffffffc8][0xffffffe4][0xffffffa3][0x4]'[0x14][0xffffffd9][0xffffff80]SGu[0x1a]8[0xffffffe1][0xfffffff2][0x15][0xffffff90][0xffffff91]^[0xffffffc0][0xf]z[0xfffffff0][0xffffff9d][0xffffffb1][0xffffffaf]RPp[0xffffffde])ZE[0xffffffc6][0xffffff95][0x12][0x1a][0xfffffff9]A[0x0][0x19][0xfffffff5][0xffffffaa][0xffffffed][0xffffffab][0xffffffe1]M2V[0xffffffca]bWs[0xffffff8f][0xffffffb0][0xfffffff3][0xffffffe3][0xffffff8a][0xffffffca][0xfffffffe][0xffffffd9][0x13]V[0x7][0xffffff99]cB[0xffffffb3][0xfffffff6][0xffffff99][0x9]'[0xffffffab][0xffffffd4]a[0xffffffe6][0xffffffda]Ne[0xffffffcc][0xffffffdc][0xffffffbe][0xfffffffc]&[0xffffff98][0xffffffa9]v[0xffffffbf][0x5][0xffffffcc]h[0xffffffef][0xffffff94]W[0xffffffba][0xfffffffd]3[0x3]q[0xc]F[0x19][0xfffffff4][0xffffff98][0xffffff81]b[0xffffff99][0xffffffee]][0xffffffd0]#[0xffffffdd][0xffffff98]^E5[0xfffffff5][0xffffffc0][0xffffff84]B[0xfffffff3][0x18][0xffffffe1][0x5]D*g[0xffffff94][0xffffff99][0xffffffe3]@U[0xffffffcd]@Ds[0xffffff9d][0xffffffed][0xffffffac]K[0xffffffae][0xffffffab][0xffffffc0][0xc][0xffffff89][0xffffff83][0xffffff95]B=[0xfffffff7][0xffffffcc]x[0xffffffba];[0xffffffb9][0xffffff82]|[0xffffffbb][0x8] >([0xffffffbf][0xffffffef][0xffffffd0][0xffffffc4]=5MzU[0xffffffae]6[0xffffff83][0xffffff99][0xfffffff7][0xffffffc7][0xffffffa5][0xffffff90][0xffffffe7][0xffffffbc][0xffffff9c]:[0xffffffcc][0x1c][0xffffff9f][0x19][0xfffffffe][0x14][0xffffffab][0xffffff9e][0xffffff99][0xffffff93]Q[0xffffffea] s[0xffffff8c][0xffffffcc]f3[0xffffff95] S[0xffffffba][0xfffffffb]&[0xffffff90][0xffffffa9][0xfffffff6][0xffffffbe]%[0xffffffc8][0xffffffc0]1[0xc]4E[0xffffffda]?3[0xffffffd4][0xffffff8b]q}[0xfffffffe][0xffffffed][0xffffffa1][0xffffff96][0xffffff8d]*[0xffffff85]~[0xffffffc8]5[0xffffffe5][0x1c][0xffffffcb]([0x2]4a([0xffffffe9]z?h[0xffffffd9][\r][0xffffffc3][0x18][0xffffff8c][0xffffff9f]&^[0x17][0xffffffd9][0xfffffff7][0xffffff9d][0xffffffb3][0xffffffdd][0xffffffa8]2#[0xfffffff4]I[0xffffff86][0xffffffa6][0xffffffb7]T[0xffffffcd][0xffffff8c]{[0xffffff90]o[0xffffffb6]gh[0xffffffd2]t[0xffffffa1][0xffffff87][0x4][0xffffffc5]s[0x1]26C[0xffffffc6][0xffffffec][0xffffff9f][0x19][0x17][0xffffffe9]z[0x14][0x1b]4[0x7][0xffffffc8][0xffffff9c][0x1d][0xffffffe7][0x19]u[0xffffffb1]U[\r][0xffffffe0][0xfffffff4][0xffffffcc][0xffffff84]u[0xffffff98][0xffffff99][0xffffffad]R[0xffffff87][0xffffff99]k;-`[0xffffffe6][0xffffffe6][0xffffffe5]7[0xffffffc1]L[0xffffffa8]u[0xffffffbf][0x5][0xffffffcc](8[0xffffffce]F[0xffffffcb][0xfffffff6]D[0xffffff80][0x1c][0xffffff80][0xfffffff1][0xffffffd0][0x4]#![0xffffff92]Q[\n]"
16:09:28.336 [main] DEBUG org.apache.hc.client5.http.wire -- http-outgoing-0 << "3[0xffffff96][0xffffffb8]K[0xffffffd0][0xffffff9d][0xffffffa1][0xfffffff4][0xffffffec][0xffffffa7]`l[0xfffffff4]i[0xffffffa0]MC[0xffffffdb]F[0xffffffcb]4[0x19]Z[0xffffff9d][0xffffffb0][0xffffff96][0xffffffe1][0xffffffd8]L^[0xfffffff6]:[0xffffff8e][0xffffffcf]c[0xffffffc6]h[0xffffffa8][0xffffff90]p[0x12][0xffffff9f]yfrZ[0xffffffcf]s7;[0xfffffff6]E6#>[0x8][0xffffff97]k[0xffffffcd][0x1a][0xffffffd7][0xffffffb1];[0xffffffca][0xffffffe4]ti[0x17][0xffffffb2][0xffffff99][0xfffffff7][0xffffffc7][0xffffffe1][0xffffff8f][0xfffffff3],[0xffffffb5][0xffffffae][0xffffff9b][0xffffffc9][0xffffff95][0xffffffa0][0xffffff99][0xffffffcd]R[0x7][0xffffff9a][0xffffffc3]Csn[0xffffffa8]2h[0xffffffce][0xffffff8d]5[0xffffffdf]~[0x1b][0xffffffd0][0xffffffd4][0xfffffffa][0xffffffdf]2h[0xffffff84][0xffffff83][0xffffffef][0xffffffd5][0xfffffffc][0xffffffa1][0xffffffe9][0xffffff8d][0xffffffa7]?[0x19][0xffffffe8][0xffffffc9][0xffffffc4]0M[0xffffff93][0x15][0xffffff90]d[0xffffff8c][0xffffffef][0x3][0xffffffdc]f'[0xfffffffa]4ud9[0x3][0xfffffff0][0xffffffe9][0xffffffb4]"[0xfffffffb][0xfffffff7][0xffffffc0]FS[0x1d][0xffffff88][0xfffffff9][0xffffffd0][0xffffffd8][0xffffff8f][0xffffffe6][0xfffffff9][0x12][0x0]%l:,[0xffffffa4]L[0xffffffcf][0xffffff81][0x6][0xffffffba][0x19][0x14][0xffffffbc][0xfffffff2]Cs[0xfffffff0][0x3][0xffffffe9]s[0xffffffdd]L[0xffffffc0]|[0xffffffcc][0x9]J[0xffffffb1]As[0x4][0xffffffcd][0xffffffe1]8[0xffffffa9][0xffffff9d][0xffffffb5][0xffffffad][0xffffffe8]3[0xffffffc7][0xffffffd8]l[0x1d]G[0xfffffff3][0xffffffcc](m 3[0xffffff9b][0xffffffe9][0x1e]d.[0xffffffef][0xffffffbe][0x9]d[0xffffffaa][0xffffffbd]o[0x1]228[0xffffffaa][0xffffffbe]y[0xffffffd4][0xffffffa4]u[0xffffffa9]9t[0xffffffb4]:[0xfffffffa]nr[0x13]#[0x1]tc[0xc][0xffffffe3][0x0]Sn[0xffffffce]D[0xffffffd1][0xffffffc9][0xffffffc0][0xffffffc3][0x2][0xffffff93][0xffffff92][0xfffffff2]s/:#[0xffffffa8]BG[0xb][0xffffffab]f[0xffffffa0][0x15]%[0xffffffe8]X[0xffffff8f][0xffffffb6][0xffffffa2][0xffffffa7][0x9]N[0xffffffa1][0xffffffc8][0xffffffcb]'[0xffffffdf][0x19][0xffffffaf][0xffffffe0][0xffffffdd][0xffffff94]b3[0x11]?([0xfffffffa]34ghQ@8[0x13][0xffffff90]}[0x16]b[0xffffffb3][0xffffffcb][0xffffffe3][0xffffff81]N[0xffffffeb]\[0xffffffc5]n[0xffffff93][0xffffffce][0xffffffac][0xffffffa4][0x1][0xffffffcc]Fi[0x3][0xffffff99][0xffffffd9]L[0x5][0xffffffc8][0x14][0xffffffef][0xffffffbe][0x9]dt[0xffffffad][0xfffffff7]-B[0xffffff86][0xfffffffa][0xffffff92]2[0xffffffed][[0xffffff9a][0xffffff83][0xffffffea][0xffffffc4][0xffffffa8][0x13][0xffffffef][0xffffff88][0xffffff8b]6[0xffffff8e]6QMv)S3[0xfffffffb][0xffffff91]>}[0xffffffa4][0x7f][0xffffffa2][0xffffffba]>[0xfffffff8]Q[0xffffff86][0xffffff98][0xffffffb4][0x1a] [0xffffffa1]%[0xfffffff8]4#<a[0xffffffd8][0xffffffbf][0xffffffd3][0xfffffff3][0xffffffdd][0x19][0xffffffcb][0xffffffac][0x19]38[0xfffffff2][0xffffffa9]B3[0xffffffe9][0xc][0xffffffa1][0xffffffea][0xffffffd9]S[0xfffffff0]>4;[0xfffffff9]A[0xffffffa6][0x1][0xfffffff8][0x1d]E0[0xffffffb3]Pg[0xffffffbe]8[\r][0x9]U[0xffffffd9][0x19][0xffffff8c]m[0x10][0xffffffb3][0xffffff8e][0xffffffa1]yf[0xffffff93]6[0xffffff88][0xffffff99][0xffffffad]t[0xf]1[0x7]K[0xffffffcd]w[0xffffffdf][0x4]1[0xffffffd5][0xffffffce]w[0x7]1P[0xffffffa6][0xffffffda][0xffffffd7][0xffffffcc][0xfffffff4][0xffffff88][0xffffffe7][0xffffffe9]Iv[0xffffff84].[0xffffff8c][0xffffffc3]t"[0xfffffff8]^[0xffffff84])v[0x0]%e[0xffffffea]0[0xffffff85]-[0xffffffaa]i[0xfffffff4]3c[0xffffffd7]I-&[0xffffffdd][0xfffffff7][0xffffffa3][0x12][0xffffffba][0xffffff87][0xffffff92],d_[0xffffffc1]jf[0xffffffa2][0xffffff8d][0x19]7[0xfffffff1]p[0xffffff9d]Y9Ja;ga[0xffffffc3][0xffffffcc][0xffffffc1]S[0x9]1[0xfffffff4]>[0xffffffc5][0xffffff8e]r[0xffffffa3][0xffffffb0][0xb]q[0xffffffd9][0xc][0xffffff99][0xfffffffd]q[0xffffffd8][0x16][0xffffffed][0xffffffcb][0xffffffcc]+[0x7][0xffffffce]f[0xffffffa3][0xffffffd4]A[0xffffff86][0xffffff96][0xffffffd4][0xffffff85][0xffffff99][0xffffffee]B[0xffffffe6][0xfffffffd][0xffffffdd]7AL[0xffffffb5][0xfffffff3][0xffffff95][0x11][0xffffffc3][0xffffffc7]^[0xffffffd1][0xffffffce][0xc][0xffffffed]GgB[0xffffffb2][0xffffff93][0xffffffa5]33y2[0xffffff97][0xffffff8e][0xffffffca]q[0xf][0xffffffb5]y [0x6]K"[0xffffff8d][0xffffffa1][0xffffffa3][0xffffffc0]<t[0xffffff82]I[0xffffffb4]H[0x10][0xffffffa6][0xffffff98][0xffffff9a]qa4ti[0x12][0xffffffd3]f[\n]"
16:09:28.337 [main] DEBUG org.apache.hc.client5.http.wire -- http-outgoing-0 << "[0xffffffde]KE[0xffffff95][0xffffff99][0x11][0x0]R[0x19]A[0xffffffb3][0xffffffe9][0xfffffff1]f[0xffffffa6][0xffffffde][0xffffffd1]A[0xffffffd2]g[0xffffffb1][0xffffffd3][0x5]b[0xffffffc2][0x7][0xffffffc5][0x0]4[0x13][0xffffffcd]:[0xffffffcf][0xffffff9b][0xffffffc1]h[0xb]j[0xffffffa1]3#[0xffffffce][0xffffff8e]3qE[0xffffff92]v[0xffffffc6][0xffffff96][0xffffffae]{cN[0xffffffac][0x19][0xffffffb9][0x12]2[0xffffffb3]U[0xffffffea] s[0xffffffc8][0xfffffffe][0xffffffcf][0xffffffed]T[0xffffff82]L[0xffffffe1][0xfffffff2][0xffffff9b]@[0xffffffa6][0xffffffda][0xfffffffb][0xffffffee]@[0x6]/i[0xffffffdf][0xffffffcc]T[0xffffffcc][0x16][0xfffffff8][0x1e][0xffffffef][0x1b];'[0x3][0xffffffcf][\n]"
16:09:28.337 [main] DEBUG org.apache.hc.client5.http.wire -- http-outgoing-0 << "O[0xc][0xffffff98][0x19][0xffffffba][0xffffffa0][0xffffffe1]gj[0x17][0xffffffa4][0xffffffe9][0xffffffa6][0xffffffe4]&[0xffffff98][0x1][0xffffff93][0xffffff87][0xffffffa5])[0xffffff88][0xffffffcb]<[0xffffffcc][0xffffffe7]>YX[0xffffff9a][0xffffffa9][0xffffff86]iF1[0xffffffc3]i[0xffffffcf]W[0xffffffe0][0x19][0xffffffc8][0xfffffff0][0xffffff87][0xffffffa0]fVH[0xfffffffe][0xffffffdf]0[0xffffffe0]2[0xffffffa3][0xffffff99][0xffffffd1][0x19][0xffffff92]y[0xffffffaf][0x17]*f[0x17][0xffffffc7]5[0x3][0xffffffd3][0xffffffb2]U[0xffffff95]y[0xffffffc6][0xffffffcc][0xffffffca]y3fa[0xffffffdf][0xffffffcc][0xffffffd2][0x6]3[0xffffffb3][0xffffffa1][0xffffff96]1s4[0xffffffd6]|[0xfffffffb]M@S[0xffffffed][0x7f][0xffffff8b][0xffffffa0]A[0xffffffbf]"[0xfffffffe][0xffffff84][0x11]M[0x5][0xfffffff9]d[0xffffff98][0xffffff98][0xffffffc2]L[0xffffff9d]"EaT[0xffffff86]<%[0xfffffffa]^[0x12]x)3[0xfffffff0][0xffffffb6][\r]<C[0xffffffde][0x3][0xffffffa4][0xffffffd4][0x7]D6[0xffffffd0][0xffffffd5][0xffffff80]\[0xffffff93][0xffffffba]a[0xffffffa4][0xffffffef][0xffffffa9][0xffffff9e][0xffffffcf]e[0xffffff8c][0xfffffff7][0xffffffb4][0xffffffda][0xffffffa0][0xffffffb3]<[0x6][0x1a]M[0x9]l[0x1f]m1[0xffffffad]&[0xffffffef][0xffffff82][0xffffffc6]p[0xffffff9c]o-M[0xffffffd3]<2P[0xffffffaa][0xffffff98][0xffffff9d]@s8[0xffffffce][0xfffffff8][0x1d]oz[0xffffffa3]2[0xfffffff3][0xffffffa9]5[0xffffffb3][0x12]3[0xffffffb3]U[0xffffffea]0sm[0xffffffa7]{[0xffffff98][0xffffffb9][0xffffffbc][0xfffffffc]6[0xffffff98][0xffffffa9]u[0xffffffbf][0x5][0xffffffcc][0x4]h[0x1f]0[0xfffffff4][0xffffffdb][0xffffffcf][0xffffff9b]M[0xffffff92]QGK[0xfffffff0]5F1[0xfffffff4]Q[0xffffffa1][0xffffff97][0xffffff91][0xffffffdc][0xffffffc0],3[0xffffffc1] [0xffffffcc]fF[0xffffffee][0xffffffc7]a[0xffffff8c][0xffffff93][0xffffff89][0x13][0x15]a2[0xffffff88][0xffffff80]<[\r]j[0x1b]S[0xffffff92][0xffffffd6][0xffffffc1][0xffffffe0][0xffffff94][0xffffffcf][0xffffffb7]f<[0xffffffb3][0xffffff90]Y[0xffffffd7][0xffffffe2]1[0xffffffcc][0x10][0xffffffa6][0xfffffffb]<[0x6]`[0x3]Sd[0xffffffb7][0xffffffe5]34[0x1c][0xffffff98][0xf][0xffffffca][0xffffffee]c[0xffffffb3][0xffffffdc][0xffffffd1][0xffffffdc]i[0xffffff86][0xffffffd3]r[0xffffffeb][0xffffffb3][0xffffff88][0xffffff99][0xffffff8b][0xffffffe3][0xffffff91]~nk[0xffffffc8][0xffffffac]$[0xffffff9a][0xffffffcd]F[0xffffffa9][0xffffff83][0xffffffcc][0xffffffb5][0xffffff99]J[0xffffff90])[0xffffffdc]}[0x13][0xffffffc4]T;[0xffffffdf][0x2]b[0xffffff90][0xffffff81][0xffffff89][0xfffffff8]k[0xfffffffb]"3[0xffffffa5]Z[0xffffffe1][0x7]42&9[0xffffff90][0xfffffff6][0xffffffa7])[0xffffffb7][0xfffffffa]I[0xffffff80][0xffffffe5][0xffffffa8]Pp"[0xffffff9d][0x9][0xffffffe3][0xffffff9e]u[0xffffff86]XS[0xffffffe0][0xffffffa9]a[0xffffff8a][0xffffff86][0xffffffd1][0xffffffb3][0x0][0xffffffc1]&v9[0x7f][0xf][0xffffffcf]#[0xffffffc6]([0xffffffa6][0x1a][0xffffffac][0x7f]pB[0x13][0x11][0xffffff99][0xffffff9c][0xffffffa4][0xffffffec][0xffffffd0][0xffffff94][0x2][0xffffffc1][0xffffffa5][0xffffffd0][0xffffffcc][0x7f][0xffffffc8][0x12]M:'[0xffffffc1][0xffffffc6][0xffffffed][0x1c][0xffffffd8]Z[0xffffffcc][0xffffffff][0xffffffdf][0x1f][0xffffffe7][0xfffffff5][0xffffffb3][0xffffffa1]U_f[0xe][0xffffffcd]Vbf6K[0x1d]f[0xffffffae][\r]U[0xffffffc6][0xffffffcc][0xffffffb9][0xffffffb1][0xffffffe6][0xffffffdb]o[0x2][0xffffff9a]j[0xffffffff][0xffffffbb][0x3][0x1a]C[0xffffff80][0xffffffd1][0xffffffbc]3C[0xffffffed]+A[0xfffffff2]7[0xffffff89][0x9][0xffffffcd][0x1e][0xffffffbe][0xffffffd9]$[0xffffffa6][0xffffffac][0x14]D[0xffffffeb][0xffffff85][0xffffff87]dD[0x7]@[0xc][0x9][0xffffffb6]3t[0xffffffff]~[0x18][0xffffffa7][0xffffffa4]x[0xffffff8d][0x4]5f[0x1e][0xffffff9d][0xffffffc9]*[0xfffffffe][0xffffffce][0xffffffd3][0xffffffa0][0xffffffb1][0xffffffd4]42o[0xfffffff8][0xffffffc1][0xffffffd0][0xffffffec][0xffffff90][0xffffffda][0xffffff9a][0xffffff9d][0xffffff93]B[0xfffffffb][0xffffffbb][0xffffffa0][0xffffff81]h[0xffffffc6][0xffffffb4][0x19][0xffffff9a]K"[0x12]k-<3[0x7][0xffffffb7]9[0x1c]g[0xfffffffe][0xe]m[0xffffff84]F[0xffffffef][0xffffffcc][0xffffffb1][0xffffff99][0xffffffb9]nn[0xffffffe6][0xffffffcc](u[0xffffff90][0xffffffb9]6[0xffffffd3]=[0xffffffc8]\[0xffffffde]}[0x1b][0xffffffc8][0xffffffd4]z[0xffffffdf][0x1d][0xffffffc8]dQ[0xffffffa3][0xffffffe6][0xffffff90]![0xffffffa7][0xffffffa7][0xffffffa8]4F[0xffffffaf][0xffffff86][0x11]*[0xffffffb3]#[0xffffffc3][0x17]N[0xffffff8c][0xffffffe8][0xffffffce][0xc][0xffffff94][0xffffff9c][0x7]Etm[0xfffffff4][0xffffffa0];D[0x2]x[0xffffff87]z[0xffffffa6][0x1]:C[0xffffffa8][0xffffffa6][0xffffffa0]t*t[0xffffff9d]j[0xffffffb2][0x19][0xffffff98][0x4][0xffffff8c][0x11]<H4;[0xfffffffa]B&[0xfffffffb][0x14][0xffffff87][0xffffffcd][0xffffff88][0xffffffcc][0xffffffde]0@PO[0xffffffd5][0xffffff8c][0xfffffff2]\f[0xffffffc1][0xffffffdc][0xffffff87][0xc][0xffffffb3][0xfffffff3][0xffffffb9]jF[0x5][0xffffffbd]mk&[0xffffffae][0x1c][0xffffff9a][0xffffffc1][0xffffffd6]o6i[0xffffff83][0xffffff98][0xffffffd9]Jw[0x11]sq[0xfffffff5]M[0x10]S[0xffffffed]|[0xb][0xffffff88]A[0xffffff9e][0xffffff89],[0xffffffc2][0xffffffb6]G[0xc][0x1d][0xffffff8e].Nxnd[0xffffffee]2[0x19])[0xffffffbd][0xffffffeb]h[0xffffffc2][0xffffff8c][0xffffffe8][0xfffffffd][0xffffff81][0x16]g![0xffffffc7][0x18][0xb]\[0xffffff92][0x1f][0xffffff98][0xffffff9e][0xfffffff1]n[0xffffff82][0xffffff8f][0xffffff86]B[0x0]u[0xffffffb6][0xffffffce][0xe][0xffffffb1]{[0xffffff9e]1[0xffffffc3]<[0x3]3[0xffffff93][0xffffffd4][0xffffffaa][0x1f][0xffffffcb]e[0xe][0xffffff88][0xffffffc9][0xffffffba]f4u[0xffffff8a][0xffffffed][0x7f][0xfffffff7]AB7[0xc]Y[0xffffffa2])O[0xb]0}[0xffffff9a][0xffffffc7][0xffffff9f][0xffffff8b][0xffffff88][0xffffffb9]8[0x1e][0xffffff99][0xffffff81]k[0x1f][0xffffff99][0xffffffad][0xffffffe4]3[0xffffffcf]fi[0x1][0xffffff9a]sC[0xffffff95]@S[0xffffffba][0xfffffffd]&[0xffffffa0][0xffffffa9][0xfffffff6][0xffffffbf];[0xffffffa0][0xffffff81]F[0xffffffdc][0xffffffbe]9[0xffffffd3]G[0xffffffb8]d$b[0xffffffe4]+z0D0~[0xffffff8c][0xffffffa3][0xffffffa0][0xffffffbd]I[0xf][0xffffffd0]@[0xffffff9d]1[0xffffff83]v[0x1d][0xffffffa2][0xffffffb4][\n]"
16:09:28.338 [main] DEBUG org.apache.hc.client5.http.wire -- http-outgoing-0 << "[0xfffffff2][0xffffffd5]@([0xffffffd5][0xb][0xfffffffe]&[0xffffff94][0xffffffb3]1[0xffffffa5][0xffffffcc]4[0xffffffcb][0xffffffbc][0xfffffff6][0xffffffa7][0xfffffff9][0xffffffcc][0xffffffb0][0xffffffa3]][0xffffffd6][0xffffffd0]y[0xffffffa4][0xffffffd2][0xffffff8c]`[0xffffff9d][0xffffffcb]|f-=c[0x11][0xffffffa5]t[0xffffffe6][0xffffffe8][0x7][\n]"
16:09:28.338 [main] DEBUG org.apache.hc.client5.http.wire -- http-outgoing-0 << "uZE;[0xffffffd3][0xffffffc2][0xffffffca]^[0x1][0xffffff9a][0xffffffc3]q/[0xffffffe0]q7[\n]"
16:09:28.338 [main] DEBUG org.apache.hc.client5.http.wire -- http-outgoing-0 << "[0xffffffcc]N5[0xffffffb3][0xffffff95][0xffffff90][0xfffffff1][0xfffffff6]h[0xffffff94]:[0xffffffc8]\[0xffffff9b][0xffffffe9][0x1e]d.[0xffffffee][0xffffffbe][0x9]b[0xffffffaa][0xffffff9d]o[0x1]1[0xffffffa4][0xffffff85]h@[0xffffffc6][0xfffffff6][0xffffff94][0xffffff99]<[0xffffffbc][0xffffff8c][0xffffffd4]lO:[0xffffff9d][0xffffffba][0xffffff94]s[0xfffffffe][0x1e]1[0x0][0xffffffe4]g&[0xffffff84][0x0][0xffffffa8]*{f[0xffffffff][0xffffff83][0xffffff8f][0xffffffb6]Gu6[0xfffffff9][0xffffffd1][0xfffffff2][0xffffffd0][0xfffffff8][0xffffffce][0xffffffc8][0xe]F[0xffffffa5][0xffffff9c][0xffffff90][0x9][0xffffffa8]@[0xffffff8c][0xffffffe2][0xb] [0xffffffcd]S[0xffffffb9][0xc][0xffffffba][0xffffffcb][0xffffffde][0x2][0xffffffe2][0x12]b[0xffffffec][0x7][0x19][0xfffffff7][0xffffffb3][0xffffff99]j?[0x1][0xffffffc0]T[0xffffffda][0xffffffd2]l[0xffffffa6]x[0x7f][0xffffffdc][0xffffffa3][0xffffff8d][0xffffff9d][0xffffffc5]i[0xffffff9a][0xffffffa8][0x0][0x1c]r[0xffffff99][0xffffffb8][0xffffff92][0xffffffca][0xffffffec]O6[0xffffffa9][0x3][0xffffffcc][0xfffffff1]1[0xffffff9e][0xffffffad]T[0x2]L[0xffffffe9][0xffffffea][0xffffff9b] [0xffffffa6][0xffffffda][0xfffffff9][0xffffff96][0x10][0x3][0xffffffc7][0xffffff8b]p[0xffffffe1]'t3[0x5]L1K~big[0xffffff8e][0x1d][0xffffff8d][0xfffffffd][0xffffffac]3[0xffffffe3]5/[\r]#4P0Q[0x5][0xffffff80][0xffffffda],'[0xffffffc6][0x2][0x10]v[0xffffffec][0xffffffa4][0xffffffc7]U[0x11]=[0xffffffe6]}[0x9]Co+[0xffffffb4]3qL[0xffffffe2][0xffffffc0]|[0xffffffa5]G[0xffffffde][0x18][0xffffffaa][0xffffffa7][0xffffff8c][0xffffff8e]A[0xc][0xffffffb6]V[0xffffff94]Kf{?[0xffffffc8][0x15]f@[0xffffffe3]w$kJ.[0xffffffa5]2[0xffffffef][0xffffff8f][0xffffffd3][0x0]s[0xffffffed][0xffffffab][0xffffffcc][0xffffffeb][0xffffffb8][0xffffffcc][0xffffffcc]4[0x1c][0xffffffad]R[0xffffff87][0xffffff99]k;-b[0xffffffe6]d[0xffffffab][0xfffffff9][0xfffffff2][0xffffff9b]`[0xffffff86][0xffffffe8][0xffffffba][0xffffffce][0xfffffffd][0xffffffee]`F[0x6][0xfffffff5][0x13][0xffffffe2][0xffffffb2][0xffffffc0][0xffffffec][0x9][0xffffffa2][0xfffffffe]Q[0xffffff8e][0xffffff9d]@z)[0xffffffd7][0xffffff90][0x5]d[0xffffff98][0x18]F5[0xffffffa1][0xffffff87][0xffffffc7]#3%[0xffffff9a][0xffffff99]#D[0x0]5[0x6]F6m?"[0x13][0xffffffd0]3[0xffffff9c]I[0xffffffe9][0xffffffac][0xffffff82][0xffffffcb]L[0xffffffa8][0xffffff84][0x10]lx[0xffffffb0][0xffffffcc]|[0xfffffffc]~Re[0x16]g[0xffffffe2][0xffffffe3][0x17][0xffffffa4][0xffffff99]#[0x8][0xffffff98][0xffffff99][0xffffffa1][0xfffffff1][0x19])D[0xffffffc9]%[0xffffff9a][0xffffffd9][0xfffffff9]qH[0xffffffc7][0x6]%[0xffffffdd][0xffffffb9][0x18][0xffffffd7][0xffffff8a]5[0xffffffb3][0x12]4[0xffffffb3]Y[0xffffffea]@sm[0xffffffa8]{[0xffffffa0][0xffffffc9][0xffffffc6]:[0xffffffbf][0xfffffffd]&[0xffffffa0]a[0xffffffd0][0xffffffa4][0xffffffce][0xffffffff][0x16]@[0xffffffc3]6[0xb][0xffffff96]M[0xfffffffc][0xffffff84][0xffffff99][0xffffff99]NLL[0xffffffd3][0xffffffd3][0xffffffdb][0xffffffef][0xffffffc9]P[0xffffffc8][0xfffffff0][0x7]R[0x4][\n]"
16:09:28.338 [main] DEBUG org.apache.hc.client5.http.wire -- http-outgoing-0 << "[0xffffffb8]h[0x1][0xffffffee]{[0xffffff96][0xc][0xffffff94]![0xffffffa3][0xffffffa1][0xffffffe9][0xffffffc3]X[0xffffff9e] z1#][0xe][0xffffff83][0xffffffc6][0xffffffa6]C[0x12]pT[0xffffffc3][0xfffffff4]th[0xffffff86]#[0xb][0xffffffde][0xffffffab][0xffffffe7][0xffffff98]fn'=[0xffffffd2];[0xffffffa5]A3a[0xfffffff6][0xffffffab]6L[0xffffffd6][0xb][0xffffffc8][0xc][0x0][0x9][0xffffffab]w![0xffffff97]y[0x7f][0x1a][0xffffff9d][0x3][0xffffffda]`m#[0xffffffb3]u4[0xffffffb3]3[0xffffff93][0xffffffb4][0x0][0xffffffcc][0xffffffb9][0xffffff91]J[0xffffff80])]}[0x13][0xffffffc0]T[0xfffffffb][0xffffffde]2`x[0x8]D[0xfffffffb]f&=[0x17][0xffffffd4]+[0xffffffa5][0xffffffef][0xffffffc9]gL[0x18][0xfffffff2][0xffffffb7][[0xffffffd8][0xffffffa1][0x3][0xc]NRCfh[0xffffffd9]!2c[0xffffff91][0xffffffd1][0xffffffb4][0xffffff9a]g[0xffffff88]*4[0x19][0xe][\r]P[0xffffff99][0xffffffb4][0xffffff8e]D<O[0x3][0xffffffc6][0xffffff90]d[0xffffffa3][0xffffffd5][0xfffffffe][0xffffffa8]D3i-[0xfffffff9][0xffffff89]B[0x13][0xffffffd6][0xffffffc2][0xffffffec])[0xffffffe5]2G?[0x10]T[\n]"
16:09:28.339 [main] DEBUG org.apache.hc.client5.http.wire -- http-outgoing-0 << "[0x2]:3[0xffffffb9]x[0xffffffb1][0x2]1[0xffffff87][0xffffffe3],:0[0xffffffb1]U[0xffffffc9][0xffffffec][0xffffff94][0xfffffffe][0xffffffaf][0x1b][0x0]8[0xffffffb3]J[0x1d]f[0xffffffae][0xffffffed]t[0xf]3[0xffffff97][0xffffff97][0xffffffdf][0x4]3[0xffffffd5][0xffffffee]w[0x7]3([0xffffffe6][0xffffffb5][0xffffffc7][0xffffff8c]R42[0xffffffc9][0xfffffff4];[0xffffffed][0xffffffd1],[0xffffffcf][0xffffffdd]g8[0xffffff8f]}[0xffffffea][0xffffffd1]_[0x1a][0x12][0xffffff8e]i[0x18]eF[0xffffffca],[0x13]e[0xffffffac]1[0xc][0xffffffce][0xc][0x12][0xffffff9e][0xffffffa6]S[0xfffffffd]d[0xffffffd1]@[0xffffff9f][0xffffffaa][0xffffffe8][0xffffffcc][0xffffff94][0x15][0xffffffa8]7<[0xffffff96][0xffffffcd][0x1c][0x2][0xe][0xfffffffa][0xffffff93][0xffffff8c][0xffffffe9][0xffffff9b]"[0xffffffcd][0xffffffec][0xffffff80][0x19][0xffffffba]2[0xffffffd0]k[0xffffffc4][0xffffff8e][0xffffffd1][0xffffff86][0xffffff85][0xfffffff5][0x19]0l[0xffffffde][0x1f]G;[0xffffff94]FN[0xffffffa3]Wf&[0x0][0xffffffac][0x4][\r][0xffffffdf][0xffffffaf]7[0xffffffb3][0xffffffd4][0xffffff81][0xffffffe6][0xffffffda]P[0xffffffcb][0xffffffa0]9[0x1a]k[0xffffffbe][0xfffffffd]&[0xffffffa0][0xffffffa9][0xfffffff6][0xffffffbf][0x5][0xffffffd0][0xffffffe4]\[0xffffff99]([0xffffffa6]}[0x9][0xffffffc0][![0xffffffe4]0[0xffffffd0][0xffffffa6][0xffffffcc]}[0xffffffcc][0xffffff91][0xffffff99][0xffffffe6] ;[0xffffff8d][0x8][0x0]T[0xffffff99][0x18]R[0x18][0xffffffd0]1[0xffffffeb][0xffffff90][0xffffffcb]P[0xffffffcc][0xffffffff]3[0xffffffe4][0xffffff8b][0xfffffffa]_T[0xffffffda]C[0xffffffb2][0xffffffa1][0xfffffff9][0xffffffe9][0xffffffa4][0xffffffa9][0xffffffe8]f[0xfffffff2][0xffffffc6][0xffffffe4][0xffffffdf][0xffffffe1][0xffffffa9][0xffffffde][0xffffff8c]c[0xfffffff5][0x12][0xffffffef]\[0xffffff91][0x0][0xffffff90][0xfffffff7][0xffffffa0]e[0xffffff9e][0x19][0xffffff9c]4[0x8][0x0][0xffffffdc][0xffffffc9].[0xffffffc9]f[0x0][0xffffff9a][[0xffffffc7][0xffffff9b][0x14][0xffffffcd]f[0xffffffd0][0xffffffac][0x1c][0xffffffce][0xffffff9c][0xffffffcd][0xffffffd2][0x6]4[0xffffffb3][0xffffffa1][0xffffffca][0xffffffa0][0xffffffb9]}[0xfffffffb]M@S[0xffffffed][0x7f][0xb][0xffffffa0]A[0xffffff9a][0xffffff9b]PF[0xffffffb5][0xffffff97][0xffffffce][0xffffff84]3F[0x16]f[0xffffffd9]4[0x18]&T[0xffffff98]@[0xffffff8c]B[0xffffffa8][0x19]}[0xfffffff3][0x9]%[0x18]E[0x19]Z:[0xffffff9d]7[0x0][0xffffffb8][0xffffffd1][0xfffffff3][0x10][0xffffffa1]q[0xffffffc6]#[0x3]wq[0xffffff98]4y[0xffffffce]8V[0xffffff80][0x6][0x1a]?[0xfffffff2]][0xffffffcf][0xffffffa5]3~'[0xffffffd9]|[0xffffffa4][0xffffff8a][0xffffff95]f[0xffffffbd][0xffffffd7]hF[0xffffffd6][0xb][0xffffffaa][0xffffff99]A7[0xffffff83][0x1][0xffffffe5][0xffffffa5][0xffffffba][0xffffffd9][0xfffffffb][0xffffffe3]T[0xffffffa5][0x19]Rl[0xfffffff4][0xffffffd2][0xffffff9c][0xffffffa2][0xffffffb3][0xffffff95][0xffffff98][0xffffff99][0xffffffad][0xffffffd2][0x2]3[0xffffffe7]v*a[0xffffffa6]t[0xfffffff9]M0S[0xffffffed]~e[0xffffffcc][0xffffffb0]j[0xffffffd1][0xffffffee]}[0xffffffbb]9m[0xffffffc6]e[\r][0x19]%[0xffffffa9][0xffffff80]![0xffffff85][0xffffff91][0xffffffe4][0xffffff88][0xffffffcc][0xffffff9f][0x1b][0xffffff8c]I[0x12][0xffffffc2]0[0x2][0xffffff9a]#_sF[0xffffff98][0xffffffa1][0xffffff9c][0x11][0xffffffa6]ADC[0xffffffeb][0xffffffcb]8[0xffffffaa][0xffffffd1]fdzF"[0xffffffed][0xfffffff4]tFc[0xffffff99]2vP[0xffffffa4][0x1f][0x1c][0xffffffcf]<[0x4][0x1d][0xffffffd4][0xffffff8f]Qv*[0xf]4[0xffffffe7][0xffffff88]k[0xffffffaf][0xffffffd1][0xffffffcc][0xffffffbf][0xffffffc8]h[0xfffffff2]B[0xffffffc3][0xffffffa5][0x1a][0xffffffc0][0xfffffffb][0xffffffe3][0xffffffc8][0xffffffcd]"l[0xffffffde][0x8]3o[0xffffffdd][0xffffff99]u#[0x0]g6i[0xffffff83][0xffffff98][0xffffffd9]Je[0xffffffc4][0xffffff9c][j[0xffffffbe][0xfffffffa]&[0xffffff88][0xffffffa9]v[0xffffffbe];[0xffffff88]A[0xffffffef][0xffffffba][0xffffffbd][0xffffffd0][0xffffff8c]L[0xc]_[0xffffffd2]gA[0x4]#y[0xffffffd3][0xfffffff5]1)=2[0xffffff81])`l[0x2][0x19][0xffffffd4][0xffffffff][0xffffffb5][0xffffffec][0xffffffc7][0x11]YYr[0x2][0xf]H"tz[0xffffff86][0x0][0x4][0xffffffdd][0xffffff9a][0xffffffa1][0xffffffaf][0x19]h[0xffffff86][0xffffffa3][0xffffff9d][0xffffffe5][0xffffff9f][0xffffff9f]R[0xffffffcd][0xfffffff0][0xc]4#[0xffffffee]T[0xc][0xffffffcd]N[0x10]@d[0xffffffd3]B[0xffffff9b]1[0x0]}[0xffffffa1][0x6]pq<[0xffffffb2]B[0xffffffae]-`V[0xffffff92][0xffffff99]g[0xffffff93][0xffffffb4][0x1][0xffffffcc]l[0xffffffa4][0xffffffbb][0xffffff80]9[0x18][0xffffffea]x[0xfffffff3]M[0xfffffff0]R[0xffffffed]z[0xb]x![0xffffff97] *s8Wc[0xffffff95][0x19][0xffffffe2]0Vc[0xe][0xffffffd9][0xfffffffb][0xffffff86][0xffffff90][0x6][0x8]g[0xfffffffb]Q[0xffffffcc][0xffffff84]"`n[0xffffffea][0xffffffc1]8KBu[0xffffffd4]sG[0xffffffed][0xffffff99][0xffffffdc]dE(b[0xffffffcd][0xffffffbc]4=Z[0xffffffcd][0xffffffcc][0xfffffff0]<[0xffffffff][0xffffffc2][0xffffffd0][0xffffff9a][0xe]{[0x19][0xffffffbf][0xffffffc7][0xfffffff2][0x7f][0xffffff9b][0xffffffb7][0xffffffc8]Zd0`[0xffffffc6][0xffffffe5][0xffffff95][0xffffff98]7E3[0x5][[0x0][0xffffffe8][0xffffffff][0xffffff93][0xffffffca]P_[0xb][0xffffffbb][0xffffff80][0xffffffde][0xffffff91]][0xffffffd8][0x2]pq[0x1c]z[0x10][0xffffffd9]Z#[0xffffffc0][0xffffff9c][0xffffffa2][0xffffffb2]ud[0xffffffe6]3[0xffffffab][0xffffffd4]A[0xffffffe6][0xffffffda]N%[0xffffffc8][0xffffffbc][0xffffffb7][0xffffffd5]|[0xfffffff9]M0S[0xffffffed]~w0[0x3]e[0xffffffa6]=gF[0xffffffb3]R[0x6][0xffffffbd]2Mm9)[0xffffffd5][0x11][0xffffffc3]w[0xffffffd6][0xffffff8c](f[0xffffffc2]Y[0x1e][0xffffffe0][0xffffff9a]E[0xffffff9a][0xffffff96][0x11]yf[0xfffffffa] [0xffffffb0][0xffffff97][0xffffffed][0xffffff84][0xffffffd8]9dN[0xfffffff6][0xffffff9f]wH[0x7][0xffffffd4][0xffffffd5][0xffffffcc][0xffffff98][0x7f][0xffffffa4][0xe][0xfffffff7] [0x3][0xffffffe0][0x10][0xffffff95][0xffffffb1][0x11][0x13][0xffffffca][0xffffffa8][0xffffffb9][0xffffff8b][0xffffff99]<iF[0xffffffa9]@[0xfffffff3][0xfffffff1]^[0xffffffca]d[0xffffff8e]ns8[0xffffff8e][0xffffffb2][0x1]`n[0xffffff84][0xffffff99]9[0xfffffffd]_[0x9][0x1a][0xffffff96][0xffffff98][0xffffffbe][0xffffff99][0xffffffa5][0xe]4[0xffffffd7][0xffffff86][0xffffffba][0x7][0xffffff9a][0xffffffcb][0xffffffdb]o[0x2][0xffffff9a]j[0xffffffff][[0x0][\r][0xffffffdb][0xffffffec]t[0xffffffa6][0xffffff9a]5[0x7f]h[0x6][0xffffff96][0xffffffbe][0xffffff92]G[0xffffffc7][0xffffffbc]aF[0xffffffb0]x[0x19][0xffffff9e][0x1]K[0xffffffcc]G4[0xffffffcb][0x1c][0xffffff84]2[0xffffffea]i[0xffffff82][0xffffffc4][0xffffff9f][0xffffffee][0xffffff8c][0xfffffff6]y[0x9]e[0xffffffcf][0xffffff88]3RN[0xffffffd3]4*[0xffffffe8][0x2][0xffffff9d][0xffffffaf][0xffffff99][0xffffffcd][0xffffffcc]%@[0xffffff96]A?H[0xffffffcd]<[0xfffffffa][0x2][0x7f]L[0xffffff90]]zh[0xffffffd8][0xffffff88]I[0xffffffcd][0xffffff8c][0xffffff8f][0xffffffad]G9s[0x7][0x8]t[0xffffffee][0xffffffe9][0x17][0xfffffff9][0xffffffcc][0xffffffef][0xffffff8f][0x1b][0xffffffa3])M[0xffffffb7][0x6][\r][0xffffffbc][0xffffffea]U[0xfffffffa][0xffffffcc][0xffffffb3]Y[0xffffffda][0xffffff80]f6T[0x9]4[0xffffffa5][0xffffffdb]o[0x2][0xffffff9a]j[0xffffffff][[0x6][\r]-[0xfffffff3][0xffffffd8][0xffffffbe]fF<F/[0xffffff93]v[0xffffffc4][0xffffff84]D[0xffffff86]c[0xffffffed][0xc][0xffffffba][0xffffffe6][0xfffffff4].[0xfffffff3]@[0xffffff99][0xffffffa0][0xffffffa1])[0xffffffd8]w[0xffffffa6]("Q0[0xffffffa3][0xffffffda][0xffffffec]:[0xffffffb8][0x1][0x11]Y[0xffffff9a]D[0xffffffde][0xffffffc3][0xffffff8c]@J[0xffffffcf]S[0x0][0xffffff88]C[0xfffffff8][0xc][0xffffffa0][0xffffffd1][0xfffffffc]pt[0xffffff86][0xffffff84],[0x1c]e!HR[0xffffffee][0xffffff81][0xffffffc6] [0xffffff9b]i[0x18][0xffffff9b][0xffffffc9]{@W[0xffffff80]&[0x1f][0xffffffcf][0xffffffb4][0xfffffff9][0xffffff86][0xffffffcb][0xffffffcd][0xffffff8f][0xffffffd1][0xffffffd9]Z[0xffffffcc][0xffffffcc]V[0xffffffa9][0xffffffc3][0xc][0x1f][0xffffff8c][0xb];[0xffffffdd][0xffffffc3][0xffffffcc][0xffffffe5][0xffffffe5][0xffffffb7][0xffffffc1]L[0xffffffad][0xfffffffb]-`&[0xffffff8f][0xffffffed]E[0x18]P[0xffffffcd][0x1f][0xffffff9a][0xffffffbc][0xffffffa2][0xffffff8c]*[0x19][0xffffffa0][0xfffffff1]l+[0xffffffd7]z[0xffffffb4]c[0xffffffd6]hFc[0xffffffdf][0xffffffc8][0xffffff9e][0xffffffaa]2[0xffffffa2][0xffffff99][0xffffffc4]l[0xffffffcc]u[0xffffffa1]9k[0x12][0x1][0x19][0x4]hd[0xffffff9c]%:[0x1b][0xffffff8a][0xffffffd4][0xffffffa6]bp[0x6][0xffffffc9]L[0x1e][0xffffffb2][0xffffffdc]oz[0xffffff84][0xffffff9f]yxh[0x18][0xffffff86][0xffffffc9][0x12][0xffffffef][0xffffffb7]W4[0xffffffa9][0xffffffbc][0xffffffd7],3[0xffffff9a][0x11][0xffffffcd][0xffffffa4][0xffffffd4][0xffffffac]i[0xffffffe4][0xffffffe4][0xfffffff9][0xffffffad][0x12]f[0xffffffae][0xffffff8e][0xffffffb3]l3W[0xffffffa5][0xffffff9b][0xfffffff4]f[0xffffffde]Jfk'[0x0]N&[0xffffffa9][0x3][0xffffffcc][0xffffffb5][0xffffff91]n[0x2][0xffffffa6]|[0xfffffff3]M[0xfffffff0]R[0xffffffed]z[0xb]xA[0xffffffcb][0xffffffdc]#0[0xffffffd1][0xffffff9e][0x1][0xffffffd0]9[0xffffffdc]nH[0xfffffff0][0xffffff94]{$[0xfffffffe]`[0xffffff94][0xffffffc1]'c[0xfffffffa][0x1f][0xfffffff6]L[0xffffffca][0xffffffdb]3[0xffffffd9][0xffffff9f][0xffffffc1]\3,L[0xffffffe8]e[0xffffff88][0xffffff82][0xffffffb2]J[0xffffff83][0xfffffff0][0x10]iM[0xffffff9c][0xffffffdd]O[0xffffffc8]V[0xffffffd4]0[0x0][0xffffff84]R[0xffffffce]<W1[0xffffff8b];CZ[0x1f][0x17][0xfffffff0][0xffffff82]43[0x1c]][0xffffffe8][0xffffff86][0xffffffe8][0xffffff88]C[0xffffff83][0x11]yG[0xffffffd9][0xffffffed][0xffffffc0]l[0xffffffef]5[0xffffffe7][0xffffffc7][0x19][0xffffff8f]d^[0xffffffa8][0x11]`N[0xffffffd9][0xffffff8c]X9[0x4]`Nfi[0xffffff83][0xffffff99][0xffffffd9]Pe[0xffffffcc][0xffffffdc][0xffffffbe][0xfffffffd]&[0xffffffa0][0xffffffa9][0xfffffff6][0xffffffbf];[0xffffffa0][0x11]H]5[0x7f]dF9[0xffffffa0][0xffffff9a][0xffffffa9];[0xffffffd6][0xffffffc7][0xffffffe6][0xffffff9e][0xffffff8b]D[0xffffff85][0xffffffd9]u[0xffffffa4])V[0xfffffff4][0xfffffffc][\r][0x4][0xffffffce]X[0xffffffca]<L[0xfffffffd][0xffffff94][0xffffff97][0xffffffd1]P-@t[0xffffff86][0xffffffef][0xffffffb5]F'pp[0x14][0xffffffd2][0xffffffa6][0xfffffff4]tc[0xffffff86][0xffffffc6]h[0x14][0xffffffbc][0xffffff9b][0xf][0xffffff96][0xffffff99]-k[0xffffffcd][0xffffff99][0x3][0xffffffd8][0xffffffe5][0x17]7[0xffffff97][0xffffff8e]o[0xffffff94][0xffffffcd][0xffffffce]P[0x0][0x3][0xffffff80]]3[0xc][0xffffffcd]0[0xffffff8f][0xffffffb2][0x2]4[0xffffff87][0xffffffe3][0xffffffd6]8J[0x6][0xffffffcd]A[0xffffffb3][0xffffff8e][0xffffff9f]yf[0xffffff96]:[0xffffffd0]\[0x1b][0xffffffea][0x1e]h.o[0xffffffbf][0x9]h[0xffffffaa][0xfffffffd]o[0x19]49FjO[0xffffff9b]a[0x9]3[0xffffffa8]PzH[0xffffff8e][0xffffffd8]L0t[0xffffff86][0xffffffd2][0x7f]g[0xffffffe9][0xffffffab][0xffffffc1]ia[0xffffffb7][0xffffffac]e33Ct0[0xffffffd0][0xffffffe0]7[0xfffffff3][0x10]![0xf][0x8][0xf]-wkD[0xffffff9f][0xffffffab][0xffffffdf][0xffffffcf][0xffffff83]&W[0xffffff87]X[0x2][0xfffffff3]x[0xffffffad][0xffffff99][0xffffffb8]#[0xffffffec][0xffffffd8][0xfffffff1][0xffffff86] [0xffffffda]=[0xffffffd0][0x0]0[0xffffff84]i[0x1c][0xffffffe3][0xffffffcf]e[0xffffffda][0xffffffcc][0x19][0xffffffc6][0xe][0xffffffc7]=[0xffffff90]iE5;%3+[0xffffffdf][0xffffff99][0xffffffd9]([0xffffffb5][0xffffff90]A[0xfffffff9][0xffffffed][0xffffff9d][0xffffff99][0xffffffee]A[0xffffffe6][0xffffffe2][0xffffffee][0xffffff9b] [0xffffffa6][0xffffffda][0xfffffff9][0x16][0x10][0xffffffa3][0xffffffa9][0x11]![0xffffffcf][0xffffffdf]>[0xffffffff][0xffffffef]Y[0x18][0xffffffd3]9D[0xffffff98]"[0xffffffe9][0xffffff8a][0xffffff94]H[0xffffffc9][0xffffffa2][0xffffff80]'[0x1c][\n]"
16:09:28.340 [main] DEBUG org.apache.hc.client5.http.wire -- http-outgoing-0 << "3}[0xffffffce][0x16]$[0x1c][0x1a][0xffffffe6]4Q.[0x1b][0xffffffa9][0xffffff92]1[0x19]4@[\n]"
16:09:28.340 [main] DEBUG org.apache.hc.client5.http.wire -- http-outgoing-0 << "@[0xfffffffa][0xffffffd6][f[0xffffff84][0xffffff90][0xffffffae][0xffffffac][0xffffff90]g[0xffffffca]R[0xffffffb3]l[0xffffffce][0xffffffa0]x[0xfffffffe]`.#[0xffffffb3][0xffffffb6][0x5][0xffffffb3]wL,[0xffffff94][0x10][0xffffffc3]:[0xffffffc8][0xffffff90][0xffffffbb]3[0xffffff99]3cw[0xffffffcc]oAj^xf[0xffffffde][0x1f][0xf]$vY[0xffffff98][0xffffffa6]e2[0xffffffb3]rhf[0xffffffb6]I[0x1d]`@[0xffffffcb][0xffffff85][0xffffff95]J[0xffffff80])]}[0x13][0xffffffc4]T;[0xffffffdf][0x1d][0xffffffc4][0xfffffffc][0xffffff94][0xffffffc5][0xffffff99][0xffffff88][0xffffffe3]Ly[0xffffff9c]L[0xffffffb2]p[0xffffffb6][0xffffffeb][0xfffffff4][0xffffffc4]b[0xc]A[0xffffff81][0xffffffa9][0xfffffff7]aB;B[0xffffff8c]S@[0x13][0xffffff90]<[\r]5[0x1a][0xffffffea][0xffffffcc][0xffffff94][0xffffffce]`k:[0xffffffe4][0xffffffff],Lg[0xffffff8d]X[0xffffffe0][0xfffffff3]o[0xffffff8c][0xffffff85][0xffffffc5][0x6]{[0xffffffed]qj[0xffffffe6][0xffffffde][0x17][0xffffffd8][0xfffffff4]I[0xffffffe5][0xfffffffd].bhk#[0xffffffb1][0xffffff99][0xffffffab]k[0xffffffc5]23o[0xffffffcc][0xffffffc9]m[0xe][0xffffffc7][0xffffff81][0xffffffa2]n<[0xffffffcf][0xffffffbc][0xffffff92][0xffffffcc]<[0xffffffdb][0xffffffa4][\r]bf+[0xffffffdd]E[0xffffffcc][0xffffffc5][0xffffffd5]7AL[0xffffffb5][0xfffffff3]- [0x6][0xffffffca][0x17][0xfffffffd][0x7f][0xffffffd5][0xffffffbe]1[0xffffffd3][0xffffffc3]- [0xffffffe1][0x1d][0x2]O[0xffffffd8]4E[0xfffffffe][0x13][\n]"
16:09:28.340 [main] DEBUG org.apache.hc.client5.http.wire -- http-outgoing-0 << "[0xffffff80]VA[0xffffff89][0xffffffa1]a[0xffffff83][0xffffffda]?[0xffffffa2][0xffffff80][0xffffffce][0xffffffe9][0xffffff84],@[0xffffffe7][0x18]BC?[0xffffff83][0xffffffd1][0xffffffe0][0x9][0x1c]QBsH[0xffffffb8]?[0xffffff8f][0x18][0xffffffa6][0xffffffd9]h[0xffffff8f]>*4K[0xffffff84][0xffffff9e]u[0xffffff84]w[0x14][0xffffff8d]cam&[0x10]`[0x17]d[0xffffffd8][0xb][0xffffffcd]0<[0xffffffe2][0xffffff99][0xffffffcd]D[0xffffff9c]c)[0xffffffff]??N[0xfffffff8]da[0x0][0xffffffb4]B[0xffffffcc]),[[0xffffff99][0xffffffc9][0xffffffcc]V[0xffffffa9][0xffffffc3][0xffffffcc][0xffffffb5][0xffffff9d]J[0xffffff98])]~[0x13][0xffffffcc]T[0xffffffbb][0xffffffdf][0x2]f[0x18][0xffffff8a][0xffffffcc][\n]"
16:09:28.340 [main] DEBUG org.apache.hc.client5.http.wire -- http-outgoing-0 << "[0x13][0xffffffed][0xffffffc5][0xffffff99][0x8][0xfffffff8][0xffffffe8][0xfffffff9][0xffffff93][0xffffff85]+[0xffffffe6]b"[0xffffffeb][0xffffffcc][0xfffffffa][0xffffff9e]=F[0xffffff84]`j[0xffffffca][0xffffffe1][0xffffff89][0xffffffcf][\r]K[0xffffffcd]:[0xffffff80][0x18]z)[0xffffffd8]0[0xffffffa3][0xffffffe9][0xffffffdc]0[0x5]@[0xfffffff2]#y[0xffffff8a]jV[0xffffffcd]2e[0xffffff90][0x1f][0xffffffb4][0xffffffc7][0xffffffd7][0xffffff99][0xfffffff1][0xffffffca][0xffffffc8][0xffffffcc][0x1c]#[0xffffffae]+[0xffffffbd]2[0xffffffe2]m4Sq[0xffffffd6][0xffffffb0]/P[0xffffffc6][0xffffffcc]{.[0xffffffd6][0xffffffcc][0xffffffde][0x1f]Wl[\n]"
16:09:28.340 [main] DEBUG org.apache.hc.client5.http.wire -- http-outgoing-0 << "9[0x1b][0xffffffc8]i4[0xffffffcf][0xc][0x13]aU3s6K[0x1d]h[0xe][0xffffffa1][0xffffffd9][0xffffffb9][0xffffffa1][0xffffffca][0xffffffa0]9[0xffffffcc][0xffffffb1][0x1e][0xffffff8c]5[0xffffffdf]~[0x13][0xffffffd0]T[0xfffffffb]_[0x19]4[0xffffff8a][0xfffffff4][0xffffff81]oelO5c$S[0xffffffc0][0xffffff81][0xffffffa1][0xffffffa6][0xffffffc4]&@[0x5][0xffffffb1]9[0xb][0xffffffe6][0xffffffd0][0xfffffffb]W#[0xffffff94][0xffffffe5][0xffffffa0]Y[0x11][0x10][0x1c][0xffffff90][0xffffffa1][0xffffffc2]l[0x8][0xffffffd7]zH[0x2]([0xffffffd2]$gXI[0xffffff9b][0x15][0x1]+[0xffffffc6]3![0x14][0xffffffa0]l[0xffffffa3][0x1f][0x17][0x1][0xffffffd8][0xffffff83][0x6][0xfffffff9][0x18]"[0xffffffbb][0x2]h[0xfffffff2][0xfffffff2][0x18][0xffffff84]3[0xffffffb2][0xffffffd0][0xffffffec]^k[0xffffff96][0xfffffff4]$[0xffffffcf][[0xffffff96]@sq[0xffffff9c][0x1c][0xffffff8b]I[0xffffffeb][0xffffffb6][0xffffffc9][0xffffffcc]J[0xfffffffa][0xffffffff]l[0xffffff93]6[0xffffff88][0xffffff99][0xffffffad]T@L[0xfffffff1][0xffffffea][0xffffff9b] [0xffffffa6][0xffffffda][0xfffffff9][0xffffffee] F[0xffffff93]d4[0xffffffaf]2[0xffffff83][0x11]Z[0xfffffffb][0xffffff9d]f[0xffffffb9][0x1f][0xfffffff4][0xffffffcf][0xffffffc8][0xffffffff][0xffffffb1]i[0xffffff96]a[0x0]Ts)"[0xffffffc3][0xffffffbe][0xffffff8c][0xffffffa3]A[0x1d][0x0]1f[0xffffffc1][0xffffffd0]?[0x1d][0x1a]m[0x2]r[0x1a][0xffffffb2]O[0xffffff9a][0xffffffff][0xffffffd9]X![0xffffff9b][0xffffffc1][0xffffffa7][0xffffff9c][0xffffffa1][0xffffffe9][0xffffffbc]=[0xfffffff7][0xffffff91][0xfffffff4][0x1f][0xffffffd1][0xffffffe1][0xfffffffd][0xfffffffa]X[0xfffffffe]t[0xffffffaa] 5[0xffffff93]icG[0xffffffc4][0xffffffa0][0x0][0xffffff80][0xfffffff4][0xffffff99]"[0xffffff9d]YHf.[0xffffff8e]3X[0xffffffc0][0xffffffa6][0xffffff8d]F[0xffffff88]9[0xffffff85]f+_[0xffffff99][0xffffffd9]*u[0xffffff98][0xffffffb9][0xffffffb6][0xffffffd3]][0xffffffcc][0xffffffec]m5_~[0x13][0xffffffcc]T[0xffffffbb][0xffffffdf][0x12]f[0x10][0xffffff87]g[0xffffffbe][0xffffffb0]};3[0xc][0xffffff91][0xffffffce]~[0xffffffcf][0xffffffb2]e[0xffffffc3][0xffffffb7][0xffffffb8]gwYp[0xffffff9e]b[0xffffff98]b>[0xffffff87]$&[0xffffff8f]\[0x11][0xffffffa1]A[0xfffffff9][0xffffffa7][0xfffffff4][0xffffff8a]\3[0xffffffe3][0xffffff9a][0xffffffa3]G[0x3] [0xffffff85][0xffffffce]v[0xffffffac]l[0xffffffaa][0xffffff90]g[0xffffff82][0xffffffb9][0xffffffc6]"[0x10][0xfffffffb]T[0x1]@[0xffffffef],[0xffffff9c][0xffffffe3],[0xffffffeb]w[0xffffffb3]3[0xffffff93]A@;3d[0xfffffff2][0xffffffb3]@0[0x0]~[0xffffffe9]=[0xffffffcc][0xffffff9c][0x1d][0xffffffd7][0xffffffb0][0x5][0xfffffff2]:[0xffffffa7]&%[0xffffffb3][0xffffffb9][0xffffff9d][0xffffffb9]r[0x8]`6K[0x1d]h[0xe][0xffffffa1][0xffffffd9][0xffffffb9][0xffffffa1][0x16]@s[0xfffffff3][0xfffffff6][0xffffff9b][0xffffff80][0xffffffa6][0xffffffda][0xffffffff][0x16]@[0x3]^[0xfffffff0]U[0xffffffd5]>4[0xffffff93][0xffffff88]J[0xffffffb1][0xffffff88][0xffffffc9][0xffffffb1][0xffffffd0][0xffffff9c]W$s[0x1][0x2][0xffffffc5]1[0xffffffd1]MyI[0x6]K5[0xffffffa9][0x2]X[0xffffffb6]7%E[0xffffffdb]?[0xfffffff6]=[0xffffffcc][0xffffffb2]`Y[0xffffff80][0xffffff86][0xffffffee][0x19][0xffffff99][\r][0xffffffe3]f[0xffffffcf][0xffffffd7][0x0][0xffffffa0][0x19]S[0xffffffdb][0xfffffff6]O[0xffffffe5]3[0xfffffff0]`plU[0xffffffaa][0xffffff9a][0x1][0xffffff9a]<[0x5]`[0xffffff91][0x0][0xffffffcc][0xffffff8b]3ye[0xffffffe8][0xffffff9c].[0xffffff86]f[0xffffffe7][0xffffffc7][0xfffffff3]>[0xffffffcf][0xffffffc6][0xffffff91][0xffffffd9]J6[0xfffffff3]l[0xffffff92]6[0xffffff80][0xffffff99][0xffffff8d]T[0x6][0xffffffcc][0xffffffcd][0xffffff9b]o[0xffffff82][0xffffff97]j[0xffffffd7][0xffffffbb][0xffffff83][0x17][0xffffffc2][0xffffffa1][0xfffffff6][0x13][0x0][0x6][0xffffffed][0xb]6[0x0][0xfffffff2]tdML[0xffffffc4]0xN&@[0xffffff83](`[0xffffffe4][0xffffff95][0xffffffa1]<60[0xffffffeb][0xffffff9f][0xfffffff7][0x3][0xc][0xffffffd4][0xffffff9b][0x11]jB9[0xffffffc3][0xffffff8e][0xffffff81][0xfffffff4]'omv[0x15]:[0xffffffb3][0xffffffa4][0x17]F[0xfffffff9][0xfffffff0][0x14]^[0xffffffe0]l[0x1][0xffffffb6][0xffffffac]QVzd[0xe]n[0xffffffa0][0xffffffa1]'[0xffffffda][0x1d][0xffffff9a][0x6]95Y[0xffffffc8]d[0xffffffce]O[0xffffffd3][0xffffffef]Aj[0xffffffa6][0xffffffd1][0x1b]s[0xffffffe0][0xffffff98][0xffffff85][0xffffff95]D[0xffffffe6][0xffffffd9]$-[0xfffffff0]rn[0xffffffa4]{x9[0x18]j[0xffffffbe][0xfffffffa]&[0xffffff80][0xffffffa9][0xfffffff6][0xffffffbd]%[0xffffffc0][0xffffffd0][0xffffff8b][0xffffffa3]-[0xffffffd3]>[0xffffff93]A[0xffffff9d][0xffffffbc][0x1b][0xffffffc8][0xfffffff9][0xffffffd9],[0xffffffcb]_IR[0xfffffff8][0xffffffc7][0x10][0xfffffff0]@aNt[0xfffffffd][0x1d][0xb][0xffffffcc]'[0xffffff88][0xffffffbd]=j[0xffffffe7]lbF[0xffffff86][0xffffff96][0xffffffa2]Z[0xffffff9f][0xffffffa7][0xffffff9c];[0xffffffcd][0xffffffee]YH+[0xffffffcf]?0[0xffffffac]![0xffffff86]/[0xfffffff3]h&s[0x8]6[0xc]k[0xfffffffd]h[0xffffffe7][0xffffffdf]}`[0xffffffe0]e2[0xffffff92]FV[0xffffff86]p[0xffffffe1][\n]"
16:09:28.341 [main] DEBUG org.apache.hc.client5.http.wire -- http-outgoing-0 << "[0xffffffc4][0xffffffbc]?[0xffffffde]$*;e2+[0xffffff83][0xffffffb2][0xffffffd9]*m03[0xffffffdb][0xffffffe9][0x1e]f./[0xffffffbf][0x9]f[0xffffffaa][0xffffffdd]o[0x1]3[0xffffffc8][0xfffffff5][0xffffffc0][0xfffffff6][0xfffffffa][0x9][0xffffff98]a{[0x19]{e'z,[0xffffff9d][0xffffffdb][0xffffffe7]3P[0xfffffffd][0xffffffe5]`[0x12][0xffffff99][0xffffffcb][0xffffff88]fsD[0xffffff9d][0x9][0xfffffffd][0x7f]C[0xffffffbe]C[0x19][0xffffff9a]I[0xffffff99]AJ[0xffffffea]T[0xffffff88][0xffffff9d][0xffffffd3][0xffffffa3]q[0xffffffe8][0x2]>[0xffffff8f][0x19][0x9][0xffffffb3][0x0][0xffffffd8]<>1[0xffffffb3]/[0x1c]3c[0x16][0xffffff8a]D[0xffffffe6][0xffffffbc][0xffffffd2][0xffffffcf][0xffffffff]&e[0x1e][0xfffffffe]g[0xffffff8f]3[0xfffffff5]y6[0xffffffda].`[0xffffffe6][0xfffffffd]q[0xffffff98][\r][0xffffffd4][0xfffffff1][0x1a][0xffffffbd]2s&[0xffffffb3][0xffffff92][0xffffffcc]<[0xffffff9b][0xffffffa5][\r]hfC[0xffffff95]@S[0xffffffba][0xfffffffd]&[0xffffffa0][0xffffffa9][0xfffffff6][0xffffffbf][0x5][0xffffffd0][0xffffffb0]1[0x14]6[0xffffffb1]j[0xffffffcf][0xfffffffe][0xf])[0xffffffab][0xffffffbd]R.[0xffffff83][0xffffffdd][0xffffffaf][0xffffffa6][0xffffff89]6^V[0xffffffff][0xffffffef]G[0xffffffd4][0xffffffcb][0xffffffa9][0xffffffa2]e[0xfffffffd]r8[0xffffffce][0xc][0xffffff97]E6e$;L[0xfffffff0]|{6[0x5]R[0xffffff8c][0xffffffe8]EL[0xfffffffa][0xfffffff9][0xffffffdd]L[0xffffffe8][0xffffffec]y[0xffffffd4]m[0x1e]U[0xffffff99][0xffffffc9][0x12][0x18][0xffffffaf]J[0xffffffef]"[0xffffffda][0xffffffcc][0xffffffee][0xfffffff6][0xffffff98][0x19]%[0xffffffb3][0xffffffb0][0xffffffa7]'kZ[0xffffff99]Y/[0x10][0xffffffc5]a[0xffffffc4]9[0x16]As~[0x1c]n[0xffffff92]?{[0xffffffc3][0xffffffea]:3[0xffffffa7][0xffffff87]f%ff[0xffffffab][0xffffffd4]a[0xffffffe6][0xffffffda]Ne[0xffffffcc][0xffffffdc][0xffffffbe][0xfffffffc]&[0xffffff98][0xffffffa9]v[0xffffffbf]%[0xffffffcc]P[0xffffff91][0xffffffe5]'[0xffffffd9]>[0xfffffffb][0x17][0xffffffec][0xffffff90]UI[0xffffffe7]V%s[0xffffffcd][0xfffffff4]1GJg[0xffffffb0][0x0][0xffffffd0][0xffffff98][0x1d][0xffffffa2]AM[0x13][0xffffffb6][0x9]d{[0xffffffc1][0xffffffb0]b"[0xffffffbf]as[0xfffffff1][0xffffffc8]h3l[0x1][0x16][0xffffffce](F6+[0x1e][0x1a][0x1f][0xfffffff8][0x10][0xffffffc8][0x7][0xffffffc9][0xffffffcc]y[0xffffff87][0x10][0xffffffe4][0xffffffb1][0x1d][0xffffffd2][0xffffffce][0xffffff88][0x8][0xffffff94][0xffffffb2][0x19]vA[0xffffffd2][0xffffff98]aeF[0xffffff9e][0xffffffce][0xffffffdc][0x5][0xffffffd6]@[0xffffff97]Uf[0xffffff80][0xffffffd8][0xfffffffb][0xffffffe3]y[0xffffff8c].[0xffffffb4]/[0xffffff99][0xffffffad]$[0xffffff9a][0xffffff91]I[0xffffffbe][0xffffff99][0xffffffa5][0xe]4[0xffffffd7][0xffffff86]*[0xffffff81][0xffffffa6]t[0xfffffffb]M@S[0xffffffed][0x7f][0xb][0xffffffa0][0xffffffb1][0xffffffec][0xffffff9a]u>[0xffffffcf]16[0x16][0xffffffce][0xffffffe8][0xffffffd1][0xffffff93][0xffffff85][0xffffffe6][0xffffffcf][0xffffffb2][0xffffffd9]D[0xffffffb5][0xffffff99]&f[0xffffff8c][0xffffffa8][0xffffffff][0xffffff91][0xffffffcc]hd[0xffffffff]S[0xffffff84]q%[0x5][0xffffffd3][0xffffffcd][0x13][0xffffffc4][0x0]*I[0xffffffec]r[0xffffff86][0xffffff81]<[0xffffffa2]t[0xffffffce]LZ?@{y[0x1e]4[0xffffff86]f7[0xffffffbb][\r][0x1e],[0x1][0xffffffd0]sPY[0xffffffda][0x1f].[0x18][0xffffffcf][0xffffffe3][0x2]h[0xffffffdc]"
16:09:28.342 [main] DEBUG org.apache.hc.client5.http.headers -- http-outgoing-0 << HTTP/1.1 200 OK
16:09:28.343 [main] DEBUG org.apache.hc.client5.http.headers -- http-outgoing-0 << date: Wed, 13 Mar 2024 16:09:28 GMT
16:09:28.343 [main] DEBUG org.apache.hc.client5.http.headers -- http-outgoing-0 << content-type: application/json
16:09:28.343 [main] DEBUG org.apache.hc.client5.http.headers -- http-outgoing-0 << transfer-encoding: chunked
16:09:28.343 [main] DEBUG org.apache.hc.client5.http.headers -- http-outgoing-0 << content-encoding: gzip
16:09:28.343 [main] DEBUG org.apache.hc.client5.http.headers -- http-outgoing-0 << x-ratelimit-limit: 180
16:09:28.343 [main] DEBUG org.apache.hc.client5.http.headers -- http-outgoing-0 << x-ratelimit-reset: 1710346228
16:09:28.343 [main] DEBUG org.apache.hc.client5.http.headers -- http-outgoing-0 << x-ratelimit-remaining: 180
16:09:28.343 [main] DEBUG org.apache.hc.client5.http.headers -- http-outgoing-0 << x-trace-id: 1cc1b03b9203b81c0ef11640dc9702c2
16:09:28.343 [main] DEBUG org.apache.hc.client5.http.headers -- http-outgoing-0 << server: nginx
16:09:28.343 [main] DEBUG org.apache.hc.client5.http.headers -- http-outgoing-0 << x-frame-options: deny
16:09:28.343 [main] DEBUG org.apache.hc.client5.http.headers -- http-outgoing-0 << x-content-type-options: nosniff
16:09:28.343 [main] DEBUG org.apache.hc.client5.http.headers -- http-outgoing-0 << x-xss-protection: 1; mode=block
16:09:28.343 [main] DEBUG org.apache.hc.client5.http.headers -- http-outgoing-0 << strict-transport-security: max-age=31536000
16:09:28.345 [main] DEBUG org.apache.hc.client5.http.impl.classic.MainClientExec -- ex-0000000001 connection can be kept alive for 3 MINUTES
16:09:28.359 [main] DEBUG org.apache.hc.client5.http.wire -- http-outgoing-0 << "[0xffffff9e][0xffffff9a][0xffffff99][0xffffff8f][0xffffffa3]Q[0xffffff8e][0x10][0xffffffde]R[\r][0x0][0xffffffb7][0xffffffb9]q[0xffffffbc]mF[0xffffffb3][0x12]3[0xffffffb3]Uj1si[0xffffffa7][0x5][0xffffffcc][0xffffffdc][0xffffffbc][0xfffffffc]&[0xffffff98][0xffffffa9]v[0xffffffbf];[0xffffff98][0x9][0xffffff88]l5[0xffffffc7][0xffffff8c][0x17][0xffffffd2][0xffffffb1]\FjT[0xffffffca]2![0xb][0xffffffb5][0xffffffbf]A[0xffffffe4][0xffffffd4][0x6][0xffffffae][0x19][0xfffffff4][0xfffffffc][0xffffff81][0xffffff96][0x7f]f0[0xf][0xffffffa8][0xffffff9b][0xffffffb1]<[0x13]qfv[0xffffff9b]3[0xffffffcd][0xc][0xffffffb2]|[0x8]@[0xffffffe9]y[0xffffffcc]P7[0xffffff87][0xffffff99][0x1f][0x1e][0xffffff97]3#[0xffffffa3]a[0xffffffe7]2[0xfffffff5][0xffffff88][0xffffffbc][0xffffffa7][0xfffffffc]v[0xffffffd9][0xffffffcc]C[0xffffffb8][0xfffffffc][\r]J[0xffffffbb][0xffffffe4][0xffffffad]a[0xffffffd4][0xffffff8c][0xffffff88]2[0xffffffaf][0xffffff8f]-[0xffffffd6][0xffffffcd][0xffffffde][0x1f][0xffffffd7]0[0xffffff82]D[0xffffffab][0x9][0xffffff80]9[0xffffffa3]Y[0xffffffc9][0xffffffcf][0xffffff9c][0xffffffcd]R[0x7][0xffffff9a]C[0xffffffb9][0xffffffe4][0xffffffdc]Pe[0xffffffd0][0xffffff9c][0x1b]k[0xffffffbe][0xfffffffd]O[0x0][0xffffffcd][0xffffff82][0xffffff87][0xffffffe7][0xffffff88][0x18][0xffffffc9][0xffffff89][0xfffffff6]sa[0xffffff82][0xffffff95][0x15][0x1a][0xffffff8d]VV[0xffffff8d][0xffffffa7][0x1c]-[0xfffffff5]LQ[0xffffff8e]=[0xffffffc2]+[0xffffffca];[0x6][0xffffffc2][0xffffff98]/[0x1e]%b[0xffffffe4]x|Ol[0xffffff85][0xc][0x19][0xffffff9c]Nv[0xffffff90][0xffffffb1][0x13][0xffffff93][0x1e]%J~5[0x1e][0xffffffce]zW[0xffffffba][0xffffff9c][0xffffff8f]u[0xffffffec][0xffffff8f]?8[0xffffffcb][0xffffffd8]@[0xffffffd9][0xffffffc3][0xffffffdd][0x7]%[0xfffffff6][0x1e][0x1e]_[0xffffffa5][0xffffffdf]i[0x18][0xffffff8a]v[0xffffff81][0xffffffb0]/[0xffffffde][0x1f]g[0xffffffc3][0xffffff9f][0xb][0xffffffad][0x8][0xfffffffb][0xffffffb3][0xffffff87][0xffffffaf][0xffffffa4][0xffffffb9][0xffffffb0]6[0xfffffff1][0xffffffcd],m<|6T[0xffffffc9][0xffffffc3]K[0xffffffb7][0xffffffdf][0xffffffdc][0xffffffc3][0xffffffb3][0xffffffe8]I{[0xffffffea]#[0x1f][0xffffffb7][0xffffffbc][0xfffffffc]8[0xffffffab][0xffffffb5][0xfffffff0][0xffffffa9][0xffffffa3][0xffffffb1][0xffffff91][0xffffffe0]ott=2[0xffffff95]i[0xffffffa0][0xfffffff0][0xffffffc3][0xffffffce]=$[0x1a] [0x3][0x12][0x19][0xffffffe9][0xffffffbc][0x1c][0xffffff87][0xffffffe4][0x13][0x1d]$o[0xfffffff0]z:[0xffffffd1][0xffffffcf]{8[0xffffff82][0x14][0xffffffac][0xfffffff4]{T[0xffffff92][0xffffffe2][0xffffffe8][0xffffffe1][0x14][0xffffff91][0xffffffe1]6[0xffffff97][0xffffffbe][0xffffffe1][0xffffffa7][0x1f][0xffffff9a][0xffffffde][0xffffffaf]JbY[0xffffffd3][0xffffffd2]H[0xffffffca][0xffffffec][0xffffffe1][0xfffffffb][0xffffffe3][0xffffffd0]][0xfffffff8][0xffffffb3]5[0xffffffaa]J[0xffffffbd][0xfffffff5]>V[0xffffffce]p[0xffffffcd]6i[0xffffffe3][0xffffffde][0xffffffb3][0xffffff95][0xffffffee][0xffffffba][0xfffffff7][0xffffffc5][0xffffffd5][0xffffffb7]uo[0x18][0xffffffeb][0xffffffc8]9[0xfffffffc][0x4][0xfffffff7][0xffffffee]zL[\n]"
16:09:28.360 [main] DEBUG org.apache.hc.client5.http.wire -- http-outgoing-0 << "[0xffffffe9]0A[0xffffffb0]B[0xffffffbb] IBm[0x6]zIR[0x11]ZeZ[0xffffff9d][0xffffffad]_[0xffffff90][0xffffffaf]&[0xffffff97]g[0xffffff96][0xffffffc8][[0xfffffff8][0xffffffd4]#Ol[0xffffffc6][0xffffff91]O[0xffffff9c]g)X[0x5][0xffffffe5][0xffffff8a][0xffffffd5]-[0xffffffc8]:[0xffffffd8][0x7][0x15]W[0xfffffff6]a[0xffffff87][0xffffff92];v[0xffffffb6][0xffffffe6]o[0xfffffff2][0xffffffed][0x8][0xffffffc5]~[0xffffffd0]D([0xffffff84]'|[0xffffffbf][0xffffffc5].K0[0xffffffe7]-*[0xffffffc5][0x8][0xffffffe5][0xfffffffd]q' [0xffffffcf][0xffffffb4]R):[0xffffff95][0xffffff8f]V[0x6]([0xffffffb3]Q[0xffffffea][0xfffffffc][0xfffffffb][0xffffffca]L%[0xfffffff7].[0xffffffdd]}[[0xfffffff7][0xffffff86][0xffffffe3][0x1][0x1f][0xfffffff6]'[0x10]=P[0xffffffd8][0xffffffa6][0xffffffb0][0xffffff81][0xffffffd4][0xffffff88]G[0x10][0xffffff9b][0xffffff91][0xffffffc2][0xffffff81][0xfffffff5]A.[0xfffffff4]y[0xffffffe9][0xffffff80][0x1e][0x13]U[0x1e]([0xfffffff3][0xffffff94]Cqn[0xffffffd2]fd [\r][0xffffffe4][0xffffff8f][0xffffffbc]O[0xffffffc5][v[\n]"
16:09:28.360 [main] DEBUG org.apache.hc.client5.http.wire -- http-outgoing-0 << "[0xffffff8d][0xffffffb1]*[0x2][0xffffffcf][0xffffffa2][\n]"
[...]
ffe2]d[0xffffff85][0xffffffc7]Y[0xffffff88]s[0xffffff8f][0xffffffef]m[\r][0xffffff9d]W![0xffffffae][0x4][0xffffffe5][0xffffff9b][0x10]/[0xf][0xffffffca][0xffffffc1]4O[0xffffffa6][0xffffff84][0xffffffa8]n[0xffffffd8][0xffffffb4][0xffffff88][0xffffffb7][0x1a]N[0x1b][0xffffff98][0xffffffa6][\r][0xffffffeb][0xffffffa0][0xffffffc6]2P[0xffffffec][0xfffffffe][0xffffffa0]'[0x15]>[0xffffffa8][0xffffffc8]w=[0xffffffe3][0xffffffb3][0xffffff85][0xffffff9d][0xffffffb5][0xc][0xffffffe8][0xffffffb0]R[0x4][0xffffffef][0xffffffc8][0xffffffea][0xffffff98][0x4][0xf][0xffffffb9]c1[0xfffffff4][0xffffffee][0xffffffe3][0x1b][0xffffff8a][0xffffff92][0x5][0xffffffb9]k[0xffffffa5][0xffffffbd][0xffffff80]r[0xffffffec]l@[0xffffff96]<[0xfffffff9][0xfffffff8][0xffffffde][0xffffffd8][0xffffffd1]9[0xffffff86][0xffffffb8][0x12][0xffffff94]oB[0xffffffbc][0x2]([0xffffffe7]gJ?[0xffffff96][0xffffff93][0xfffffff4][0xffffff88][0xffffff85]9[0xffffffa4]Os[0xffffffcc][0xffffffe3][0xffffff98][0xffffffb1][0xffffff8b][0xffffffb1][0xffffffc0][0xfffffffc][0xffffffb0]K[0xffffff87][0x5][0xffffffdc][0xffffffb4][0xffffffe8][0xffffff86][0x15][0xffffffa5]`[0xffffffef]qI[0x15][0x13]+[0xffffffd0][0x9][0xffffff87]9[0xffffffd6][0xffffffce]#Q?[0xffffff83][0x12][0x12][0xffffff82][0xffffff9d]pA[0xffffffaf][0xffffff9c][0xffffffcb][0xffffffc1][0xffffffa4][0xffffffd1][0xffffffda][0x1d],=6q3[0xffffffc9]s[0xffffffbb][0xffffffb1][0xffffffa3]s[0xc]q[0x1d](OB[0xffffffbc]<([0xffffffc7]L[0xfffffff4][0xffffffe4]L[0xffffff89]}yE[0xffffff85]![0x1a][0xb][0xffffffc3][0xffffffc8][0xffffff8f]p[0xffffff8f][0xffffff86]I[0x8][0x4][0x19][0xffffffd4][0xffffffdb][0xffffffac][0xb][0xffffffc5]D[0xffffff85][0xfffffff5]9[0xffffff99]uc[0xffffffa8][0xffffff87]\[0xffffff80][0xffffffa3][0xfffffff4][0xffffffe8]-YC[0xffffffcf][0xffffffae][0x12],[0xffffffaf][0xfffffffc][0x19]m[0xffffffc6]g[0x7]`[0x17]V[0xe][0xffffffe6][0xc][0xffffffe7]P[0xffffffbd][0xffffffa3][0xffffffc7][0xffffffc8]>[0xffffff86][0xffffffa9][0xffffffa0][0xffffffdc][0xffffffd8][0xffffffd1]9[0xffffff86][0xffffffb8][0x12][0xffffff94]oB[0xffffffbc][0x2]([0xffffffe7]gJ[0xc]NSaX[0xffffffd1][0xffffffd0]D[0xffffffec]4[0xffffff8d]<nkLq[l[0xfffffff5][0xffffffc7][0xffffffe4][0xc][0x13][0xf][\n]"
16:09:28.741 [main] DEBUG org.apache.hc.client5.http.wire -- http-outgoing-0 << "[0xffffffb0][0xffffffc2]r[0xffffffa3][0xfffffff3][0xffffffc5][0xffffffbc][0xffffff85][0xfffffff5][0xffffffb5][0xffffffcc]9[0x1a]v,#[0xffffffb5][0xffffffc4][0xffffffcf][0xffffffea][0xfffffffd][0x13][0xffffff8c][0xfffffff0]%[0xffffff9a]=[0x10]a[0xffffffa5][0xffffffba][0x17]PJ[0xffffffc1]r[0x12][0xffffffee][0x9]S;:v[G[0xffffffe7]U[0xffffff88]+A[0xfffffff9]&[0xffffffc4][0xffffff8b][0xffffff83][0xffffff92] [0xffffffa7]gJ4[0xffffff91][0xfffffff0][0xffffff8d][0xffffff98][0x6][0x5]M}[0xffffff8d][0xffffff97][0xffffff9a][0xffffffe8][0xffffffa4]I[0xfffffffa][0xffffff87]06[0xffffffba]A[0xffffff8f][0xffffffe3]@[0xffffff99][0xffffffc0]#[0x7f][0xfffffff4][0xffffffb4][0x1d][0xffffffc7]0m[0x1b][0xffffffd5][0xffffffba]cs[0xffffffe3][0xfffffff3][0xfffffffa][0xffffffe5]w[0xffffffdf])[0x9][0xffffffc6]r|[0xf][0x17][0xffffffe2]e[0xffffff92]sa[0xfffffff7][0x6]Jq[0xffffff8c][0x0]M[0xffffffed]}o[0xfffffff4]W{[0x15][0xffffffe2]:P[0xffffff9e][0xffffff84]x[0x5]P[0xffffffce][0xffffffcf][0xffffff94][0xffffff9c][0xffffffcb]YhW[0x19][0xffffffae][0xffffff95]z[0xffffff90][0xffffffe7]x[\r]@[0xfffffff5]`/[0xffffff80]N[0xffffff8d][0xffffff85][0xffffffca].9[0xffffffc5][0xffffff82]F[0xfffffff4]C[0xffffff8e]eNl[0xffffff8c]`Q#[0xe][0xffffff80][0x10][0xffffff96][0xffffffcc][0xffffffd5]*W[0xffffffcf][0x0]%[0xffffffa3]i[0xffffff88]L[0xffffff96][\n]"
16:09:28.742 [main] DEBUG org.apache.hc.client5.http.wire -- http-outgoing-0 << "2[0xffffffec]~[0xffffffc8]_YM[0xffffffa2][0xffffffe6],[0xffffffcc]y[0xffffffe1])[0x19][0xffffffae][0xffffffd8][0xffffffd2]fd[0xffffffd3][0xffffffea][0xffffffcf][0x10]W[0xffffff82][0xfffffff2]M[0xffffff88]+@[0xfffffff9][0xffffffa7][0xffffffbf][0xffffffff][0xffffffcb][0xffffffff][0x2][0x1b][0xffffffe5][0xffffffda]}[0xffffffc5][0xffffffaf][0x0][0x0][\r][\n]"
16:09:28.742 [main] DEBUG org.apache.hc.client5.http.wire -- http-outgoing-0 << "0[\r][\n]"
16:09:28.742 [main] DEBUG org.apache.hc.client5.http.wire -- http-outgoing-0 << "[\r][\n]"
16:09:28.742 [main] DEBUG org.apache.hc.client5.http.headers -- http-outgoing-0 << HTTP/1.1 200 OK
16:09:28.742 [main] DEBUG org.apache.hc.client5.http.headers -- http-outgoing-0 << date: Wed, 13 Mar 2024 16:09:28 GMT
16:09:28.742 [main] DEBUG org.apache.hc.client5.http.headers -- http-outgoing-0 << content-type: application/json
16:09:28.742 [main] DEBUG org.apache.hc.client5.http.headers -- http-outgoing-0 << transfer-encoding: chunked
16:09:28.742 [main] DEBUG org.apache.hc.client5.http.headers -- http-outgoing-0 << content-encoding: gzip
16:09:28.742 [main] DEBUG org.apache.hc.client5.http.headers -- http-outgoing-0 << x-ratelimit-limit: 180
16:09:28.742 [main] DEBUG org.apache.hc.client5.http.headers -- http-outgoing-0 << x-ratelimit-reset: 1710346228
16:09:28.742 [main] DEBUG org.apache.hc.client5.http.headers -- http-outgoing-0 << x-ratelimit-remaining: 178
16:09:28.742 [main] DEBUG org.apache.hc.client5.http.headers -- http-outgoing-0 << x-trace-id: 04edf6d8eae8b102997b5e5282160cb3
16:09:28.742 [main] DEBUG org.apache.hc.client5.http.headers -- http-outgoing-0 << server: nginx
16:09:28.742 [main] DEBUG org.apache.hc.client5.http.headers -- http-outgoing-0 << x-frame-options: deny
16:09:28.743 [main] DEBUG org.apache.hc.client5.http.headers -- http-outgoing-0 << x-content-type-options: nosniff
16:09:28.743 [main] DEBUG org.apache.hc.client5.http.headers -- http-outgoing-0 << x-xss-protection: 1; mode=block
16:09:28.743 [main] DEBUG org.apache.hc.client5.http.headers -- http-outgoing-0 << strict-transport-security: max-age=31536000
16:09:28.743 [main] DEBUG org.apache.hc.client5.http.impl.classic.MainClientExec -- ex-0000000003 connection can be kept alive for 3 MINUTES
16:09:28.746 [main] DEBUG org.apache.hc.client5.http.impl.classic.InternalHttpClient -- ep-0000000003 releasing valid endpoint
16:09:28.746 [main] DEBUG org.apache.hc.client5.http.impl.io.PoolingHttpClientConnectionManager -- ep-0000000003 releasing endpoint
16:09:28.746 [main] DEBUG org.apache.hc.client5.http.impl.io.PoolingHttpClientConnectionManager -- ep-0000000003 connection http-outgoing-0 can be kept alive for 3 MINUTES
16:09:28.746 [main] DEBUG org.apache.hc.client5.http.impl.io.PoolingHttpClientConnectionManager -- ep-0000000003 connection released [route: {s}->https://hub.docker.com:443][total available: 1; route allocated: 1 of 5; total allocated: 1 of 25]
16:09:28.750 [main] DEBUG io.github.bonigarcia.wdm.docker.DockerService -- The latest version of Firefox in Docker Hub is 123.0
16:09:28.752 [main] INFO io.github.bonigarcia.wdm.docker.DockerService -- Pulling Docker image selenoid/vnc:firefox_123.0 (this might take some time, but only the first time)
16:09:28.805 [docker-java-stream--1344301809] DEBUG org.apache.hc.client5.http.impl.classic.InternalHttpClient -- ex-0000000004 preparing request execution
16:09:28.805 [docker-java-stream--1344301809] DEBUG org.apache.hc.client5.http.impl.classic.ProtocolExec -- ex-0000000004 target auth state: UNCHALLENGED
16:09:28.805 [docker-java-stream--1344301809] DEBUG org.apache.hc.client5.http.impl.classic.ProtocolExec -- ex-0000000004 proxy auth state: UNCHALLENGED
16:09:28.805 [docker-java-stream--1344301809] DEBUG org.apache.hc.client5.http.impl.classic.ConnectExec -- ex-0000000004 acquiring connection with route {}->unix://localhost:2375
16:09:28.806 [docker-java-stream--1344301809] DEBUG org.apache.hc.client5.http.impl.classic.InternalHttpClient -- ex-0000000004 acquiring endpoint (3 MINUTES)
16:09:28.806 [docker-java-stream--1344301809] DEBUG org.apache.hc.client5.http.impl.io.PoolingHttpClientConnectionManager -- ex-0000000004 endpoint lease request (3 MINUTES) [route: {}->unix://localhost:2375][total available: 0; route allocated: 0 of 2147483647; total allocated: 0 of 2147483647]
16:09:28.806 [docker-java-stream--1344301809] DEBUG org.apache.hc.client5.http.impl.io.PoolingHttpClientConnectionManager -- ex-0000000004 endpoint leased [route: {}->unix://localhost:2375][total available: 0; route allocated: 1 of 2147483647; total allocated: 1 of 2147483647]
16:09:28.806 [docker-java-stream--1344301809] DEBUG org.apache.hc.client5.http.impl.io.PoolingHttpClientConnectionManager -- ex-0000000004 acquired ep-0000000004
16:09:28.806 [docker-java-stream--1344301809] DEBUG org.apache.hc.client5.http.impl.classic.InternalHttpClient -- ex-0000000004 acquired endpoint ep-0000000004
16:09:28.806 [docker-java-stream--1344301809] DEBUG org.apache.hc.client5.http.impl.classic.ConnectExec -- ex-0000000004 opening connection {}->unix://localhost:2375
16:09:28.806 [docker-java-stream--1344301809] DEBUG org.apache.hc.client5.http.impl.classic.InternalHttpClient -- ep-0000000004 connecting endpoint (null)
16:09:28.806 [docker-java-stream--1344301809] DEBUG org.apache.hc.client5.http.impl.io.PoolingHttpClientConnectionManager -- ep-0000000004 connecting endpoint to unix://localhost:2375 (3 MINUTES)
16:09:28.806 [docker-java-stream--1344301809] DEBUG org.apache.hc.client5.http.impl.io.DefaultHttpClientConnectionOperator -- localhost resolving remote address
16:09:28.807 [docker-java-stream--1344301809] DEBUG org.apache.hc.client5.http.impl.io.DefaultHttpClientConnectionOperator -- localhost resolved to [localhost/127.0.0.1, localhost/0:0:0:0:0:0:0:1]
16:09:28.837 [docker-java-stream--1344301809] DEBUG org.apache.hc.client5.http.impl.io.DefaultManagedHttpClientConnection -- http-outgoing-1 close connection IMMEDIATE
16:09:28.837 [docker-java-stream--1344301809] DEBUG org.apache.hc.client5.http.impl.classic.InternalHttpClient -- ep-0000000004 endpoint closed
16:09:28.837 [docker-java-stream--1344301809] DEBUG org.apache.hc.client5.http.impl.classic.InternalHttpClient -- ep-0000000004 discarding endpoint
16:09:28.837 [docker-java-stream--1344301809] DEBUG org.apache.hc.client5.http.impl.io.PoolingHttpClientConnectionManager -- ep-0000000004 releasing endpoint
16:09:28.837 [docker-java-stream--1344301809] DEBUG org.apache.hc.client5.http.impl.io.PoolingHttpClientConnectionManager -- ep-0000000004 connection is not kept alive
16:09:28.837 [docker-java-stream--1344301809] DEBUG org.apache.hc.client5.http.impl.io.PoolingHttpClientConnectionManager -- ep-0000000004 connection released [route: {}->unix://localhost:2375][total available: 0; route allocated: 0 of 2147483647; total allocated: 0 of 2147483647]
16:09:28.837 [docker-java-stream--1344301809] ERROR com.github.dockerjava.api.async.ResultCallbackTemplate -- Error during callback
java.lang.RuntimeException: java.io.IOException: com.sun.jna.LastErrorException: [2] No such file or directory
	at com.github.dockerjava.httpclient5.ApacheDockerHttpClientImpl.execute(ApacheDockerHttpClientImpl.java:195)
	at com.github.dockerjava.httpclient5.ApacheDockerHttpClient.execute(ApacheDockerHttpClient.java:9)
	at com.github.dockerjava.core.DefaultInvocationBuilder.execute(DefaultInvocationBuilder.java:228)
	at com.github.dockerjava.core.DefaultInvocationBuilder.lambda$executeAndStream$1(DefaultInvocationBuilder.java:269)
	at java.base/java.lang.Thread.run(Thread.java:833)
Caused by: java.io.IOException: com.sun.jna.LastErrorException: [2] No such file or directory
	at com.github.dockerjava.transport.DomainSocket.<init>(DomainSocket.java:63)
	at com.github.dockerjava.transport.LinuxDomainSocket.<init>(LinuxDomainSocket.java:41)
	at com.github.dockerjava.transport.DomainSocket.get(DomainSocket.java:140)
	at com.github.dockerjava.transport.UnixSocket.get(UnixSocket.java:29)
	at com.github.dockerjava.httpclient5.ApacheDockerHttpClientImpl$2.createSocket(ApacheDockerHttpClientImpl.java:153)
	at org.apache.hc.client5.http.impl.io.DefaultHttpClientConnectionOperator.connect(DefaultHttpClientConnectionOperator.java:155)
	at org.apache.hc.client5.http.impl.io.PoolingHttpClientConnectionManager.connect(PoolingHttpClientConnectionManager.java:447)
	at org.apache.hc.client5.http.impl.classic.InternalExecRuntime.connectEndpoint(InternalExecRuntime.java:162)
	at org.apache.hc.client5.http.impl.classic.InternalExecRuntime.connectEndpoint(InternalExecRuntime.java:172)
	at org.apache.hc.client5.http.impl.classic.ConnectExec.execute(ConnectExec.java:142)
	at org.apache.hc.client5.http.impl.classic.ExecChainElement.execute(ExecChainElement.java:51)
	at org.apache.hc.client5.http.impl.classic.ProtocolExec.execute(ProtocolExec.java:192)
	at org.apache.hc.client5.http.impl.classic.ExecChainElement.execute(ExecChainElement.java:51)
	at org.apache.hc.client5.http.impl.classic.HttpRequestRetryExec.execute(HttpRequestRetryExec.java:96)
	at org.apache.hc.client5.http.impl.classic.ExecChainElement.execute(ExecChainElement.java:51)
	at org.apache.hc.client5.http.impl.classic.ContentCompressionExec.execute(ContentCompressionExec.java:152)
	at org.apache.hc.client5.http.impl.classic.ExecChainElement.execute(ExecChainElement.java:51)
	at org.apache.hc.client5.http.impl.classic.RedirectExec.execute(RedirectExec.java:115)
	at org.apache.hc.client5.http.impl.classic.ExecChainElement.execute(ExecChainElement.java:51)
	at org.apache.hc.client5.http.impl.classic.InternalHttpClient.doExecute(InternalHttpClient.java:170)
	at org.apache.hc.client5.http.impl.classic.CloseableHttpClient.execute(CloseableHttpClient.java:87)
	at com.github.dockerjava.httpclient5.ApacheDockerHttpClientImpl.execute(ApacheDockerHttpClientImpl.java:191)
	... 4 common frames omitted
Caused by: com.sun.jna.LastErrorException: [2] No such file or directory
	at com.github.dockerjava.transport.LinuxDomainSocket.connect(Native Method)
	at com.github.dockerjava.transport.LinuxDomainSocket.connect(LinuxDomainSocket.java:49)
	at com.github.dockerjava.transport.DomainSocket.open(DomainSocket.java:69)
	at com.github.dockerjava.transport.DomainSocket.<init>(DomainSocket.java:59)
	... 25 common frames omitted
16:09:28.839 [main] WARN io.github.bonigarcia.wdm.docker.DockerService -- Exception pulling image selenoid/vnc:firefox_123.0: java.io.IOException: com.sun.jna.LastErrorException: [2] No such file or directory
16:09:28.844 [main] INFO io.github.bonigarcia.wdm.docker.DockerService -- Starting Docker container selenoid/vnc:firefox_123.0
16:09:28.850 [main] DEBUG com.github.dockerjava.core.command.AbstrDockerCmd -- Cmd: com.github.dockerjava.core.command.CreateContainerCmdImpl@10876a6[aliases=<null>,argsEscaped=<null>,attachStderr=<null>,attachStdin=<null>,attachStdout=<null>,authConfig=AuthConfig(username=null, email=null, registryAddress=https://index.docker.io/v1/, stackOrchestrator=null),cmd=<null>,domainName=<null>,entrypoint=<null>,env={TZ=Etc/UTC,LANGUAGE=EN,SCREEN_RESOLUTION=1280x1080x24},exposedPorts=ExposedPorts(exposedPorts=[4444/tcp]),healthcheck=<null>,hostConfig=HostConfig(binds=[], blkioWeight=null, blkioWeightDevice=null, blkioDeviceReadBps=null, blkioDeviceWriteBps=null, blkioDeviceReadIOps=null, blkioDeviceWriteIOps=null, memorySwappiness=null, nanoCPUs=null, capAdd=[SYS_ADMIN], capDrop=null, containerIDFile=null, cpuPeriod=null, cpuRealtimePeriod=null, cpuRealtimeRuntime=null, cpuShares=null, cpuQuota=null, cpusetCpus=null, cpusetMems=null, devices=null, deviceCgroupRules=null, deviceRequests=null, diskQuota=null, dns=null, dnsOptions=null, dnsSearch=null, extraHosts=[], groupAdd=null, ipcMode=null, cgroup=null, links=[], logConfig=LogConfig(type=null, config=null), lxcConf=null, memory=null, memorySwap=null, memoryReservation=null, kernelMemory=null, networkMode=bridge, oomKillDisable=null, init=null, autoRemove=null, oomScoreAdj=null, portBindings={4444/tcp=[Lcom.github.dockerjava.api.model.Ports$Binding;@26f96b85}, privileged=null, publishAllPorts=true, readonlyRootfs=null, restartPolicy=null, ulimits=null, cpuCount=null, cpuPercent=null, ioMaximumIOps=null, ioMaximumBandwidth=null, volumesFrom=null, mounts=[Mount(type=TMPFS, source=null, target=/tmp, readOnly=null, bindOptions=null, volumeOptions=null, tmpfsOptions=TmpfsOptions(sizeBytes=134217728, mode=null))], pidMode=null, isolation=null, securityOpts=null, storageOpt=null, cgroupParent=null, volumeDriver=null, shmSize=268435456, pidsLimit=null, runtime=null, tmpFs=null, utSMode=null, usernsMode=null, sysctls=null, consoleSize=null, cgroupnsMode=null),hostName=<null>,image=selenoid/vnc:firefox_123.0,ipv4Address=<null>,ipv6Address=<null>,labels=<null>,macAddress=<null>,name=<null>,networkDisabled=<null>,networkingConfig=<null>,onBuild=<null>,platform=<null>,portSpecs=<null>,shell=<null>,stdInOnce=<null>,stdinOpen=<null>,stopSignal=<null>,stopTimeout=<null>,tty=<null>,user=<null>,volumes=Volumes(volumes=[]),workingDir=<null>]
16:09:28.927 [main] DEBUG org.apache.hc.client5.http.impl.classic.InternalHttpClient -- ex-0000000005 preparing request execution
16:09:28.927 [main] DEBUG org.apache.hc.client5.http.impl.classic.ProtocolExec -- ex-0000000005 target auth state: UNCHALLENGED
16:09:28.927 [main] DEBUG org.apache.hc.client5.http.impl.classic.ProtocolExec -- ex-0000000005 proxy auth state: UNCHALLENGED
16:09:28.927 [main] DEBUG org.apache.hc.client5.http.impl.classic.ConnectExec -- ex-0000000005 acquiring connection with route {}->unix://localhost:2375
16:09:28.927 [main] DEBUG org.apache.hc.client5.http.impl.classic.InternalHttpClient -- ex-0000000005 acquiring endpoint (3 MINUTES)
16:09:28.927 [main] DEBUG org.apache.hc.client5.http.impl.io.PoolingHttpClientConnectionManager -- ex-0000000005 endpoint lease request (3 MINUTES) [route: {}->unix://localhost:2375][total available: 0; route allocated: 0 of 2147483647; total allocated: 0 of 2147483647]
16:09:28.928 [main] DEBUG org.apache.hc.client5.http.impl.io.PoolingHttpClientConnectionManager -- ex-0000000005 endpoint leased [route: {}->unix://localhost:2375][total available: 0; route allocated: 1 of 2147483647; total allocated: 1 of 2147483647]
16:09:28.928 [main] DEBUG org.apache.hc.client5.http.impl.io.PoolingHttpClientConnectionManager -- ex-0000000005 acquired ep-0000000005
16:09:28.928 [main] DEBUG org.apache.hc.client5.http.impl.classic.InternalHttpClient -- ex-0000000005 acquired endpoint ep-0000000005
16:09:28.928 [main] DEBUG org.apache.hc.client5.http.impl.classic.ConnectExec -- ex-0000000005 opening connection {}->unix://localhost:2375
16:09:28.928 [main] DEBUG org.apache.hc.client5.http.impl.classic.InternalHttpClient -- ep-0000000005 connecting endpoint (null)
16:09:28.928 [main] DEBUG org.apache.hc.client5.http.impl.io.PoolingHttpClientConnectionManager -- ep-0000000005 connecting endpoint to unix://localhost:2375 (3 MINUTES)
16:09:28.928 [main] DEBUG org.apache.hc.client5.http.impl.io.DefaultHttpClientConnectionOperator -- localhost resolving remote address
16:09:28.928 [main] DEBUG org.apache.hc.client5.http.impl.io.DefaultHttpClientConnectionOperator -- localhost resolved to [localhost/127.0.0.1, localhost/0:0:0:0:0:0:0:1]
16:09:28.929 [main] DEBUG org.apache.hc.client5.http.impl.io.DefaultManagedHttpClientConnection -- http-outgoing-2 close connection IMMEDIATE
16:09:28.929 [main] DEBUG org.apache.hc.client5.http.impl.classic.InternalHttpClient -- ep-0000000005 endpoint closed
16:09:28.929 [main] DEBUG org.apache.hc.client5.http.impl.classic.InternalHttpClient -- ep-0000000005 discarding endpoint
16:09:28.929 [main] DEBUG org.apache.hc.client5.http.impl.io.PoolingHttpClientConnectionManager -- ep-0000000005 releasing endpoint
16:09:28.929 [main] DEBUG org.apache.hc.client5.http.impl.io.PoolingHttpClientConnectionManager -- ep-0000000005 connection is not kept alive
16:09:28.929 [main] DEBUG org.apache.hc.client5.http.impl.io.PoolingHttpClientConnectionManager -- ep-0000000005 connection released [route: {}->unix://localhost:2375][total available: 0; route allocated: 0 of 2147483647; total allocated: 0 of 2147483647]
16:09:28.935 [main] WARN io.github.bonigarcia.wdm.WebDriverManager -- WebDriver object(s) not available
]]></system-out>
  </testcase>
</testsuite>