<?xml version="1.0" encoding="UTF-8"?>
<testsuite xmlns:xsi="http://www.w3.org/2001/XMLSchema-instance" xsi:noNamespaceSchemaLocation="https://maven.apache.org/surefire/maven-surefire-plugin/xsd/surefire-test-report-3.0.xsd" version="3.0" name="DockerChromeTest" time="2.015" tests="1" errors="1" skipped="0" failures="0">
  <properties>
[...]
</properties>
  <testcase name="testChrome(WebDriver)" classname="DockerChromeTest" time="1.986">
    <error message="Failed to resolve parameter [org.openqa.selenium.WebDriver arg0] in method [void DockerChromeTest.testChrome(org.openqa.selenium.WebDriver)]: There was an error creating WebDriver object for Chrome" type="org.junit.jupiter.api.extension.ParameterResolutionException"><![CDATA[org.junit.jupiter.api.extension.ParameterResolutionException: Failed to resolve parameter [org.openqa.selenium.WebDriver arg0] in method [void DockerChromeTest.testChrome(org.openqa.selenium.WebDriver)]: There was an error creating WebDriver object for Chrome
	at java.base/java.util.ArrayList.forEach(ArrayList.java:1511)
	at java.base/java.util.ArrayList.forEach(ArrayList.java:1511)
Caused by: io.github.bonigarcia.wdm.config.WebDriverManagerException: There was an error creating WebDriver object for Chrome
	at io.github.bonigarcia.wdm.WebDriverManager.instantiateDriver(WebDriverManager.java:1762)
	at io.github.bonigarcia.wdm.WebDriverManager.create(WebDriverManager.java:432)
	at io.github.bonigarcia.seljup.SeleniumJupiter.getObjectFromWdm(SeleniumJupiter.java:255)
	at io.github.bonigarcia.seljup.SeleniumJupiter.resolveSeleniumWebDriver(SeleniumJupiter.java:244)
	at io.github.bonigarcia.seljup.SeleniumJupiter.resolveParameter(SeleniumJupiter.java:168)
	... 2 more
Caused by: java.lang.RuntimeException: java.io.IOException: com.sun.jna.LastErrorException: [2] No such file or directory
	at com.github.dockerjava.httpclient5.ApacheDockerHttpClientImpl.execute(ApacheDockerHttpClientImpl.java:195)
	at com.github.dockerjava.httpclient5.ApacheDockerHttpClient.execute(ApacheDockerHttpClient.java:9)
	at com.github.dockerjava.core.DefaultInvocationBuilder.execute(DefaultInvocationBuilder.java:228)
	at com.github.dockerjava.core.DefaultInvocationBuilder.post(DefaultInvocationBuilder.java:124)
	at com.github.dockerjava.core.exec.CreateContainerCmdExec.execute(CreateContainerCmdExec.java:37)
	at com.github.dockerjava.core.exec.CreateContainerCmdExec.execute(CreateContainerCmdExec.java:13)
	at com.github.dockerjava.core.exec.AbstrSyncDockerCmdExec.exec(AbstrSyncDockerCmdExec.java:21)
	at com.github.dockerjava.core.command.AbstrDockerCmd.exec(AbstrDockerCmd.java:33)
	at com.github.dockerjava.core.command.CreateContainerCmdImpl.exec(CreateContainerCmdImpl.java:608)
	at io.github.bonigarcia.wdm.docker.DockerService.startContainer(DockerService.java:254)
	at io.github.bonigarcia.wdm.docker.DockerService.startBrowserContainer(DockerService.java:676)
	at io.github.bonigarcia.wdm.WebDriverManager.createDockerWebDriver(WebDriverManager.java:1877)
	at io.github.bonigarcia.wdm.WebDriverManager.instantiateDriver(WebDriverManager.java:1742)
	... 6 more
Caused by: java.io.IOException: com.sun.jna.LastErrorException: [2] No such file or directory
	at com.github.dockerjava.transport.DomainSocket.<init>(DomainSocket.java:63)
	at com.github.dockerjava.transport.LinuxDomainSocket.<init>(LinuxDomainSocket.java:41)
	at com.github.dockerjava.transport.DomainSocket.get(DomainSocket.java:140)
	at com.github.dockerjava.transport.UnixSocket.get(UnixSocket.java:29)
	at com.github.dockerjava.httpclient5.ApacheDockerHttpClientImpl$2.createSocket(ApacheDockerHttpClientImpl.java:153)
	at org.apache.hc.client5.http.impl.io.DefaultHttpClientConnectionOperator.connect(DefaultHttpClientConnectionOperator.java:155)
	at org.apache.hc.client5.http.impl.io.PoolingHttpClientConnectionManager.connect(PoolingHttpClientConnectionManager.java:447)
	at org.apache.hc.client5.http.impl.classic.InternalExecRuntime.connectEndpoint(InternalExecRuntime.java:162)
	at org.apache.hc.client5.http.impl.classic.InternalExecRuntime.connectEndpoint(InternalExecRuntime.java:172)
	at org.apache.hc.client5.http.impl.classic.ConnectExec.execute(ConnectExec.java:142)
	at org.apache.hc.client5.http.impl.classic.ExecChainElement.execute(ExecChainElement.java:51)
	at org.apache.hc.client5.http.impl.classic.ProtocolExec.execute(ProtocolExec.java:192)
	at org.apache.hc.client5.http.impl.classic.ExecChainElement.execute(ExecChainElement.java:51)
	at org.apache.hc.client5.http.impl.classic.HttpRequestRetryExec.execute(HttpRequestRetryExec.java:96)
	at org.apache.hc.client5.http.impl.classic.ExecChainElement.execute(ExecChainElement.java:51)
	at org.apache.hc.client5.http.impl.classic.ContentCompressionExec.execute(ContentCompressionExec.java:152)
	at org.apache.hc.client5.http.impl.classic.ExecChainElement.execute(ExecChainElement.java:51)
	at org.apache.hc.client5.http.impl.classic.RedirectExec.execute(RedirectExec.java:115)
	at org.apache.hc.client5.http.impl.classic.ExecChainElement.execute(ExecChainElement.java:51)
	at org.apache.hc.client5.http.impl.classic.InternalHttpClient.doExecute(InternalHttpClient.java:170)
	at org.apache.hc.client5.http.impl.classic.CloseableHttpClient.execute(CloseableHttpClient.java:87)
	at com.github.dockerjava.httpclient5.ApacheDockerHttpClientImpl.execute(ApacheDockerHttpClientImpl.java:191)
	... 18 more
Caused by: com.sun.jna.LastErrorException: [2] No such file or directory
	at com.github.dockerjava.transport.LinuxDomainSocket.connect(Native Method)
	at com.github.dockerjava.transport.LinuxDomainSocket.connect(LinuxDomainSocket.java:49)
	at com.github.dockerjava.transport.DomainSocket.open(DomainSocket.java:69)
	at com.github.dockerjava.transport.DomainSocket.<init>(DomainSocket.java:59)
	... 39 more
]]></error>
    <system-out><![CDATA[16:19:08.656 [main] DEBUG io.github.bonigarcia.wdm.WebDriverManager -- Using WebDriverManager 5.7.0
16:19:09.157 [main] DEBUG io.github.bonigarcia.wdm.docker.DockerHubService -- Getting browser image list from Docker Hub
16:19:09.184 [main] DEBUG org.apache.hc.client5.http.impl.classic.InternalHttpClient -- ex-0000000001 preparing request execution
16:19:09.192 [main] DEBUG org.apache.hc.client5.http.impl.classic.ProtocolExec -- ex-0000000001 target auth state: UNCHALLENGED
16:19:09.192 [main] DEBUG org.apache.hc.client5.http.impl.classic.ProtocolExec -- ex-0000000001 proxy auth state: UNCHALLENGED
16:19:09.192 [main] DEBUG org.apache.hc.client5.http.impl.classic.ConnectExec -- ex-0000000001 acquiring connection with route {s}->https://hub.docker.com:443
16:19:09.193 [main] DEBUG org.apache.hc.client5.http.impl.classic.InternalHttpClient -- ex-0000000001 acquiring endpoint (3 MINUTES)
16:19:09.194 [main] DEBUG org.apache.hc.client5.http.impl.io.PoolingHttpClientConnectionManager -- ex-0000000001 endpoint lease request (3 MINUTES) [route: {s}->https://hub.docker.com:443][total available: 0; route allocated: 0 of 5; total allocated: 0 of 25]
16:19:09.197 [main] DEBUG org.apache.hc.client5.http.impl.io.PoolingHttpClientConnectionManager -- ex-0000000001 endpoint leased [route: {s}->https://hub.docker.com:443][total available: 0; route allocated: 1 of 5; total allocated: 1 of 25]
16:19:09.203 [main] DEBUG org.apache.hc.client5.http.impl.io.PoolingHttpClientConnectionManager -- ex-0000000001 acquired ep-0000000001
16:19:09.204 [main] DEBUG org.apache.hc.client5.http.impl.classic.InternalHttpClient -- ex-0000000001 acquired endpoint ep-0000000001
16:19:09.204 [main] DEBUG org.apache.hc.client5.http.impl.classic.ConnectExec -- ex-0000000001 opening connection {s}->https://hub.docker.com:443
16:19:09.204 [main] DEBUG org.apache.hc.client5.http.impl.classic.InternalHttpClient -- ep-0000000001 connecting endpoint (null)
16:19:09.205 [main] DEBUG org.apache.hc.client5.http.impl.io.PoolingHttpClientConnectionManager -- ep-0000000001 connecting endpoint to https://hub.docker.com:443 (30 SECONDS)
16:19:09.206 [main] DEBUG org.apache.hc.client5.http.impl.io.DefaultHttpClientConnectionOperator -- hub.docker.com resolving remote address
16:19:09.299 [main] DEBUG org.apache.hc.client5.http.impl.io.DefaultHttpClientConnectionOperator -- hub.docker.com resolved to [hub.docker.com/44.221.37.199, hub.docker.com/52.44.227.212, hub.docker.com/54.156.140.159, hub.docker.com/2600:1f18:2148:bc00:a81:7e44:4669:3426, hub.docker.com/2600:1f18:2148:bc02:a090:6a5b:b2ff:3152, hub.docker.com/2600:1f18:2148:bc01:1983:8fd2:2dfc:a04c]
16:19:09.303 [main] DEBUG org.apache.hc.client5.http.impl.io.DefaultHttpClientConnectionOperator -- hub.docker.com:443 connecting null->hub.docker.com/44.221.37.199:443 (30 SECONDS)
16:19:09.303 [main] DEBUG org.apache.hc.client5.http.ssl.SSLConnectionSocketFactory -- Connecting socket to hub.docker.com/44.221.37.199:443 with timeout 30 SECONDS
16:19:09.522 [main] DEBUG org.apache.hc.client5.http.ssl.SSLConnectionSocketFactory -- Enabled protocols: [TLSv1.3, TLSv1.2]
16:19:09.522 [main] DEBUG org.apache.hc.client5.http.ssl.SSLConnectionSocketFactory -- Enabled cipher suites: [TLS_AES_256_GCM_SHA384, TLS_AES_128_GCM_SHA256, TLS_CHACHA20_POLY1305_SHA256, TLS_ECDHE_ECDSA_WITH_AES_256_GCM_SHA384, TLS_ECDHE_ECDSA_WITH_AES_128_GCM_SHA256, TLS_ECDHE_ECDSA_WITH_CHACHA20_POLY1305_SHA256, TLS_ECDHE_RSA_WITH_AES_256_GCM_SHA384, TLS_ECDHE_RSA_WITH_CHACHA20_POLY1305_SHA256, TLS_ECDHE_RSA_WITH_AES_128_GCM_SHA256, TLS_DHE_RSA_WITH_AES_256_GCM_SHA384, TLS_DHE_RSA_WITH_CHACHA20_POLY1305_SHA256, TLS_DHE_DSS_WITH_AES_256_GCM_SHA384, TLS_DHE_RSA_WITH_AES_128_GCM_SHA256, TLS_DHE_DSS_WITH_AES_128_GCM_SHA256, TLS_ECDHE_ECDSA_WITH_AES_256_CBC_SHA384, TLS_ECDHE_RSA_WITH_AES_256_CBC_SHA384, TLS_ECDHE_ECDSA_WITH_AES_128_CBC_SHA256, TLS_ECDHE_RSA_WITH_AES_128_CBC_SHA256, TLS_DHE_RSA_WITH_AES_256_CBC_SHA256, TLS_DHE_DSS_WITH_AES_256_CBC_SHA256, TLS_DHE_RSA_WITH_AES_128_CBC_SHA256, TLS_DHE_DSS_WITH_AES_128_CBC_SHA256, TLS_ECDH_ECDSA_WITH_AES_256_GCM_SHA384, TLS_ECDH_RSA_WITH_AES_256_GCM_SHA384, TLS_ECDH_ECDSA_WITH_AES_128_GCM_SHA256, TLS_ECDH_RSA_WITH_AES_128_GCM_SHA256, TLS_ECDH_ECDSA_WITH_AES_256_CBC_SHA384, TLS_ECDH_RSA_WITH_AES_256_CBC_SHA384, TLS_ECDH_ECDSA_WITH_AES_128_CBC_SHA256, TLS_ECDH_RSA_WITH_AES_128_CBC_SHA256, TLS_ECDHE_ECDSA_WITH_AES_256_CBC_SHA, TLS_ECDHE_RSA_WITH_AES_256_CBC_SHA, TLS_ECDHE_ECDSA_WITH_AES_128_CBC_SHA, TLS_ECDHE_RSA_WITH_AES_128_CBC_SHA, TLS_DHE_RSA_WITH_AES_256_CBC_SHA, TLS_DHE_DSS_WITH_AES_256_CBC_SHA, TLS_DHE_RSA_WITH_AES_128_CBC_SHA, TLS_DHE_DSS_WITH_AES_128_CBC_SHA, TLS_ECDH_ECDSA_WITH_AES_256_CBC_SHA, TLS_ECDH_RSA_WITH_AES_256_CBC_SHA, TLS_ECDH_ECDSA_WITH_AES_128_CBC_SHA, TLS_ECDH_RSA_WITH_AES_128_CBC_SHA, TLS_RSA_WITH_AES_256_GCM_SHA384, TLS_RSA_WITH_AES_128_GCM_SHA256, TLS_RSA_WITH_AES_256_CBC_SHA256, TLS_RSA_WITH_AES_128_CBC_SHA256, TLS_RSA_WITH_AES_256_CBC_SHA, TLS_RSA_WITH_AES_128_CBC_SHA, TLS_EMPTY_RENEGOTIATION_INFO_SCSV]
16:19:09.523 [main] DEBUG org.apache.hc.client5.http.ssl.SSLConnectionSocketFactory -- Starting handshake (null)
16:19:09.750 [main] DEBUG org.apache.hc.client5.http.ssl.SSLConnectionSocketFactory -- Secure session established
16:19:09.750 [main] DEBUG org.apache.hc.client5.http.ssl.SSLConnectionSocketFactory --  negotiated protocol: TLSv1.3
16:19:09.750 [main] DEBUG org.apache.hc.client5.http.ssl.SSLConnectionSocketFactory --  negotiated cipher suite: TLS_AES_128_GCM_SHA256
16:19:09.751 [main] DEBUG org.apache.hc.client5.http.ssl.SSLConnectionSocketFactory --  peer principal: CN=*.docker.com
16:19:09.752 [main] DEBUG org.apache.hc.client5.http.ssl.SSLConnectionSocketFactory --  peer alternative names: [*.docker.com, docker.com, *.hub.docker.com, *.dockerproject.org, docker.io, *.docker.io, *.cloud.docker.com, *.master.dockerproject.org, *.cloud-stage.docker.com]
16:19:09.752 [main] DEBUG org.apache.hc.client5.http.ssl.SSLConnectionSocketFactory --  issuer principal: CN=Amazon RSA 2048 M01, O=Amazon, C=US
16:19:09.752 [main] DEBUG org.apache.hc.client5.http.impl.io.DefaultManagedHttpClientConnection -- http-outgoing-0 set socket timeout to 3 MINUTES
16:19:09.752 [main] DEBUG org.apache.hc.client5.http.impl.io.DefaultHttpClientConnectionOperator -- hub.docker.com:443 connected null->hub.docker.com/44.221.37.199:443 as http-outgoing-0
16:19:09.752 [main] DEBUG org.apache.hc.client5.http.impl.io.PoolingHttpClientConnectionManager -- ep-0000000001 connected http-outgoing-0
16:19:09.752 [main] DEBUG org.apache.hc.client5.http.impl.classic.InternalHttpClient -- ep-0000000001 endpoint connected
16:19:09.753 [main] DEBUG org.apache.hc.client5.http.impl.classic.MainClientExec -- ex-0000000001 executing GET /v2/repositories/selenoid/vnc/tags?page=1&page_size=1024 HTTP/1.1
16:19:09.753 [main] DEBUG org.apache.hc.client5.http.protocol.RequestAddCookies -- ex-0000000001 Cookie spec selected: strict
16:19:09.756 [main] DEBUG org.apache.hc.client5.http.impl.classic.InternalHttpClient -- ep-0000000001 start execution ex-0000000001
16:19:09.757 [main] DEBUG org.apache.hc.client5.http.impl.io.PoolingHttpClientConnectionManager -- ep-0000000001 executing exchange ex-0000000001 over http-outgoing-0
16:19:09.757 [main] DEBUG org.apache.hc.client5.http.headers -- http-outgoing-0 >> GET /v2/repositories/selenoid/vnc/tags?page=1&page_size=1024 HTTP/1.1
16:19:09.757 [main] DEBUG org.apache.hc.client5.http.headers -- http-outgoing-0 >> user-agent: Apache-HttpClient/5.0
16:19:09.757 [main] DEBUG org.apache.hc.client5.http.headers -- http-outgoing-0 >> accept-encoding: gzip, deflate, br
16:19:09.757 [main] DEBUG org.apache.hc.client5.http.headers -- http-outgoing-0 >> cache-control: max-age=0
16:19:09.757 [main] DEBUG org.apache.hc.client5.http.headers -- http-outgoing-0 >> connection: keep-alive
16:19:09.757 [main] DEBUG org.apache.hc.client5.http.headers -- http-outgoing-0 >> Host: hub.docker.com
16:19:09.758 [main] DEBUG org.apache.hc.client5.http.wire -- http-outgoing-0 >> "GET /v2/repositories/selenoid/vnc/tags?page=1&page_size=1024 HTTP/1.1[\r][\n]"
16:19:09.758 [main] DEBUG org.apache.hc.client5.http.wire -- http-outgoing-0 >> "user-agent: Apache-HttpClient/5.0[\r][\n]"
16:19:09.758 [main] DEBUG org.apache.hc.client5.http.wire -- http-outgoing-0 >> "accept-encoding: gzip, deflate, br[\r][\n]"
16:19:09.758 [main] DEBUG org.apache.hc.client5.http.wire -- http-outgoing-0 >> "cache-control: max-age=0[\r][\n]"
16:19:09.758 [main] DEBUG org.apache.hc.client5.http.wire -- http-outgoing-0 >> "connection: keep-alive[\r][\n]"
16:19:09.758 [main] DEBUG org.apache.hc.client5.http.wire -- http-outgoing-0 >> "Host: hub.docker.com[\r][\n]"
16:19:09.758 [main] DEBUG org.apache.hc.client5.http.wire -- http-outgoing-0 >> "[\r][\n]"
16:19:09.970 [main] DEBUG org.apache.hc.client5.http.wire -- http-outgoing-0 << "HTTP/1.1 200 OK[\r][\n]"
16:19:09.971 [main] DEBUG org.apache.hc.client5.http.wire -- http-outgoing-0 << "date: Wed, 13 Mar 2024 16:19:09 GMT[\r][\n]"
16:19:09.971 [main] DEBUG org.apache.hc.client5.http.wire -- http-outgoing-0 << "content-type: application/json[\r][\n]"
16:19:09.971 [main] DEBUG org.apache.hc.client5.http.wire -- http-outgoing-0 << "transfer-encoding: chunked[\r][\n]"
16:19:09.971 [main] DEBUG org.apache.hc.client5.http.wire -- http-outgoing-0 << "content-encoding: gzip[\r][\n]"
16:19:09.971 [main] DEBUG org.apache.hc.client5.http.wire -- http-outgoing-0 << "x-ratelimit-limit: 180[\r][\n]"
16:19:09.972 [main] DEBUG org.apache.hc.client5.http.wire -- http-outgoing-0 << "x-ratelimit-reset: 1710346809[\r][\n]"
16:19:09.972 [main] DEBUG org.apache.hc.client5.http.wire -- http-outgoing-0 << "x-ratelimit-remaining: 180[\r][\n]"
16:19:09.972 [main] DEBUG org.apache.hc.client5.http.wire -- http-outgoing-0 << "x-trace-id: f483e99ce7537253fc356d7bd74049e3[\r][\n]"
16:19:09.972 [main] DEBUG org.apache.hc.client5.http.wire -- http-outgoing-0 << "server: nginx[\r][\n]"
16:19:09.972 [main] DEBUG org.apache.hc.client5.http.wire -- http-outgoing-0 << "x-frame-options: deny[\r][\n]"
16:19:09.973 [main] DEBUG org.apache.hc.client5.http.wire -- http-outgoing-0 << "x-content-type-options: nosniff[\r][\n]"
16:19:09.973 [main] DEBUG org.apache.hc.client5.http.wire -- http-outgoing-0 << "x-xss-protection: 1; mode=block[\r][\n]"
16:19:09.973 [main] DEBUG org.apache.hc.client5.http.wire -- http-outgoing-0 << "strict-transport-security: max-age=31536000[\r][\n]"
16:19:09.973 [main] DEBUG org.apache.hc.client5.http.wire -- http-outgoing-0 << "[\r][\n]"
16:19:09.973 [main] DEBUG org.apache.hc.client5.http.wire -- http-outgoing-0 << "3121[\r][\n]"
16:19:09.974 [main] DEBUG org.apache.hc.client5.http.wire -- http-outgoing-0 << "[0x1f][0xffffff8b][0x8][0x0][0x0][0x0][0x0][0x0][0x0][0x3][0xffffffc5][0xffffff9d][0xffffffdb][0xffffff92][0x1b]G[0xffffff92][0xffffffa6][0xffffffef][0xfffffff7]1[0xffffffea]vE([0xffffffce][0xffffff87]2[0x1b][0xffffffdb][0xffffff97][0xffffffd0][0xffffffd5][0xffffffec][0xffffff8e][0xffffffc9][0xfffffff2][0x10]9[0xffffffe2][0xffffff8c]D[0xffffffd2]x[0xffffff90][0xfffffff5][0xffffffec]X[0xffffffbf][0xfffffffb]~[0x1][0x14][0xffffff90]([0x0][0xffffff91]H [0xffffff82][0xffffffb9]c[0xffffffdd]=[0xffffffdd]T[0xffffff88]bx[0xfffffff9][0xffffff9f][0xffffffe1][0xffffff87][0xffffffdf][0x7f][0xffffffff][0xffffffef][0xffffff97][0xffffffe1][0xfffffff3][0xffffff8f]O[0xffffffdf]_^[0xffffff95][0xb][0xffffffbf][0xffffffbc]|J[0xffffffff][0xffffffe0][0xffffffbf][0xffffffbe][0xfffffffc][0xfffffff1][0xfffffffd][0xfffffffb][0xffffff97]o[0xffffffaf][0xffffffbf][0xfffffffe][0xfffffffa][0xffffffc7][0xffffff8f]~7~[0x1e][0xfffffffe]3}[0xffffffdd][\r][0xffffff9f][0xffffffff][0xfffffffa][0xfffffff5]o[0xfffffff5][0xffffffeb][0xffffffd7][0xfffffff4][0xffffffe5][0xfffffff3][0xffffffb7][0xffffff8f][0xffffffdf]?[0x7f][0xfffffffd][0xffffff98][0xffffffbe][0xfffffffd][0xfffffffa]-[0xfffffffd][0xffffff99]>}[0xfffffffe]8[0xfffffffe][0xfffffffa][0xfffffff7][0xffffffa7][0xffffffe1][0xffffffd7][0xffffffef][0xffffffdd][0xffffffbf][0x7f][0xfffffffb]__[0xffffffba][0x7f]O[0xffffffff][0xffffffa2][0xfffffffe][0xffffffcf][0xf]![0xffffff94][0xffffffcb][0xffffffff][0xfffffffd][0xfffffff7]o[0x1f][0xffffffff]o[0xfffffffa][0x17])[0xffffffc4][0xffffffcb]//_[0xffffffbe][0xffffffa6][0xffffffbf]?~[0xfffffffe][0xfffffff1][0xffffffed][0xffffffe5][0xfffffff5][0xffffffd3][0xffffff8f]?[0xffffffff][0xfffffffc][0xffffffe5][0xffffffe5]k[0xfffffffa][0xfffffff6][0xffffffe3][0xffffffcf][0xffffffef][0xfffffffc][0xffffffcf][0xffffffff][0xfffffffd][0xffffffdf]/[0xffffffc3][0xffffffd7][0xffffffd4][0xfffffff1][0xffffff9b][0xffffffbe][0xffffffbc]J[0x1b][0xffffffa5][0xf][0xffffffe2][0xffffff97][0xffffff97][0xffffff8f][0xffffffe3][0xffffffcb][0xffffffab][0xffffff93][0xffffffda][0x4][0xffffffe9]b[0xfffffffe][0xffffff9f][0x7f][0xfffffff1][0xffffffbb][0x1d][0xffffffce]v_[0xffffff87]?>~O[0xffffffc3][0xfffffff7][0x1f]_[0x13][0x7f][0xffffffd6][0xffffffee][0xffffffaf][0xffffffd1][0x19]~[0xfffffffb][0xffffff89][0xffffffdf][0xffffff81]_[0xffffffe1][0xffffffcc][0xb][0xffffffff][0xffffffeb][0xffffffef][0xffffffee][0xffffffeb][0xffffffc7]._[0xffffffeb][0xfffffff0][0xffffffcf][0x1a]?[0xfffffff2]w[0xffffffe7][0xffffff9b]}[0xfffffffb][0xffffffa3]S[0xffffffd6][0xffffffbd]F=E[0xffffffd7][0xffffff8f]2[0xffffffca]N[0xffffffa9]q[0x1c][0xffffffa6]1J[0x19]{[0xffffffa1][0xffffffa4][0xffffffef][0x6]%D[0xffffff8a]BOZF[0xffffffab]m[0x17][0xffffffbb][0xffffffd1][0xe]F[0xe][0xffffffde][0xffffffc4]dM?9'"[0xffffffff][0xffffff84][0xffffffcf][0xfffffff9][0xffffff9f][0xfffffff4][0xffffffe7][0xffffffc7]O?[0xfffffffe][0xffffffb1][0xffffffff][0x1f][0xffffffbf][0xffffffbf][0xffffffff][0xffffffe7][0xfffffff3][0xb][0x7f][0xffffffa7][0xffffffaf][0xffffffdf]>~[0xfffffffe]t[0xfffffffc]#dK[0xffffffbc][0xffffffbc][0xffffff9a] [0xffffffbc]R*[0xffffffca]_^[0xffffffbe]}[0xffffffe7][0xf][0xffffff9c][0x7f][0xffffff93]n[0xfffffff8][0xfffffffe][0xfffffff1][0xffffffef][0xffffffc4][0xffffffef][0xfffffff2]g[0xfffffff7][0xffffffed][0xfffffffb][0xffffffef]_0N[0xffffffe2][0xfffffff2]/J([0xfffffff3]A[0xffffffe8][0xf]R[0xffffffff]&[0xffffffdd][0xffffffab][0x8][0xffffffaf][0xffffffda][0xffffffec][0xffffff84][\n]"
16:19:09.975 [main] DEBUG org.apache.hc.client5.http.wire -- http-outgoing-0 << "[0xffffffce][0xffffff84][0x7f][0xffffff9d][0xffffffcf]~[0xfffffffb][0xffffffe3][0xffffffdd]Y[0xffffffa1]~[0xffffff93][0xffffffe6][0xffffffd5][0xfffffff8]WawF:[0x15][0xffffffe4][0xffffffbf][0xffffffbe][0xfffffffc][0xfffffff3][0xffffffdf][0xffffffde]~[0xffffffe7][0x1f]_[0xffffffc6][0xffffffee]{[0xffffffe1][0xffffffb8][0xffffffdb][0xffffffe9][0xffffffe8]]<[0xfffffffd][0xffffffce][0xffffff87][0xffffffb3][0xffffffe7]?[0xffffff90][0xfffffffd][0x1f][0xffffffee][0xffffffed][0xffffff97][0x7f][0xffffffff][0xfffffff1]-}[0xfffffffd][0xffffffd4][0xfffffffd][0xffffffb5][0xffffffb7][0x7f][0xfffffffa][0xfffffffa][0xfffffff9]?[0x7f][0xfffffff4]i[0xfffffff8][0xffffffc8][0xffffff9f][0xffffffea][0xffffffed][0xffffffd7][0xffffff86]?[0xffffffbe]~[0xfffffffe]+[0xfffffffd].[0xffffff95][0xffffffda][0xffffffe5][0xffffff9f][0xfffffffc][0xffffffc9]i[0xfffffffe]+[0xffffffff][0xffffff80][0xffffffa5][0xffffff8e]![0xfffffff2][0xfffffff3][0xffffffe2][0xffffff9e]{[0xfffffff7]xg[0xffffff94][0xffffffbf][0xffffffd5][0xffffffcb][0xffffffeb][0xfffffff7][0xffffffaf]?[0xffffffd2]//[0xfffffff8][0xffffffd3][0xffffffef][0xffffffd7]&[0xffffffca][0xffffffbf][0xfffffffa][0xffffff88][0xffffff99][0xffffffce][0xffffffce][0x17]Muv[0xfffffff7][0xffffffbf][0xffffffd2][0xfffffff8][0xffffffb1][0xfffffffb][0xfffffffd][0xfffffffb][0x7f]}[0xffffffd9][0xffffffdf][0xffffffec][0xffffffcb][0xffffff97]??[0xe][0xffffffdd]w~[0xffffff88]x[0xfffffff8]8#[0xffffffe1][0xffffffd3][0xfffffff7][0xffffffee][0xffffffe3]'0[0xffffffb1]w[0xffffffca][0xffffffdd][0xffffffdf][0xfffffff2][0x7f][0xfffffffe][0xffffffc7]7~[0xffffffce][0xffffffbf][0xffffff80][0xffffffa4]O[0xffffffdf][0xffffffd3][0xffffffa7][0xffffffef][0xffffffc7][0xffffffbf][0x7f][0xffffffff][0xffffff97][0xfffffff9][0xffffffe5][0xffffffe6][0xffffffce][0xfffffff7][0xffffffcf]_[0xffffff8a][0xffffff88][0x11][0xffffffd6][0xffffffea][0xffffffe0][0xffffff8d]m[0xffffff8e][0xffffff98][0xffffffe4]z[0xffffff99]L[0xffffffaf][0xffffffb5][0x17]A%0[0xffffffe0][0xffffffbc][0xffffffd6]jr1(at[0xffffff92][0xffffffbd]WII[0x1b][0xffffffa2][0xffffff9f][0xfffffffc]4[0x4]9$[0xffffffdb][0xffffffbb]8v2[0xfffffffa][0xffffffd1][0xffffff8c][0xffffffa1][0x2]1[0xffffffd1](iD[0xffffffe0]J[0xffffffd7][0xffffffee]Pv[0x5][0xfffffff9][\n]"
16:19:09.977 [main] DEBUG org.apache.hc.client5.http.wire -- http-outgoing-0 << "[0xffffffcc][0xffffff8d][0xffffffde][0xffffff89][0xffffffc0][0x1f]y[0xfffffff6][0xffffffeb]/?[0xffffffde][0xffffffb9][0xffffff81][0xfffffffa] CF[0xffffff8c][0xffffff8d][0xffffffaf][0xffffffca][0xffffffec][0xffffff82]1[0xffffffe0]~[0x1]1[0xffffffef][0xffffff8f]G[0x13][0xffffffac][0xffffffb3][0xffffff8d] [0xfffffff3][0xfffffff9]K[0xfffffffa][0xffffffda][0xfffffffd].[0xffffff85]_[0xffffff87][0xffffff98][0xffffffd9](u[0xffffff88][0xffffffb9]6S[0x9]1[0xffffffa5][0xffffffbb]o[0x2][0xffffff99]j[0xffffffef][0xffffffbb][0x7][0x19][0xffffffe1]Ls[0xffffffc8][0xffffff8c]1[0xffffff88]~[0xfffffff2][0xffffffba][0xffffff97]np[0xffffffae]s[0xffffffbd][0x12][0xffffff9d][0xffffffd6][0xffffff83]T|hEH[0xffffff93][0x1b][0xffffffa2][0xffffffee][0xffffffc3]4j[0xffffffe7]|t[0xffffffce][0xffffff81][0xffffff94][0xffffffc0]7[0xffffffdf][0xffffffa8]q[0xffffff92]S[0xfffffff2][0xffffffea][0xfffffff9]G[0xffffffc6]XmD[0x14][0xffffffbc][0xffffff9b][0xffffff8f]@[0xffffffc6][0xffffffbe]*[0xffffff9b][0x1f][0xe][0xffffffa0][0x1d]}[0xfffffff1][0xffffff91]9[0xfffffff9][0xffffff81]y[0xffffffd5]qg[0xffffff94][0x16][0x2][0xc][0x14][0x1f][0xffffff99][0xffffffb3][0xffffffe3]F[0xffffffec][0xffffffa4][0xffffff92]:[0xffffff98]F[0xffffff90][0xffffff99]>~M[0xffffffd3][0xffffffe7][0x7f][0xfffffff0][0xffffffcc][0x0][0xfffffff3]5[0xffffffcf][0xffffffcc]l[0xffffff96]:[0xffffffd0]\[0x1b][0xffffffea].hx[0xffffff94][0xffffffcf]o[0xffffffbf][0x9]h[0xffffffaa][0xfffffffd][0xffffffaf][0xc][0x1a][0x1b][0xfffffff9]TZ[0x1f]us[0xffffffd0][0xffffff88][0xffffffd4]w[0xffffff83][0x15][0xffffffb1][0xfffffff7]|[0xfffffff3]G[0xffffffd1][0xffffff8d]][0xffffffa7][0xffffff9c][0xfffffff5][0xffffff93][0xffffffee][0xfffffff8]6[0xffffffcb][0xffffffd4][0xffffffbb][0x14][0xffffff92][0xffffffe6][0xffffffd9][0xffffff89][0xffffff83][0xffffffb7][0xffffffd1]Yc][0x1c][0xfffffff8][0xffffff93]([0xffffffd3][0xf]N:[0xffffffe3][0xffffff9f][0x7]M[0x10][0xfffffffb][0xffffffdf][0xffffffe7])[0xffffffd0][0xffffffe0][0xffffff80][0xffffffc2][0x4][0xffffffc7][0xffffffdb]q[0xffffff8a][0xffffffe2][0xffffffde][0xffffffbd]3[0xfffffff2][0xffffff83][0xffffff96]9[0xffffff8a]3[0xffffffea][0xffffffd5][0xffffff86][0xffffff9d][0xffffffe5][0xffffff95][0xffffff96]K[0xffffffef][0xffffffcc][0xfffffff9][0xfffffff1][0xffffffb8][0x13]F[0xffffffc5][0xffffffd8]*4;[0xffffffbe]3n[0x1d]df[0xffffffa3][0xffffffb4][0xffffff80][0xffffffcc][0xffffffb9][0xffffff99]J[0xffffff90])[0xffffffdd]}[0x13][0xffffffc8]T{[0xffffffdf][0x12]d[0xffffff88][0xffffffc6][0x1d][0x19]F{[0xffffffc8][0xffffff98]([0xffffff8d]q[0xffffffa1][0xffffffeb]\[0x0][0x1f][0xffffff84]_S[0x18]|p[0xffffff93]J[0xffffffc9]D-[0xffffff9d][0x1f]:mU7[0xffffffd9][0xffffff8e][0xffffffd4][0xffffffa5][0x1f]=@[0x1a][0xffffffbd][0x1c]b?h-[0xffffff92]}[0x1e]2F[0xb][0xffffffed][0xffffffc8]3[0x1e]{gHf[0xffffffe2][0xffffffab]0;o[0xffffffb5][0xffffffb6]s[0xfffffffc]t[0x11][0xffffff9a][0xffffffc9][0xf]*[0xfffffffe][0xffffffc6]Ai_[0xffffffb5][0xffffffdf]Yi[0x5]OR[0xfffffff1][0xffffff99]y[0x7f][0xffffffda]9n[0xffffffad][0xffffff9a]?3+[0xffffffb3][0xffffff99][0xffffffd9]*u[0xffffff98][0xffffffb9][0xffffffb6]S[0x19]3[0xffffffe7][0xffffffb6][0xffffff9a]o[0xffffffbf][\r]fj[0xffffffdd][0xffffffef][0xe]ft[0xffffffb4][0xffffffed][0xffffffd3][0x19][0x0]!Ih[0xffffffc6]^[0xffffffaa]^M[0xffffffa3]0]t<0^v[0xffffffbd][0xffffff99][0xffffff9c][0xffffff8c]$[0xffffffda][0xfffffffd]4[0xffffff92][0xffffffca]tc[0xffffffb2]C"[0xffffffa1]Q)j[0xffffffe5]M0)[0xffffffe8]N?[0xffffff8f][0x19][0x1d][0x2]9[0xffffff94]}[0xffffffbc][0x0]`2fd[0xffffffd0]$x[0xffffffe5]g[0xffffffe6][0xffffffcd][0xf][0xffffffe4]+[0xffffffa9]7[0xffffffaf]Yp~[\r]h8[0xffffffae]w*[0x4][0xffffffa5][0xffffffe6][0x17][0xffffffac][0xffffffae][0x2]0[0xffffffc7]fr[0xffffffdd]C3[0xffffff9b][0xffffffa5][0x1a]4[0x17][0xffffff86][0xffffffba][0xb][0xffffff9a][0xffffff8b][0xffffffdb]o[0x2][0xffffff9a]j[0xffffffff][[0x6][\r][0x1][0xffffff86]o_53]J6E[0xffffffd3][0xffffffb9][0xffffffb1][0x1f]l[0xffffffe7]GB[0xffffffb5]N%)]?tcoB2I[0xfffffff9]nt[0xffffffa2]K[0xffffffc6][0xffffff99][0xffffffd4][M4[0x17][0xfffffffa][0xffffff91]Xm[0x2]g[0xffffffcf][0xffffff83][0x6][0xfffffff8][0xffffffd9][0xffffffb0][0xffffffcf][0xffffffd1][0x1e]Oh([0xffffffef]X-[0xffffffed]Bl[0xffffff96]A[0x13][0xfffffff6][0xfffffff5][0x2][0xffffffb2]o[0x1f][0xffffff8d]$[0xffffffd8][0xffffffba][0xfffffff3][0xffffffd2]\[0x1e][0x7f]Wb[0xffffffab].[0xffffff9b][0xffffffad][0xffffffc4][0xffffffcc]l[0xffffff95]:[0xffffffcc][0x1c][0xfffffff2][0xffffff99]s;-c[0xffffffe6][0xfffffffa][0xfffffff2][0xffffff9b]`[0xffffffa6][0xffffffda][0xfffffffd][0x16]0C[0xffffffe0][0xffffffaf])3Q[0xffffff97]l\i[0xffffffee][0xffffffbc][0xffffff8c][0xffffffc9]wz[0x1c]z[0xffffffa2][0xffffffb2][0xfffffffc]TF[\r]D[0x6][0xffffff92][0xffffff9c]IQ[0x13][0xffffffd0][0xffffffc9][0xfffffffb][0xffffff94][0xfffffffa][0xffffff89]*[0xffffff95]I[0xffffffa3][0xffffffb3][0xffffffaa][0xffffffa7]`[0x10][0xffffffa2][0xffffff9c]F[0xffffffd9]%!*[0x1e][0xffffff9a][0xffffffa0][\r][0x15][0xffffffaa]G[0xffffff8b][0x0][0x4][0x1d][0xffffffe2]U[0x12][0xffffffe9]D[0x15]<[0xffffff8f][0xffffffc7][0xffffff8d]|[0xffffff86][0xffffff92][0xffffffb4][0xfffffffa][0xffffffa0][0xffffffc8]g[0xffffffe4]k.L[0xffffff93]IHe<Y[0xfffffffd]m[0xffffffcc]\[0x1f][0xf][0xffffff81][0xffffffca]~[0xffffffa3][0xffffffe8][0xffffffec]Tj[0x16][0xffffffeb][0xffffffde][0xffffff99][0xffffffd9]*u[0xffffff98][0xffffffb9][0xffffffb6][0xffffffd3]M[0xffffffcc],\~[0x13][0xffffffcc]T[0xffffffbb][0xffffffdf][0x2]fH&[0xffffffbc]p[0xffffff8a][0xffffffe8][0xffffffbf]1f[0xfffffffa][0xffffffd1][0x11][0xffffff8d][0xffffff91]QS[0x4]Hf[0x14]q[0x18][0x7][0xffffff9d]@[0xffffff87][0x1a]B[0x1c]e?u[0xffffffa4][0xe][0xffffff8a][0x12]W"[0xffffffe5]Ib[0xffffff94][0xffffff93]r[0xffffffbd]uS'[0xfffffff8][0xffffffce][0xf][0xffffffba][0xffffffe2][0xffffff9d][0xffffffd1]QkIA[0xfffffffb][0xffffffe1]wF[0xffffffbf][\n]"
16:19:09.979 [main] DEBUG org.apache.hc.client5.http.wire -- http-outgoing-0 << ""([0x19]B[0xffffffa1]p[0xffffffb6][0xfffffff7][0x3]a~#[0xffffff9b]Q[0xffffff82][0x7f][0xffffffed][0x8]&[0xffffffb1][0xffffffdf]"f[0xffffffe6][0xffffffe3][0xffffffbc][0x7][0xffffffda][0x18]O3[0xffffffa7][0xffffffc9];3[0x7]g+A3[0xffffff9b][0xffffffa5][0xe]4\[0xfffffffe][0xffffffc2]Pe[0xffffffd0][0xffffffdc][0xffffffbe][0xfffffffd]&[0xffffffa0][0xffffffa9][0xfffffff6][0xffffffbf]e[0xffffffd0]8)[\r][0xffffffbd][0xffffffd6][0xffffffc6][0xffffffa0][0xffffffd1]q[0xffffffb0]a[0xffffffb4]a[0xfffffff2]>D3[0xffffffd9]h[0xffffffc7]D[0xfffffff3]#u<?[0xffffffca][0xffffffd3][0xffffff82][0xffffff8d][0xffffff80]F[0xfffffff4]c[0x1f]R[0xffffff8a]=[0xffffffef][0xc][0xffffffff][0xffffffa2]:m}[0x1a][0xffffffa5][0xffffffe3][0x5]z>8[0xffffffd3][0xffffff96][0x1b][0xffffffed]{z[0xffffff8f][0x4]g*?4V[0xffffffee][0xffffffa4]5>[0xffffffdc][0xffffffce]h[0xffffffce]@C![0xffffffc0][0xffffffaa][0xffffff9d]4[0xffffff9a][0xffffffcc]l[0x5]h[0xe][0xffffffc7][0xffffffe9][0xffffffb3]F[0xffffffdb][0xffffffbc][0xffffffda],[0xffffffa9][0xffffffc8]a[0xffffffac][0xffffffbb]M[0xffffffcd][0xffffffd9],u[0xffffffa0][0xffffffb9]6[0xffffffd4]=[0xffffffd0]\[0xffffffde]~[0x13][0xffffffd0]T[0xfffffffb][0xffffffdf][0x2]h[0xffffffa8][0xfffffffd]8R[0xffffffef][0xfffffff6][0xffffffd1][0xffffff99]un[0xffffff9c][0xfffffffa]1[0xffffffea]n[0x1c][0xffffffdd]H[0xffffffb7]&[0xffffffaa]A[0xffffff8e][0x2][0x8][0xfffffff5][0x1d]m[0xffffff98]N[0xffffffa4] [0xffffff82][0xffffff98][0xfffffffa][0xffffffce][0xf][0xffffffd0][0x2]T[0x1f][0xffffffa9]<[0xffffff93]T[0xffffffc7]@{E[0xfffffff3][0xffffff8b][0xffffffcf][0xffffff83]&[0xffffffe8][0xc][0xffffff9a][0xffffffcc][0xffffffb9]x[0x6]4:[0x10][0xffffff9d][0xffffffcd][0xffffff9e]}^:[0x3]4[0xfffffff2][0xffffff83][0xfffffff4][0xffffffb9][0xffffffab]I;G[0xffffffd9][0x1d][0xfffffffd]vZ[0xffffffb5][0xb][0xffffffa0]y[0x7f]\Y[0x15][0xffffffce][0xffffffaa]rue[0xffffff80]c[0xffffffb5][0xffffff99][0xffffffa6][0xffffffd2][0x1a][0xffffffc8][0xffffffcc]Fi[0x3][0xffffff99][0xffffffd9]L%[0xffffffc8][0xffffff94][0xffffffee][0xffffffbe][0x9]d[0xffffffaa][0xffffffbd]o[0x1]2[0xffffff84][0xb][0xffffffc6][0x18][0xffffffe9][0xffffff9b][0xffffffbf]3[0xffffffd4][0xffffff95]yI [0xffffffc4](?[0xffffffc9]>:[0xfffffffc]xRt1[0xffffffc7][0x11]j[0xffffff8a]6[0xffffff9a][0x17]FS}[0xe]2[0xfffffff9]([0xffffffc1][0x9]E6[0xffffffe0][0xffffffd4]Q[0xffffff9d][0x6]N[0xffffffb8]|[0x5]d[0xffffffa4][0x17][0xfffffff0][0xffffff83][0x1e]|g[0xffffffdc][0xffffffab]$[0xffffffa1][0xffffff91];[0xffffffeb][0x2]t[0xffffffa2]RB#?[0x8] [0xffffffa3]^[0xffffffb5]}5[0xffffffbc]I[0xffffffc6]JY[0xffffffec]j[0xffffffee][0x11]v~\Q[0xffffffd9]?{[0xffffffc2][0xffffffea] sLh[0xffffffd6]>3[0xffffffe1]d[0xffffff95]:[0xffffffcc]\[0xffffffdb][0xffffffa9][0xffffff8c][0xffffff99][0xffffffdb][0xffffff97][0xffffffdf][0x4]3[0xffffffd5][0xffffffee][0xffffffb7][0xffffff80][0x19][0xffffffed][0xffffff9d][0xfffffff2]J[0xffffffb7][0x7f]f [0xffffff8e][0xffffffc1]([0xffffff83][0x1e]3P,[0xffffffd3][0xffffffbd][0xb]z[0xffffffa4][0x1b][0xffffffd3][0xffffffab][0xffffffa8][0xffffffa6][0x1e][0xffffff98]Ph[0x1e]#[0xffffffbc][0xffffff80]H[0xffffffe5][0xffffff8c]2s[0x1c][0xffffffa8][0xffffffaa][0x19][0xffffff88]h[0xffffffae][0xffffffb3][0xffffff9d]u[0xffffffc9]u[0x15][0xffffff98]!q[0xffffffb0]R[0xffffffa8][0xffffffe7][0xffffff9e][0x19]Ow'W[0xffffff90]o[0x17][0x1][0xffffffc4][0x7][0xffffffe5][0xfffffff7][0x1d][0xffffff9a][0xffffffb8][0xffffffa7][0xffffffa6]I[0xffffffaf][0xffffffca][0xffffffd5]f0[0xfffffff3][0xfffffffe][0xffffffb8][0x14][0xfffffff2][0xffffff9c][0xffffff97]S[0xffffff87][0xffffff99][0xffffffe3]3[0xffffffc3][0xffffff9f]b[0xffffffd5]3s2J[0x1d]d[0xffffff8e][0xffffff91][0xffffffd9]l[0xffffffa6][0x12]dJw[0xffffffdf][0x4]2[0xffffffd5][0xffffffde][0xffffffb7][0x4][0x19]8[0xffffff86][0xffffff81][0xffffffa6]H[0xfffffffb]g[0xffffff86]z1[0xffffffae][0xffffffcf][0xffffffbf]=[0xffffffd4][0xffffffb2]Q[0xffffffa5][0xffffffd0][0xf][0xffffffb9][0xffffffa6][0xffffff9c]c[0x19]E[0xffffff80]&[0xc]%][0xffffffef][0x7]-[0xffffffbb]a[0x18][0xffffff83][0xfffffff1][0xffffffd3][0xffffffc4][0xffffffeb]"[0xfffffffb][0xffffffbe]s[0xffffffb6][0x1b]Uf[0xffffff84]>[0xffffffc9][0xffffffd0][0xfffffff4][0xffffff96][0xffffffaa][0xffffff99]q[0xf][0xfffffff2][0xffffffcd][0xfffffff6][0xc]M[0xffffff9a].[0xfffffff4][0xffffff90][0xffffffa0]x.@[0xffffffc6]f[0xffffffc8][0xffffff98][0xfffffffd]3[0xffffffe3]"][0xffffff8f]b[0xffffff83][0xffffffe6][0x0][0xffffff99][0xffffffb3][0xffffffe3]<[0xffffffa3].[0xffffffb6][0xffffffaa][0x1][0xffffff9c][0xffffff9e][0xffffff99][0xffffffb0][0xe]3[0xffffffb3]U[0xffffffea]0sm[0xffffffa7][0x5][0xffffffcc][0xffffffdc][0xffffffbc][0xfffffffc]&[0xffffff98][0x9][0xffffffb5][0xffffffee][0xffffffb7][0xffffff80][0x19][0x5][0xffffffc7][0xffffffd9]h[0xffffffd9][0xffffff9e][0x8][0xffffff90][0x3]0[0x1e][0xffffff9a]`$D2Ja[0xffffffc6][0x12]w[0x9][0xffffffba]3[0xffffff94][0xffffff9e][0xfffffffd][0x14][0xffffff8c][0xffffff8d]>[\r][0xffffffb4]ih[0xffffffdb]h[0xffffff99]&C[0xffffffab][0x13][0xffffffd6]2[0x1c][0xffffff9b][0xffffffc9][0xffffffcb]^[0xffffffc7][0xfffffff1]y[0xffffffcc][0x18][\r][0x15][0x12]N[0xffffffe2]3[0xffffffcf]LN[0xffffffeb]y[0xffffffee]f[0xffffffc7][0xffffffbe][0xffffffc8]f[0xffffffc4][0x7][0xffffffe1]r[0xffffffad]Y[0xffffffe3]:vG[0xffffff99][0xffffff9c].[0xffffffed]B6[0xfffffff3][0xfffffffe]8[0xfffffffc]q[0xffffff9e][0xffffffa5][0xffffffd6]u3[0xffffffb9][0x12]4[0xffffffb3]Y[0xffffffea]@sxh[0xffffffce][\r]U[0x6][0xffffffcd][0xffffffb9][0xffffffb1][0xffffffe6][0xffffffdb]o[0x3][0xffffff9a]Z[0xffffffff][[0x6][0xffffff8d]p[0xfffffff0][0xffffffbd][0xffffff9a]?4[0xffffffbd][0xfffffff1][0xfffffff4]'[0x3]=[0xffffff99][0x18][0xffffffa6]i[0xffffffb2][0x2][0xffffff92][0xffffff8c][0xfffffff1]}[0xffffff80][0xffffffdb][0xffffffec]D[0xffffff9f][0xffffffa6][0xffffff8e],g[0x0]>[0xffffff9d]Vd[0xffffffff][0x1e][0xffffffd8]h[0xffffffaa][0x3]1[0x1f][0x1a][0xfffffffb][0xffffffd1]<_[0x2][0xffffffa0][0xffffff84]M[0xffffff87][0xffffff85][0xffffff94][0xffffffe9]9[0xffffffd0]@7[0xffffff83][0xffffff82]W~h[0xe]~ }[0xffffffae][0xffffff9b][0x9][0xffffff98][0xffffff8f]9A)6h[0xffffff8e][0xffffffa0]9[0x1c]'[0xffffffb5][0xffffffb3][0xffffffb6][0x15]}[0xffffffe6][0x18][0xffffff9b][0xffffffad][0xffffffe3]h[0xffffff9e][0x19][0xffffffa5][\r]df3[0xffffffdd][0xffffff83][0xffffffcc][0xffffffe5][0xffffffdd]7[0xffffff81]L[0xffffffb5][0xfffffff7]-@F[0x6]G[0xffffffd5]7[0xffffff8f][0xffffff9a][0xffffffb4].5[0xffffff87][0xffffff8e]VG[0xffffffdf]Mnb$[0xffffff80]n[0xffffff8c]a[0x1c]`[0xffffffca][0xffffffcd][0xffffff99](:[0x19]xX`RR~[0xffffffee]Eg[0x4]U[0xffffffe8]ha[0xffffffd5][0xc][0xffffffb4][0xffffffa2][0x4][0x1d][0xffffffeb][0xffffffd1]V[0xfffffff4]4[0xffffffc1])[0x14]y[0xfffffff9][0xffffffe4];[0xffffffe3][0x15][0xffffffbc][0xffffff9b]Rl&[0xffffffe2][0x7]E[0x7f][0xffffff86][0xffffffe6][0xc]-[\n]"
16:19:09.981 [main] DEBUG org.apache.hc.client5.http.wire -- http-outgoing-0 << "[0x8]g[0x2][0xffffffb2][0xffffffcf]Blvy<[0xffffffd0]i[0xffffff9d][0xffffffab][0xffffffd8]m[0xffffffd2][0xffffff99][0xffffff95]4[0xffffff80][0xffffffd9](m 3[0xffffff9b][0xffffffa9][0x0][0xffffff99][0xffffffe2][0xffffffdd]7[0xffffff81][0xffffff8c][0xffffffae][0xfffffff5][0xffffffbe]E[0xffffffc8]P_R[0xffffffa6]}KsP[0xffffff9d][0x18]u[0xffffffe2][0x1d]q[0xffffffd1][0xffffffc6][0xffffffd1]&[0xffffffaa][0xffffffc9].ejf?[0xffffffd2][0xffffffa7][0xffffff8f][0xfffffff4]OT[0xffffffd7][0x7]?[0xffffffca][0x10][0xffffff93]V[0x3]$[0xffffffb4][0x4][0xffffff9f]f[0xffffff84]'[0xc][0xfffffffb]wz[0xffffffbe];c[0xffffff99]5c[0x6]G>Uh&[0xffffff9d]!T={[\n]"
16:19:09.981 [main] DEBUG org.apache.hc.client5.http.wire -- http-outgoing-0 << "[0xffffffde][0xffffff87]f'?[0xffffffc8]4[0x0][0xffffffbf][0xffffffa3][0x8]f[0x16][0xffffffea][0xffffffcc][0x17][0xffffffa7]![0xffffffa1]*;[0xffffff83][0xffffffb1][\r]b[0xffffffd6]14[0xffffffcf]l[0xffffffd2][0x6]1[0xffffffb3][0xffffff95][0xffffffee]![0xffffffe6]`[0xffffffa9][0xfffffff9][0xffffffee][0xffffff9b] [0xffffffa6][0xffffffda][0xfffffff9][0xffffffee] [0x6][0xffffffca]T[0xfffffffb][0xffffff9a][0xffffff99][0x1e][0xfffffff1]<=[0xffffffc9][0xffffff8e][0xffffffd0][0xffffff85]q[0xffffff98]N[0x4][0xffffffdf][0xffffff8b]0[0xffffffc5][0xe][0xffffffa0][0xffffffa4]L[0x1d][0xffffffa6][0xffffffb0]E5[0xffffff8d]~f[0xffffffec]:[0xffffffa9][0xffffffc5][0xffffffa4][0xfffffffb]~TB[0xfffffff7]P[0xffffff92][0xffffff85][0xffffffec]+X[0xffffffcd]L[0xffffffb4]1[0xffffffe3]&[0x1e][0xffffffac]3[0xffffffd3]k[0xffffffa1][0xffffff84][0x1a]w[0xffffffce][0xffffffc2][0xffffff86][0xffffff99][0xffffff83][0xffffffa7][0x12]b[0xffffffe8]}[0xffffff8a][0x1d][0xffffffe5]Fa[0x17][0xffffffe2][0xffffffb2][0x19]2[0xfffffffb][0xffffffe3][0xffffffb0]-[0xffffffda][0xffffff97][0xffffff99]W[0xe][0xffffff9c][0xffffffcd]F[0xffffffa9][0xffffff83][0xffffffcc][0xffffffb5][0xffffff99][0xffffffee]B[0xffffffe6][0xfffffffd][0xffffffdd]7AL[0xffffffb5][0xfffffff3][0xffffff95][0x11][0xffffffc3][0xffffffc7]^[0xffffffd1][0xffffffce][0xc][0xffffffed]GgB[0xffffffb2][0xffffff93][0xffffffa5]33y2[0xffffff97][0xffffff8e][0xffffffca]q[0xf][0xffffffb5]y [0x6]K"[0xffffff8d][0xffffffa1][0xffffffa3][0xffffffc0]<t[0xffffff82]I[0xffffffb4]H[0x10][0xffffffa6][0xffffff98][0xffffff9a]qa4ti[0x12][0xffffffd3]f[\n]"
16:19:09.982 [main] DEBUG org.apache.hc.client5.http.wire -- http-outgoing-0 << "[0xffffffde]KE[0xffffff95][0xffffff99][0x11][0x0]R[0x19]A[0xffffffb3][0xffffffe9][0xfffffff1]f[0xffffffa6][0xffffffde][0xffffffd1]A[0xffffffd2]g[0xffffffb1][0xffffffd3][0x5]b[0xffffffc2][0x7][0xffffffc5][0x0]4[0x13][0xffffffcd]:[0xffffffcf][0xffffff9b][0xffffffc1]h[0xb]j[0xffffffa1]3#[0xffffffce][0xffffff8e]3qE[0xffffff92]v[0xffffffc6][0xffffff96][0xffffffae]{cN[0xffffffac][0x19][0xffffffb9][0x12]2[0xffffffb3]U[0xffffffea] s[0xffffffc8][0xfffffffe][0xffffffcf][0xffffffed]T[0xffffff82]L[0xffffffe1][0xfffffff2][0xffffff9b]@[0xffffffa6][0xffffffda][0xfffffffb][0xffffffee]@[0x6]/i[0xffffffdf][0xffffffcc]T[0xffffffcc][0x16][0xfffffff8][0x1e][0xffffffef][0x1b];'[0x3][0xffffffcf][\n]"
16:19:09.982 [main] DEBUG org.apache.hc.client5.http.wire -- http-outgoing-0 << "O[0xc][0xffffff98][0x19][0xffffffba][0xffffffa0][0xffffffe1]gjZ[0xffffff86][0xffffffa6][0xffffff9b][0xffffff92][0xffffff9b]`[0x6]L[0x1e][0xffffff96][0xffffffa6] .[0xfffffff3]0[0xffffff9f][0xfffffffb]dai[0xffffffa6][0x1a][0xffffffa6][0x19][0xffffffc5][0xc][0xffffffa7]=_[0xffffff81]g [0xffffffc3][0x1f][0xffffff82][0xffffff9a]Y![0xfffffff9][0x7f][0xffffffc3][0xffffff80][0xffffffcb][0xffffff8c]fFgH[0xffffffe6][0xffffffbd]^[0xffffffa8][0xffffff98]][0x1c][0xffffffd7][0xc]L[0xffffffcb]VU[0xffffffe6][0x19]3+[0xffffffe7][0xffffffcd][0xffffff98][0xffffff85]}3K[0x1b][0xffffffcc][0xffffffcc][0xffffff86]Z[0xffffffc6][0xffffffcc][0xffffffd1]X[0xfffffff3][0xffffffed]7[0x1]M[0xffffffb5][0xffffffff]-[0xffffff82][0x6][0xfffffffd][0xffffff8a][0xfffffff8][0x13]F4[0x15][0xffffffe4][0xffffff93]ab[\n]"
16:19:09.983 [main] DEBUG org.apache.hc.client5.http.wire -- http-outgoing-0 << "3u[0xffffff8a][0x14][0xffffff85]Q[0x19][0xfffffff2][0xffffff94][0xffffffe8]{I[0xffffffe0][0xffffffa5][0xffffffcc][0xffffffc0][0xffffffdb]6[0xfffffff0][0xc]y[0xf][0xffffff90]R[0x1f][0x10][0xffffffd9]@W[0x3]rM[0xffffffea][0xffffff86][0xffffff91][0xffffffbe][0xffffffa7]z>[0xffffff97]1[0xffffffde][0xffffffd3]j[0xffffff83][0xffffffce][0xfffffff2][0x18]h4%[0xffffffb0]}[0xffffffb4][0xffffffc5][0xffffffb4][0xffffff9a][0xffffffbc][0xb][0x1a][0xffffffc3]q[0xffffffbe][0xffffffb5]4M[0xfffffff3][0xffffffc8]@[0xffffffa9]bv[0x2][0xffffffcd][0xffffffe1]8[0xffffffe3]w[0xffffffbc][0xffffffe9][0xffffff8d][0xffffffca][0xffffffcc][0xffffffa7][0xffffffd6][0xffffffcc]J[0xffffffcc][0xffffffcc]V[0xffffffa9][0xffffffc3][0xffffffcc][0xffffffb5][0xffffff9d][0xffffffee]a[0xffffffe6][0xfffffff2][0xfffffff2][0xffffffdb]`[0xffffffa6][0xffffffd6][0xfffffffd][0x16]0[0x13][0xffffffa0]}[0xffffffc0][0xffffffd0]o?o6IF[0x1d]-[0xffffffc1][0xffffffd7][0x18][0xffffffc5][0xffffffd0]G[0xffffff85]^Fr[0x3][0xffffffb3][0xffffffcc][0x4][0xffffff83]0[0xffffff9b][0x19][0xffffffb9][0x1f][0xffffff87]1N&NT[0xffffff84][0xffffffc9] [0x2][0xfffffff2]4[0xffffffa8]mLIZ[0x7][0xffffff83]S>[0xffffffdf][0xffffff9a][0xfffffff1][0xffffffcc]Bf][0xffffff8b][0xffffffc7]0C[0xffffff98][0xffffffee][0xfffffff3][0x18][0xffffff80][\r]L[0xffffff91][0xffffffdd][0xffffff96][0xffffffcf][0xffffffd0]p`>([0xffffffbb][0xffffff8f][0xffffffcd]rGs[0xffffffa7][0x19]N[0xffffffcb][0xffffffad][0xffffffcf]"f.[0xffffff8e]G[0xfffffffa][0xffffffb9][0xffffffad]![0xffffffb3][0xffffff92]h6[0x1b][0xffffffa5][0xe]2[0xffffffd7]f*A[0xffffffa6]p[0xfffffff7]M[0x10]S[0xffffffed]|[0xb][0xffffff88]A[0x6]&[0xffffffe2][0xffffffaf][0xffffffed][0xffffff8b][0xffffffcc][0xffffff94]j[0xffffff85][0x1f][0xffffffd0][0xffffffc8][0xffffff98][0xffffffe4]@[0xffffffda][0xffffff9f][0xffffffa6][0xffffffdc][0xffffffea]'[0x1][0xffffff96][0xffffffa3]B[0xffffffc1][0xffffff89]t&[0xffffff8c]{[0xffffffd6][0x19]bM[0xffffff81][0xffffffa7][0xffffff86])[0x1a]F[0xffffffcf][0x2][0x4][0xffffff9b][0xffffffd8][0xffffffe5][0xfffffffc]=<[0xffffff8f][0x18][0xffffffa3][0xffffff98]j[0xffffffb0][0xfffffffe][0xffffffc1][0x9]MDdr[0xffffff92][0xffffffb2]CS[\n]"
16:19:09.984 [main] DEBUG org.apache.hc.client5.http.wire -- http-outgoing-0 << "[0x4][0xffffff97]B3[0xffffffff]!K4[0xffffffe9]\+0n[0xffffffe7][0xffffffc0][0xffffffd6]b[0xfffffffe][0xffffffff][0xfffffffe]8[0xffffffaf][0xffffff9f][\r][0xffffffad][0xfffffffa]2sh[0xffffffb6][0x12]3[0xffffffb3]Y[0xffffffea]0sm[0xffffffa8]2f[0xffffffce][0xffffff8d]5[0xffffffdf]~[0x13][0xffffffd0]T[0xfffffffb][0xffffffdf][0x1d][0xffffffd0][0x18][0x2][0xffffff8c][0xffffffe6][0xffffff9d][0x19]j_[0x9][0xffffff92][0xffffffbf]ILh[0xfffffff6][0xfffffff0][0xffffffcd]&1e[0xffffffa5] Z/<$#:[0x0]bH[0xffffffb0][0xffffff9d][0xffffffa1][0xfffffffb][0xfffffff7][0xffffffc3]8%[0xffffffc5]k$[0xffffffa8]1[0xfffffff3][0xffffffe8]LV[0xfffffff1]W[0xffffff9e][0x6][0xffffff8d][0xffffffa5][0xffffffa6][0xffffff91]y[0xffffffc3][0xf][0xffffff86]f[0xffffff87][0xffffffd4][0xffffffd6][0xffffffec][0xffffff9c][0x14][0xffffffda][0xffffffdf][0x5][\r]D3[0xffffffa6][0xffffffcd][0xffffffd0]\[0x12][0xffffff91]Xk[0xffffffe1][0xffffff99]9[0xffffffb8][0xffffffcd][0xffffffe1]8[0xfffffff3]wh#4zg[0xffffff8e][0xffffffcd][0xffffffcc]us3gF[0xffffffa9][0xffffff83][0xffffffcc][0xffffffb5][0xffffff99][0xffffffee]A[0xffffffe6][0xfffffff2][0xffffffee][0xffffffdb]@[0xffffffa6][0xffffffd6][0xfffffffb][0xffffffee]@&[0xffffff8b][0x1a]5[0xffffff87][0xc]9=E[0xffffffa5]1z5[0xffffff8c]P[0xffffff99][0x1d][0x19][0xffffffbe]pbDwf[0xffffffa0][0xffffffe4]<([0xffffffa2]k[0xffffffa3][0x7][0xffffffdd]![0x12][0xffffffc0];[0xffffffd4]3[\r][0xffffffd0][0x19]B5[0x5][0xffffffa5]S[0xffffffa1][0xffffffeb]T[0xffffff93][0xffffffcd][0xffffffc0]$`[0xffffff8c][0xffffffe0]A[0xffffffa2][0xffffffd9][0xffffffd1][0x17]2[0xffffffd9][0xffffffa7]8lFd[0xfffffff6][0xffffff86][0x1][0xffffff82]z[0xffffffaa]f[0xffffff94][0xffffffe7]2[0xb][0xffffffe6]>d[0xffffff98][0xffffff9d][0xffffffcf]U3*[0xffffffe8]m[3q[0xffffffe5][0xffffffd0][0xc][0xffffffb6]~[0xffffffb3]I[0x1b][0xffffffc4][0xffffffcc]V[0xffffffba][0xffffff8b][0xffffff98][0xffffff8b][0xffffffab]o[0xffffff82][0xffffff98]j[0xffffffe7][@[0xc][0xfffffff2]Ld[0x11][0xffffffb6]=b[0xffffffe8]ptq[0xffffffc2]s#s[0xffffff97][0xffffffc9]H[0xffffffe9]]G[0x13]fD[0xffffffef][0xf][0xffffffb4]8[0xb]9[0xffffffc6]X[0xffffffe0][0xffffff92][0xfffffffc][0xffffffc0][0xfffffff4][0xffffff8c]w[0x13]|4[0x14][0x2][0xffffffa8][0xffffffb3]uv[0xffffff88][0xffffffdd][0xfffffff3][0xffffff8c][0x19][0xffffffe6][0x19][0xffffff98][0xffffff99][0xffffffa4]V[0xfffffffd]X.s@L[0xffffffd6]5[0xffffffa3][0xffffffa9]Sl[0xffffffff][0xffffffbb][0xf][0x12][0xffffffba]a[0xffffffc8][0x12]M"[0xffffffee][0x8]![0xffffffa9]6, [0xffffffe6][0xffffffe2]xd[0x6][0xffffffae]}d[0xffffffb6][0xffffff92][0xffffffcf]<[0xffffff9b][0xffffffa5][0x5]h[0xffffffce][\r]U[0x2]M[0xffffffe9][0xfffffff6][0xffffff9b][0xffffff80][0xffffffa6][0xffffffda][0xffffffff][0xffffffee][0xffffff80][0x6][0x1a]q[0xfffffffb][0xffffffe6]L[0x1f][0xffffffe1][0xffffff92][0xffffff91][0xffffff88][0xffffff91][0xffffffaf][0xffffffe8][0xffffffc1][0x10][0xffffffc1][0xfffffff8]1[0xffffff8e][0xffffff82][0xfffffff6]&=@[0x3]u[0xffffffc6][0xc][0xffffffda]u[0xffffff88][0xffffffd2]*[0xffffffc8]W[0x3][0xffffffa1]T/[0xfffffff8][0xffffff8b]P[0xffffffce][0xffffffc6][0xffffff94]2[0xffffffd3],[0xfffffff3][0xffffffda][0xffffff9f][0xffffffe6]3[0xffffffc3][0xffffff8e]vYC[0xffffffe7][0xffffff91]J3[0xffffff82]u.[0xfffffff3][0xffffff99][0xffffffb5][0xfffffff4][0xffffff8c]E[0xffffff94][0xffffffd2][0xffffff99][0xffffffa3][0x1f]([0xffffffd4]i[0x15][0xffffffed]L[0xb]+{[0x5]h[0xe][0xffffffc7][0xffffffbd][0xffffff80][0xffffffc7][0xffffffdd](0;[0xffffffd5][0xffffffcc]VB[0xffffffc6][0xffffffdb][0xffffffa3]Q[0xffffffea] sm[0xffffffa6]{[0xffffff90][0xffffffb9][0xffffffb8][0xfffffffb]&[0xffffff88][0xffffffa9]v[0xffffffbe][0x5][0xffffffc4][0xffffff90][0x16][0xffffffa2][0x1][0x19][0xffffffdb]Sf[0xfffffff2][0xfffffff0]2R[0xffffffb3]=[0xffffffe9]t[0xffffffea]R[0xffffffce][0xfffffff9]{[0xffffffc4][0x0][0xffffff90][0xffffff9f][0xffffff99][0x10][0x2][0xffffffa0][0xffffffaa][0xffffffec][0xffffff99][0xfffffffd][0xf]>[0xffffffda][0x1e][0xffffffd5][0xffffffd9][0xffffffe4]G[0xffffffcb]C[0xffffffe3];#;[0x18][0xffffff95]rB&[0xffffffa0][0x2]1[0xffffff8a]/[0xffffff80]4O[0xffffffe5]2[0xffffffe8].{[0xb][0xffffff88]K[0xffffff88][0xffffffb1][0x1f]d[0xffffffdc][0xffffffcf]f[0xffffffaa][0xfffffffd][0x4][0xffffff80][0xffffff82][0xffffffe3][0xffffffb0]Tf~[0x7f][0xffffffdc][0xffffffa3][0xffffff8d][0xffffff9d][0xffffffc5]i[0xffffff9a][0xffffffa8][0x0][0x1c]r[0xffffff99][0xffffffb8][0xffffff92][0xffffffca][0xffffffec]O6[0xffffffa9][0x3][0xffffffcc][0xfffffff1]1[0xffffff9e][0xffffffad]T[0x2]L[0xffffffe9][0xffffffea][0xffffff9b] [0xffffffa6][0xffffffda][0xfffffff9][0xffffff96][0x10][0x3][0xffffffc7][0xffffff8b]p[0xffffffe1]'t3[0x5]L1K~big[0xffffff8e][0x1d][0xffffff8d][0xfffffffd][0xffffffac]3[0xffffffe3]5/[\r]#4P0Q[0x5][0xffffff80][0xffffffda],'[0xffffffc6][0x2][0x10]v[0xffffffec][0xffffffa4][0xffffffc7]U[0x11]=[0xffffffe6]}[0x9]Co+[0xffffffb4]3qL[0xffffffe2][0xffffffc0]|[0xffffffa5]G[0xffffffde][0x18][0xffffffaa][0xffffffa7][0xffffff8c][0xffffff8e]A[0xc][0xffffffb6]V[0xffffff94]Kf{?[0xffffffc8][0x15]f@[0xffffffe3]w$kJ.[0xffffffa5]2[0xffffffef][0xffffff8f][0xffffffd3][0x0]s[0xffffffed][0xffffffab][0xffffffcc][0xffffffeb][0xffffffb8][0xffffffcc][0xffffffcc]4[0x1c][0xffffffad]R[0xffffff87][0xffffff99]k;-b[0xffffffe6]d[0xffffffab][0xfffffff9][0xfffffff2][0xffffff9b]`[0xffffff86][0xffffffe8][0xffffffba][0xffffffce][0xfffffffd][0xffffffee]`F[0x6][0xfffffff5][0x13][0xffffffe2][0xffffffb2][0xffffffc0][0xffffffec][0x9][0xffffffa2][0xfffffffe]Q[0xffffff8e][0xffffff9d]@z)[0xffffffd7][0xffffff90][0x5]d[0xffffff98][0x18]F5[0xffffffa1][0xffffff87][0xffffffc7]#3%[0xffffff9a][0xffffff99]#D[0x0]5[0x6]F6m?"[0x13][0xffffffd0]3[0xffffff9c]I[0xffffffe9][0xffffffac][0xffffff82][0xffffffcb]L[0xffffffa8][0xffffff84][0x10]lx[0xffffffb0][0xffffffcc]|[0xfffffffc]~Re[0x16]g[0xffffffe2][0xffffffe3][0x17][0xffffffa4][0xffffff99]#[0x8][0xffffff98][0xffffff99][0xffffffa1][0xfffffff1][0x19])D[0xffffffc9]%[0xffffff9a][0xffffffd9][0xfffffff9]qH[0xffffffc7][0x6]%[0xffffffdd][0xffffffb9][0x18][0xffffffd7][0xffffff8a]5[0xffffffb3][0x12]4[0xffffffb3]Y[0xffffffea]@sm[0xffffffa8]{[0xffffffa0][0xffffffc9][0xffffffc6]:[0xffffffbf][0xfffffffd]&[0xffffffa0]a[0xffffffd0][0xffffffa4][0xffffffce][0xffffffff][0x16]@[0xffffffc3]6[0xb][0xffffff96]M[0xfffffffc][0xffffff84][0xffffff99][0xffffff99]NL[0x8]/[0xffffffd3][0xffffffdb][0xffffffef][0xffffffc9]P[0xffffffc8][0xfffffff0][0x7]R[0x4][\n]"
16:19:09.986 [main] DEBUG org.apache.hc.client5.http.wire -- http-outgoing-0 << "[0xffffffb8]h[0x1][0xffffffee]{[0xffffff96][0xc][0xffffff94]![0xffffffa3][0xffffffa1][0xffffffe9][0xffffffc3]X[0xffffff9e] z1#][0xe][0xffffff83][0xffffffc6][0xffffffa6]C[0x12]pT[0xffffffc3][0xfffffff4]th[0xffffff86]#[0xb][0xffffffde][0xffffffab][0xffffffe7][0xffffff98]fn'=[0xffffffd2];[0xffffffa5]A3a[0xfffffff6][0xffffffab]6L[0xffffffd6][0xb][0xffffffc8][0xc][0x0][0x9][0xffffffab]w![0xffffff97]y[0x7f][0x1a][0xffffff9d][0x3][0xffffffda]`m#[0xffffffb3]u4[0xffffffb3]3[0xffffff93][0xffffffb4][0x0][0xffffffcc][0xffffffb9][0xffffff91]J[0xffffff80])]}[0x13][0xffffffc0]T[0xfffffffb][0xffffffde]2`x[0x8]D[0xfffffffb]f&=[0x17][0xffffffd4]+[0xffffffa5][0xffffffef][0xffffffc9]gL[0x18][0xfffffff2][0xffffffb7][[0xffffffd8][0xffffffa1][0x3][0xc]NRCfh[0xffffffd9]!2c[0xffffff91][0xffffffd1][0xffffffb4][0xffffff9a]g[0xffffff88]*4[0x19][0xe][\r]P[0xffffff99][0xffffffb4][0xffffff8e]D<O[0x3][0xffffffc6][0xffffff90]d[0xffffffa3][0xffffffd5][0xfffffffe][0xffffffa8]D3i-[0xfffffff9][0xffffff89]B[0x13][0xffffffd6][0xffffffc2][0xffffffec])[0xffffffe5]2G?[0x10]T[\n]"
16:19:09.987 [main] DEBUG org.apache.hc.client5.http.wire -- http-outgoing-0 << "[0x2]:3[0xffffffb9]x[0xffffffb1][0x2]1[0xffffff87][0xffffffe3],:0[0xffffffb1]U[0xffffffc9][0xffffffec][0xffffff94][0xfffffffe][0xffffffaf][0x1b][0x0]8[0xffffffb3]J[0x1d]f[0xffffffae][0xffffffed]t[0xf]3[0xffffff97][0xffffff97][0xffffffdf][0x4]3[0xffffffd5][0xffffffee]w[0x7]3([0xffffffe6][0xffffffb5][0xffffffc7][0xffffff8c]R42[0xffffffc9][0xfffffff4];[0xffffffed][0xffffffd1],[0xffffffcf][0xffffffdd]g8[0xffffff8f]}[0xffffffea][0xffffffd1]_[0x1a][0x12][0xffffff8e]i[0x18]eF[0xffffffca],[0x13]e[0xffffffac]1[0xc][0xffffffce][0xc][0x12][0xffffff9e][0xffffffa6]S[0xfffffffd]d[0xffffffd1]@[0xffffff9f][0xffffffaa][0xffffffe8][0xffffffcc][0xffffff94][0x15][0xffffffa8]7<[0xffffff96][0xffffffcd][0x1c][0x2][0xe][0xfffffffa][0xffffff93][0xffffff8c][0xffffffe9][0xffffff9b]"[0xffffffcd][0xffffffec][0xffffff80][0x19][0xffffffba]2[0xffffffd0]k[0xffffffc4][0xffffff8e][0xffffffd1][0xffffff86][0xffffff85][0xfffffff5][0x19]0l[0xffffffde][0x1f]G;[0xffffff94]FN[0xffffffa3]Wf&[0x0][0xffffffac][0x4][\r][0xffffffdf][0xffffffaf]7[0xffffffb3][0xffffffd4][0xffffff81][0xffffffe6][0xffffffda]P[0xffffffcb][0xffffffa0]9[0x1a]k[0xffffffbe][0xfffffffd]&[0xffffffa0][0xffffffa9][0xfffffff6][0xffffffbf][0x5][0xffffffd0][0xffffffe4]\[0xffffff99]([0xffffffa6]}[0x9][0xffffffc0][![0xffffffe4]0[0xffffffd0][0xffffffa6][0xffffffcc]}[0xffffffcc][0xffffff91][0xffffff99][0xffffffe6] ;[0xffffff8d][0x8][0x0]T[0xffffff99][0x18]R[0x18][0xffffffd0]1[0xffffffeb][0xffffff90][0xffffffcb]P[0xffffffcc][0xffffffff]3[0xffffffe4][0xffffff8b][0xfffffffa]_T[0xffffffda]C[0xffffffb2][0xffffffa1][0xfffffff9][0xffffffe9][0xffffffa4][0xffffffa9][0xffffffe8]f[0xfffffff2][0xffffffc6][0xffffffe4][0xffffffdf][0xffffffe1][0xffffffa9][0xffffffde][0xffffff8c]c[0xfffffff5][0x12][0xffffffef]\[0xffffff91][0x0][0xffffff90][0xfffffff7][0xffffffa0]e[0xffffff9e][0x19][0xffffff9c]4[0x8][0x0][0xffffffdc][0xffffffc9].[0xffffffc9]f[0x0][0xffffff9a][[0xffffffc7][0xffffff9b][0x14][0xffffffcd]f[0xffffffd0][0xffffffac][0x1c][0xffffffce][0xffffff9c][0xffffffcd][0xffffffd2][0x6]4[0xffffffb3][0xffffffa1][0xffffffca][0xffffffa0][0xffffffb9]}[0xfffffffb]M@S[0xffffffed][0x7f][0xb][0xffffffa0]A[0xffffff9a][0xffffff9b]PF[0xffffffb5][0xffffff97][0xffffffce][0xffffff84]3F[0x16]f[0xffffffd9]4[0x18]&T[0xffffff98]@[0xffffff8c]B[0xffffffa8][0x19]}[0xfffffff3][0x9]%[0x18]E[0x19]Z:[0xffffff9d]7[0x0][0xffffffb8][0xffffffd1][0xfffffff3][0x10][0xffffffa1]q[0xffffffc6]#[0x3]wq[0xffffff98]4y[0xffffffce]8V[0xffffff80][0x6][0x1a]?[0xfffffff2]][0xffffffcf][0xffffffa5]3~'[0xffffffd9]|[0xffffffa4][0xffffff8a][0xffffff95]f[0xffffffbd][0xffffffd7]h[0xffffffb6]Y[0xffffffa3][0xffffffd9][0x18]t3[0x18]P^[0xffffffaa][0xffffff9b][0xffffffbd]?NU[0xffffff9a]![0xffffffc5]F/[0xffffffcd]):[[0xffffff89][0xffffff99][0xffffffd9]*-0sn[0xffffffa7][0x12]fJ[0xffffff97][0xffffffdf][0x4]3[0xffffffd5][0xffffffee]W[0xffffffc6][0xc][0xffffffab][0x16][0xffffffed][0xffffffde][0xffffffb7][0xffffff9b][0xffffffd3]f\[0xffffffd6][0xffffff90]Q[0xffffff92][\n]"
16:19:09.988 [main] DEBUG org.apache.hc.client5.http.wire -- http-outgoing-0 << "[0x18]R[0x18]I[0xffffff8e][0xffffffc8][0xfffffffc][0xffffffb9][0xffffffc1][0xffffff98]$![0xc]#[0xffffffa0]9[0xfffffff2]5g[0xffffff84][0x19][0xffffffca][0x19]a[0x1a]D4[0xffffffb4][0xffffffbe][0xffffff8c][0xffffffa3][0x1a]mF[0xffffffa6]g$[0xffffffd2]NOg4[0xffffff96])c[0x7]E[0xfffffffa][0xffffffc1][0xfffffff1][0xffffffcc]C[0xffffffd0]A[0xfffffffd][0x18]e[0xffffffa7][0xfffffff2]@s[0xffffff8e][0xffffffb8][0xfffffff6][0x1a][0xffffffcd][0xfffffffc][0xffffff8b][0xffffff8c]&/4\[0xffffffaa][0x1][0xffffffbc]?[0xffffff8e][0xffffffdc],[0xffffffc2][0xffffffe6][0xffffff8d]0[0xfffffff3][0xffffffd6][0xffffff9d]Y7[0x2]pf[0xffffff93]6[0xffffff88][0xffffff99][0xffffffad]TF[0xffffffcc][0xffffffb9][0xffffffa5][0xffffffe6][0xffffffab]o[0xffffff82][0xffffff98]j[0xffffffe7][0xffffffbb][0xffffff83][0x18][0xfffffff4][0xffffffae][0xffffffdb][0xb][0xffffffcd][0xffffffc8][0xffffffc4][0xfffffff0]%}[0x16]D0[0xffffff92]7][0x1f][0xffffff93][0xffffffd2]#[0x13][0xffffff98][0x2][0xffffffc6]&[0xffffff90]A[0xfffffffd]_[0xffffffcb]~[0x1c][0xffffff91][0xffffff95]%'[0xfffffff0][0xffffff80]$B[0xffffffa7]g[0x8]@[0xffffffd0][0xffffffad][0x19][0xfffffffa][0xffffff9a][0xffffff81]f8[0xffffffda]Y[0xfffffffe][0xfffffff9])[0xffffffd5][0xc][0xffffffcf]@3[0xffffffe2]N[0xffffffc5][0xffffffd0][0xffffffec][0x4][0x1][0xffffff91][0xffffffd5][0xffffff99]H[0x4][0x1][0xfffffffa]B[\r][0xffffffe0][0xffffffe2]xd[0xffffff85]\[[0xffffffc0][0xffffffac]$3[0xffffffcf]&i[0x3][0xffffff98][0xffffffd9]Hw[0x1]s0[0xffffffd4][0xfffffff1][0xffffffe6][0xffffff9b][0xffffffe0][0xffffffa5][0xffffffda][0xfffffff5][0x16][0xfffffff0]B.AT[0xffffffe6]p[0xffffffae][0xffffffc6]*3[0xffffffc4]a[0xffffffac][0xffffffc6][0x1c][0xffffffb2][0xfffffff7][\r]![\r][0x10][0xffffffce][0xfffffff6][0xffffffa3][0xffffff98][0x9]E[0xffffffc0][0xffffffdc][0xffffffd4][0xffffff83]q[0xffffff96][0xffffff84][0xffffffea][0xffffffa8][0xffffffe7][0xffffff8e][0xffffffda]3[0xffffffb9][0xffffffc9][0xffffff8a]P[0xffffffc4][0xffffff9a]yiz[0xffffffb4][0xffffff9a][0xffffff99][0xffffffe1]y[0xfffffffe][0xffffff85][0xffffffa1]5[0x1d][0xfffffff6]2~[0xffffff8f][0xffffffe5][0xffffffff]6o[0xffffff91][0xffffffb5][0xffffffc8]`[0xffffffc0][0xffffff8c][0xffffffcb]+1o[0xffffff8a]f[\n]"
16:19:09.989 [main] DEBUG org.apache.hc.client5.http.wire -- http-outgoing-0 << "[0xffffffb6][0x0][0xffffffd0][0xffffffff]'[0xffffff95][0xffffffa1][0xffffffbe][0x16]v[0x1][0xffffffbd]#[0xffffffbb][0xffffffb0][0x5][0xffffffe0][0xffffffe2]8[0xfffffff4] [0xffffffb2][0xffffffb5]F[0xffffff80]9Ee[0xffffffeb][0xffffffc8][0xffffffcc]gV[0xffffffa9][0xffffff83][0xffffffcc][0xffffffb5][0xffffff9d]J[0xffffff90]yo[0xffffffab][0xfffffff9][0xfffffff2][0xffffff9b]`[0xffffffa6][0xffffffda][0xfffffffd][0xffffffee]`[0x6][0xffffffca]L{[0xffffffce][0xffffff8c]f[0xffffffa5][0xc]ze[0xffffff9a][0xffffffda]rR[0xffffffaa]#[0xffffff86][0xffffffef][0xffffffac][0x19]Q[0xffffffcc][0xffffff84][0xffffffb3]<[0xffffffc0]5[0xffffff8b]4-#[0xfffffff2][0xffffffcc][0xfffffff4]A`/[0xffffffdb][0x9][0xffffffb1]s[0xffffffc8][0xffffff9c][0xffffffec]?[0xffffffef][0xffffff90][0xe][0xffffffa8][0xffffffab][0xffffff99]1[0xffffffff]H[0x1d][0xffffffee]A[0x6][0xffffffc0]!*c#&[0xffffff94]Qs[0x17]3y[0xffffffd2][0xffffff8c]R[0xffffff81][0xffffffe6][0xffffffe3][0xffffffbd][0xffffff94][0xffffffc9][0x1c][0xffffffdd][0xffffffe6]p[0x1c]e[0x3][0xffffffc0][0xffffffdc][0x8]3s[0xfffffffa][0xffffffbf][0x12]4,1}3K[0x1d]h[0xffffffae][\r]u[0xf]4[0xffffff97][0xffffffb7][0xffffffdf][0x4]4[0xffffffd5][0xfffffffe][0xffffffb7][0x0][0x1a][0xffffffb6][0xffffffd9][0xffffffe9]L5k[0xfffffffe][0xffffffd0][0xc],}%[0xffffff8f][0xffffff8e]y[0xffffffc3][0xffffff8c]`[0xfffffff1]2<[0x3][0xffffff96][0xffffff98][0xffffff8f]h[0xffffff96]9[0x8]e[0xffffffd4][0xffffffd3][0x4][0xffffff89]?[0xffffffdd][0x19][0xffffffed][0xfffffff3][0x12][0xffffffca][0xffffff9e][0x11]g[0xffffffa4][0xffffff9c][0xffffffa6]iT[0xffffffd0][0x5]:_3[0xffffff9b][0xffffff99]K[0xffffff80],[0xffffff83]~[0xffffff90][0xffffff9a]y[0xfffffff4][0x5][0xfffffffe][0xffffff98] [0xffffffbb][0xfffffff4][0xffffffd0][0xffffffb0][0x11][0xffffff93][0xffffff9a][0x19][0x1f][[0xffffff8f]r[0xffffffe6][0xe][0x10][0xffffffe8][0xffffffdc][0xffffffd3]/N[0x0][0xffffffbc]?n[0xffffff8c][0xffffffa6]4[0xffffffdd][0x1a]4[0xfffffff0][0xffffffaa]W[0xffffffe9]3[0xffffffcf]fi[0x3][0xffffff9a][0xffffffd9]P%[0xffffffd0][0xffffff94]n[0xffffffbf][0x9]h[0xffffffaa][0xfffffffd]o[0x19]4[0xffffffb4][0xffffffcc]c[0xfffffffb][0xffffff9a][0x19][0xfffffff1][0x18][0xffffffbd]L[0xffffffda][0x11][0x13][0x12][0x19][0xffffff8e][0xffffffb5]3[0xffffffe8][0xffffff9a][0xffffffd3][0xffffffbb][0xffffffcc][0x3]e[0xffffff82][0xffffff86][0xffffffa6]`[0xffffffdf][0xffffff99][0xffffffa2][0xffffff88]D[0xffffffc1][0xffffff8c]j[0xffffffb3][0xffffffeb][0xffffffe0][0x6]Ddi[0x12]y[0xf]3[0x2])=O[0x1] [0xe][0xffffffe1]3[0xffffff80]F[0xfffffff3][0xffffffc3][0xffffffd1][0x19][0x12][0xffffffb2]p[0xffffff94][0xffffff85] I[0xffffffb9][0x7][0x1a][0xffffff83]l[0xffffffa6]al&[0xffffffef][0x1]][0x1][0xffffff9a]|<[0xffffffd3][0xffffffe6][0x1b].7?Fgk13[[0xffffffa5][0xe]3|0.[0xffffffec]t[0xf]3[0xffffff97][0xffffff97][0xffffffdf][0x6]3[0xffffffb5][0xffffffee][0xffffffb7][0xffffff80][0xffffff99]<[0xffffffb6][0x17]a@5[0x7f]h[0xfffffff2][0xffffff8a]2[0xffffffaa]d[0xffffff80][0xffffffc6][0xffffffb3][0xffffffad]\[0xffffffeb][0xffffffd1][0xffffff8e]Y[0xffffffa3][0x19][0xffffff8d]}#{[0xffffffaa][0xffffffca][0xffffff88]f[0x12][0xffffffb3]1[0xffffffd7][0xffffff85][0xffffffe6][0xffffffac]I[0x4]d[0x10][0xffffffa0][0xffffff91]q[0xffffff96][0xffffffe8]l(R[0xffffff9b][0xffffff8a][0xffffffc1][0x19]$3y[0xffffffc8]r[0xffffffbf][0xffffffe9][0x11]~[0xffffffe6][0xffffffe1][0xffffffa1]a[0x18]&K[0xffffffbc][0xffffffdf]^[0xffffffd1][0xffffffa4][0xfffffff2]^[0xffffffb3][0xffffffcc]hF4[0xffffff93]R[0xffffffb3][0xffffffa6][0xffffff91][0xffffff93][0xffffffe7][0xffffffb7]J[0xffffff98][0xffffffb9]:[0xffffffce][0xffffffb2][0xffffffcd]\[0xffffff95]n[0xffffffd2][0xffffff9b]y+[0xffffff99][0xffffffad][0xffffff9d][0x0]8[0xffffff99][0xffffffa4][0xe]0[0xffffffd7]F[0xffffffba][0x9][0xffffff98][0xfffffff2][0xffffffcd]7[0xffffffc1]K[0xffffffb5][0xffffffeb]-[0xffffffe0][0x5]-s[0xffffff8f][0xffffffc0]D{[0x6]@[0xffffffe7]p[0xffffffbb]![0xffffffc1]S[0xffffffee][0xffffff91][0xfffffff8][0xffffff83]Q[0x6][0xffffff9f][0xffffff8c][0xffffffe9][0x7f][0xffffffd8]3)o[0xffffffcf]d[0x7f][0x6]s[0xffffffcd][0xffffffb0]0[0xffffffa1][0xffffff97]![\n]"
16:19:09.990 [main] DEBUG org.apache.hc.client5.http.wire -- http-outgoing-0 << "[0xffffffca]*[\r][0xffffffc2]C[0xffffffa4]5qv?![Q[0xffffffc3][0x0][0x10]J9[0xfffffff3]\[0xffffffc5],[0xffffffee][0xc]i}\[0xffffffc0][0xb][0xffffffd2][0xffffffcc]pt[0xffffffa1][0x1b][0xffffffa2]#[0xe][\r]F[0xffffffe4][0x1d]e[0xffffffb7][0x3][0xffffffb3][0xffffffbd][0xffffffd7][0xffffff9c][0x1f]g<[0xffffff92]y[0xffffffa1]F[0xffffff80]9e3b[0xffffffe5][0x10][0xffffff80]9[0xffffff99][0xffffffa5][\r]ffC[0xffffff95]1s[0xfffffffb][0xfffffff6][0xffffff9b][0xffffff80][0xffffffa6][0xffffffda][0xffffffff][0xffffffee][0xffffff80]F u[0xffffffd5][0xfffffffc][0xffffff91][0x19][0xffffffe5][0xffffff80]j[0xffffffa6][0xffffffee]X[0x1f][0xffffff9b]{.[0x12][0x15]f[0xffffffd7][0xffffff91][0xffffffa6]X[0xffffffd1][0xfffffff3][0x17][0x10]8c)[0xfffffff3]0[0xfffffff5]S^FC[0xffffffb5][0x0][0xffffffd1][0x19][0xffffffbe][0xffffffd7][0x1a][0xffffff9d][0xffffffc0][0xffffffc1]QH[0xffffff9b][0xffffffd2][0xffffffd3][0xffffff8d][0x19][0x1a][0xffffffa3]Q[0xfffffff0]n>Xf[0xffffffb6][0xffffffac]5g[0xe]`[0xffffff97]_[0xffffffdc]\:[0xffffffbe]Q6;C[0x1][0xc][0x0]v[0xffffffcd]04[0xffffffc3]<[0xffffffca][\n]"
16:19:09.991 [main] DEBUG org.apache.hc.client5.http.wire -- http-outgoing-0 << "[0xffffffd0][0x1c][0xffffff8e][[0xffffffe3]([0x19]4[0x7][0xffffffcd]:~[0xffffffe6][0xffffff99]Y[0xffffffea]@sm[0xffffffa8]{[0xffffffa0][0xffffffb9][0xffffffbc][0xfffffffd]&[0xffffffa0][0xffffffa9][0xfffffff6][0xffffffbf]e[0xffffffd0][0xffffffe4][0x18][0xffffffa9]=m[0xffffff86]%[0xffffffcc][0xffffffa0]B[0xffffffe9]!9b3[0xffffffc1][0xffffffd0][0x19]J[0xffffffff][0xffffff9d][0xffffffa5][0xffffffaf][0x6][0xffffffa7][0xffffff85][0xffffffdd][0xffffffb2][0xffffff96][0xffffffcd][0xffffffcc][0xc][0xffffffd1][0xffffffc1]@[0xffffff83][0xffffffdf][0xffffffcc]C[0xffffff84]< <[0xffffffb4][0xffffffdc][0xffffffad][0x11]}[0xffffffae]~?[0xf][0xffffff9a]\[0x1d]b[0x9][0xffffffcc][0xffffffe3][0xffffffb5]f[0xffffffe2][0xffffff8e][0xffffffb0]c[0xffffffc7][0x1b][0xffffff82]h[0xfffffff7]@[0x3][0xffffffc0][0x10][0xffffffa6]q[0xffffff8c]?[0xffffff97]i3g[0x18];[0x1c][0xfffffff7]@[0xffffffa6][0x15][0xffffffd5][0xffffffec][0xffffff94][0xffffffcc][0xffffffac]|gf[0xffffffa3][0xffffffd4]B[0x6][0xffffffe5][0xffffffb7]wf[0xffffffba][0x7][0xffffff99][0xffffff8b][0xffffffbb]o[0xffffff82][0xffffff98]j[0xffffffe7][@[0xffffff8c][0xffffffa6]F[0xffffff84]<[0x7f][0xfffffffb][0xfffffffc][0xffffffbf]gaL[0xffffffe7][0x10]a[0xffffff8a][0xffffffa4]+R"%[0xffffff8b][0x2][0xffffff9e]p([0xffffffcc][0xfffffff4]9[[0xffffff90]ph[0xffffff98][0xffffffd3]D[0xffffffb9]l[0xffffffa4]J[0xffffffc6]d[0xffffffd0][0x0])[0x0][0xffffffe9][o[0xffffff99][0x11]B[0xffffffba][0xffffffb2]B[0xffffff9e])K[0xffffffcd][0xffffffb2]9[0xffffff83][0xffffffe2][0xfffffff9][0xffffff83][0xffffffb9][0xffffff8c][0xffffffcc][0xffffffda][0x16][0xffffffcc][0xffffffde]1[0xffffffb1]PB[0xc][0xffffffeb] C[0xffffffee][0xffffffce]d[0xffffffce][0xffffff8c][0xffffffdd]1[0xffffffbf][0x5][0xffffffa9]y[0xffffffe1][0xffffff99]y[0x7f]<[0xffffff90][0xffffffd8]ea[0xffffff9a][0xffffff96][0xffffffc9][0xffffffcc][0xffffffca][0xffffffa1][0xffffff99][0xffffffd9]&u[0xffffff80][0x1]-[0x17]V*[0x1][0xffffffa6]t[0xfffffff5]M[0x10]S[0xffffffed]|w[0x10][0xfffffff3]S[0x16]g"[0xffffff8e]3[0xffffffe5]q2[0xffffffc9][0xffffffc2][0xffffffd9][0xffffffae][0xffffffd3][0x13][0xffffff8b]1[0x4][0x5][0xffffffa6][0xffffffde][0xffffff87][0x9][0xffffffed][0x8]1N[0x1]M@[0xfffffff2]4[0xffffffd4]h[0xffffffa8]3S:[0xffffff83][0xffffffad][0xffffffe9][0xffffff90][0xffffffff][0xffffffb3]0[0xffffff9d]5b[0xffffff81][0xffffffcf][0xffffffbf]1[0x16][0x16][0x1b][0xffffffec][0xffffffb5][0xffffffc7][0xffffffa9][0xffffff99]{_`[0xffffffd3]'[0xffffff95][0xfffffff7][0xffffffbb][0xffffff88][0xffffffa1][0xffffffad][0xffffff8d][0xffffffc4]f[0xffffffae][0xffffffae][0x15][0xffffffcb][0xffffffcc][0xffffffbc]1'[0xffffffb7]9[0x1c][0x7][0xffffff8a][0xffffffba][0xfffffff1]<[0xfffffff3]J2[0xfffffff3]l[0xffffff93]6[0xffffff88][0xffffff99][0xffffffad]t[0x17]1[0x17]W[0xffffffdf][0x4]1[0xffffffd5][0xffffffce][0xffffffb7][0xffffff80][0x18](_[0xfffffff4][0xffffffff]U[0xfffffffb][0xffffffc6]L[0xf][0xffffffb7][0xffffff80][0xffffff84]w[0x8]<a[0xffffffd3][0x14][0xfffffff9]o([0x0]Z[0x5]%[0xffffff86][0xffffff86][\r]j[0xffffffff][0xffffff88][0x2]:[0xffffffa7][0x13][0xffffffb2][0x0][0xffffff9d]c[0x8][\r][0xfffffffd][0xc]F[0xffffff83]'pD[0x9][0xffffffcd]![0xffffffe1][0xfffffffe]<b[0xffffff98]f[0xffffffa3]=[0xfffffffa][0xffffffa8][0xffffffd0],[0x11]z[0xffffffd6][0x11][0xffffffde]Q4[0xffffff8e][0xffffff85][0xffffffb5][0xffffff99]@[0xffffff80]][0xffffff90]a/4[0xffffffc3][0xfffffff0][0xffffff88]g6[0x13]q[0xffffff8e][0xffffffa5][0xfffffffc][0xffffffff][0xfffffffc]8[0xffffffe1][0xffffff93][0xffffff85][0x1][0xffffffd0][\n]"
16:19:09.992 [main] DEBUG org.apache.hc.client5.http.wire -- http-outgoing-0 << "1[0xffffffa7][0xffffffb0]le&3[[0xffffffa5][0xe]3[0xffffffd7]v*a[0xffffffa6]t[0xfffffff9]M0S[0xffffffed]~[0xb][0xffffff98]a(2+L[0xffffffb4][0x17]g"[0xffffffe0][0xffffffa3][0xffffffe7]O[0x16][0xffffffae][0xffffff98][0xffffff8b][0xffffff89][0xffffffac]3[0xffffffeb]{[0xfffffff6][0x18][0x11][0xffffff82][0xffffffa9])[0xffffff87]'>7,5[0xffffffeb][0x0]b[0xffffffe8][0xffffffa5]`[0xffffffc3][0xffffff8c][0xffffffa6]s[0xffffffc3][0x14][0x0][0xffffffc9][0xffffff8f][0xffffffe4])[0xffffffaa]Y5[0xffffffcb][0xffffff94]A~[0xffffffd0][0x1e]_g[0xffffffc6]+#3s[0xffffff8c][0xffffffb8][0xffffffae][0xfffffff4][0xffffffca][0xffffff88][0xffffffb7][0xffffffd1]L[0xffffffc5]Y[0xffffffc3][0xffffffbe]@[0x19]3[0xffffffef][0xffffffb9]X3{[0x7f]\[0xffffffb1])[0xffffffe4]l [0xffffffa7][0xffffffd1]<3L[0xffffff84]U[0xffffffcd][0xffffffcc][0xffffffd9],u[0xffffffa0]9[0xffffff84]f[0xffffffe7][0xffffff86]*[0xffffff83][0xffffffe6]0[0xffffffc7]z0[0xffffffd6]|[0xfffffffb]M@S[0xffffffed][0x7f]e[0xffffffd0]([0xffffffd2][0x7][0xffffffbe][0xffffff95][0xffffffb1]=[0xffffffd5][0xffffff8c][0xffffff91]L[0x1][0x7][0xffffff86][0xffffff9a][0x12][0xffffff9b][0x0][0x15][0xffffffc4][0xffffffe6],[0xffffff98]C[0xffffffef]_[0xffffff8d]P[0xffffff96][0xffffff83]fE@p@[0xffffff86][\n]"
16:19:09.993 [main] DEBUG org.apache.hc.client5.http.wire -- http-outgoing-0 << "[0xffffffb3]!\[0xffffffeb]![0x9][0xffffffa0]H[0xffffff93][0xffffff9c]a%mV[0x4][0xffffffac][0x18][0xffffffcf][0xffffff84]P[0xffffff80][0xffffffb2][0xffffff8d]~\[0x4]`[0xf][0x1a][0xffffffe4]c[0xffffff88][0xffffffec][\n]"
16:19:09.993 [main] DEBUG org.apache.hc.client5.http.wire -- http-outgoing-0 << "[0xffffffa0][0xffffffc9][0xffffffcb]c[0x10][0xffffffce][0xffffffc8]B[0xffffffb3]{[0xffffffad]Y[0xffffffd2][0xffffff93]<oY[0x2][0xffffffcd][0xffffffc5]qr,&[0xffffffad][0xffffffdb]&3+[0xffffffe9][0xffffffff][0xffffffb3]M[0xffffffda] f[0xffffffb6]R[0x1]1[0xffffffc5][0xffffffab]o[0xffffff82][0xffffff98]j[0xffffffe7][0xffffffbb][0xffffff83][0x18]M[0xffffff92][0xffffffd1][0xffffffbc][0xffffffca][0xc]Fh[0xffffffed]w[0xffffff9a][0xffffffe5]~[0xffffffd0]?#[0xffffffff][0xffffffc7][0xffffffa6]Y[0xffffff86][0x1]P[0xffffffcd][0xffffffa5][0xffffff88][0xc][0xfffffffb]2[0xffffff8e][0x6]u[0x0][0xffffffc4][0xffffff98][0x5]C[0xffffffff]th[0xffffffb4][0x9][0xffffffc8]i[0xffffffc8]>i[0xfffffffe][0xffffffb6][0xffffffb1]B6[0xffffff83]O9C[0xffffffd3]y{[0xffffffee]#[0xffffffe9]?[0xffffffa2][0xffffffc3][0xfffffffb][0xfffffff5][0xffffffb1][0xfffffffc][0xffffffe9]TAj&[0xffffffd3][0xffffffc6][0xffffff8e][0xffffff88]A[0x1][0x0][0xffffffe9]3E:[0xffffffb3][0xffffff90][0xffffffcc]\[0x1c]g[0xffffffb0][0xffffff80]M[0x1b][0xffffff8d][0x10]s[\n]"
16:19:09.993 [main] DEBUG org.apache.hc.client5.http.wire -- http-outgoing-0 << "[0xffffffcd]V[0xffffffbe]2[0xffffffb3]U[0xffffffea]0sm[0xffffffa7][0xffffffbb][0xffffff98][0xffffffd9][0xffffffdb]j[0xffffffbe][0xfffffffc]&[0xffffff98][0xffffffa9]v[0xffffffbf]%[0xffffffcc] [0xe][0xffffffcf]|a[0xfffffffb]vf[0x18]"[0xffffff9d][0xfffffffd][0xffffff9e]e[0xffffffcb][0xffffff86]oq[0xffffffcf][0xffffffee][0xffffffb2][0xffffffe0]<[0xffffffc5]0[0xffffffc5]|[0xe]IL[0x1e][0xffffffb9]"B[0xffffff83][0xfffffff2]O[0xffffffe9][0x15][0xffffffb9]f[0xffffffc6]5G[0xffffff8f][0x6]@[\n]"
16:19:09.994 [main] DEBUG org.apache.hc.client5.http.wire -- http-outgoing-0 << "[0xffffff9d][0xffffffed]X[0xffffffd9]T![0xffffffcf][0x4]s[0xffffff8d]E [0xfffffff6][0xffffffa9][0x2][0xffffff80][0xffffffde]Y8[0xffffffc7]Y[0xffffffd6][0xffffffef]fg&[0xffffff83][0xffffff80]vf[0xffffffc8][0xffffffe4]g[0xffffff81]`[0x0][0xfffffffc][0xffffffd2]{[0xffffff98]9;[0xffffffae]a[0xb][0xffffffe4]uNMJfs;s[0xffffffe5][0x10][0xffffffc0]l[0xffffff96]:[0xffffffd0][0x1c]B[0xffffffb3]sC-[0xffffff80][0xffffffe6][0xffffffe6][0xffffffed]7[0x1]M[0xffffffb5][0xffffffff]-[0xffffff80][0x6][0xffffffbc][0xffffffe0][0xffffffab][0xffffffaa]}h&[0x11][0xffffff95]b[0x11][0xffffff93]c[0xffffffa1]9[0xffffffaf]H[0xffffffe6][0x2][0x4][0xffffff8a]c[0xffffffa2][0xffffff9b][0xfffffff2][0xffffff92][0xc][0xffffff96]jR[0x5][0xffffffb0]loJ[0xffffff8a][0xffffffb6][0x7f][0xffffffec]{[0xffffff98]e[0xffffffc1][0xffffffb2][0x0][\r][0xffffffdd]32[0x1b][0xffffffc6][0xffffffcd][0xffffff9e][0xffffffaf][0x1]@3[0xffffffa6][0xffffffb6][0xffffffed][0xffffff9f][0xffffffca]g[0xffffffe0][0xffffffc1][0xffffffe0][0xffffffd8][0xffffffaa]T5[0x3]4y[\n]"
16:19:09.995 [main] DEBUG org.apache.hc.client5.http.wire -- http-outgoing-0 << "[0xffffffc0]"[0x1][0xffffff98][0x17]g[0xfffffff2][0xffffffca][0xffffffd0]9][0xc][0xffffffcd][0xffffffce][0xffffff8f][0xffffffe7]}[0xffffff9e][0xffffff8d]#[0xffffffb3][0xffffff95]l[0xffffffe6][0xffffffd9]$m[0x0]3[0x1b][0xffffffa9][0xc][0xffffff98][0xffffff9b]7[0xffffffdf][0x4]/[0xffffffd5][0xffffffae]w[0x7]/[0xffffff84]C[0xffffffed]'[0x0][0xc][0xffffffda][0x17]l[0x0][0xffffffe4][0xffffffe9][0xffffffc8][0xffffff9a][0xffffff98][0xffffff88]a[0xfffffff0][0xffffff9c]L[0xffffff80][0x6]Q[0xffffffc0][0xffffffc8]+Cyl`[0xffffffd6]?[0xffffffef][0x7][0x18][0xffffffa8]7#[0xffffffd4][0xffffff84]r[0xffffff86][0x1d][0x3][0xffffffe9]O[0xffffffde][0xffffffda][0xffffffec]*tfI/[0xffffff8c][0xfffffff2][0xffffffe1])[0xffffffbc][0xffffffc0][0xffffffd9][0x2]lY[0xffffffa3][0xffffffac][0xfffffff4][0xffffffc8][0x1c][0xffffffdc]@CO[0xffffffb4];4[\r]rj[0xffffffb2][0xffffff90][0xffffffc9][0xffffff9c][0xffffff9f][0xffffffa6][0xffffffdf][0xffffff83][0xffffffd4]L[0xffffffa3]7[0xffffffe6][0xffffffc0]1[0xb]+[0xffffff89][0xffffffcc][0xffffffb3]IZ[0xffffffe0][0xffffffe5][0xffffffdc]H[0xfffffff7][0xfffffff0]r0[0xffffffd4]|[0xfffffff5]M[0x0]S[0xffffffed]{K[0xffffff80][0xffffffa1][0x17]G[[0xffffffa6]}&[0xffffff83]:y7[0xffffff90][0xfffffff3][0xffffffb3]Y[0xffffff96][0xffffffff]$I[0xffffffe1][0x1f]C[0xffffffc0][0x3][0xffffff85]9[0xffffffd1][0xfffffff5]w,0[0xffffff9f] [0xfffffff6][0xfffffff6][0xffffffa8][0xffffff9d][0xffffffb3][0xffffff89][0x19][0x19]Z[0xffffff8a]j}[0xffffff9e]r[0xffffffee]4[0xffffffbb]g![0xffffffad]<[0xffffffff][0xffffffc0][0xffffffb0][0xffffff86][0x18][0xffffffbe][0xffffffcc][0xffffffa3][0xffffff99][0xffffffcc]![0xffffffd8]0[0xffffffac][0xfffffff5][0xffffffa3][0xffffff9d][0x7f][0xfffffff7][0xffffff81][0xffffff81][0xffffff97][0xffffffc9]H[0x1a]Y[0x19][0xffffffc2][0xffffff85]+[0x10][0xfffffff3][0xfffffffe]x[0xffffff93][0xffffffa8][0xffffffec][0xffffff94][0xffffffc9][0xffffffac][0xc][0xffffffca]f[0xffffffab][0xffffffb4][0xffffffc1][0xffffffcc]l[0xffffffa7]{[0xffffff98][0xffffffb9][0xffffffbc][0xfffffffc]&[0xffffff98][0xffffffa9]v[0xffffffbf][0x5][0xffffffcc] [0xffffffd7][0x3][0xffffffdb][0xffffffeb]'`[0xffffff86][0xffffffed]e[0xffffffec][0xffffff95][0xffffff9d][0xffffffe8][0xffffffb1]tn[0xffffff9f][0xffffffcf]@[0xfffffff5][0xffffff97][0xffffff83]Id.#[0xffffff9a][0xffffffcd][0x11]u&[0xfffffff4][0xffffffff][\r][0xfffffff9][0xe]eh&e[0x6])[0xffffffa9]S!vN[0xffffff8f][0xffffffc6][0xffffffa1][0xb][0xfffffff8]<f$[0xffffffcc][0x2]`[0xfffffff3][0xfffffff8][0xffffffc4][0xffffffcc][0xffffffbe]p[0xffffffcc][0xffffff8c]Y([0x12][0xffffff99][0xfffffff3]J?[0xffffffff][0xffffff9b][0xffffff94]y[0xfffffff8][0xffffff9f]=[0xffffffce][0xffffffd4][0xffffffe7][0xffffffd9]h[0xffffffbb][0xffffff80][0xffffff99][0xfffffff7][0xffffffc7]a6P[0xffffffc7]k[0xfffffff4][0xffffffca][0xffffffcc][0xffffff99][0xffffffcc]J2[0xfffffff3]l[0xffffff96]6[0xffffffa0][0xffffff99][\r]U[0x2]M[0xffffffe9][0xfffffff6][0xffffff9b][0xffffff80][0xffffffa6][0xffffffda][0xffffffff][0x16]@[0xffffffc3][0xffffffc6]P[0xffffffd8][0xffffffc4][0xffffffaa]=[0xfffffffb]?[0xffffffa4][0xffffffac][0xfffffff6]J[0xffffffb9][0xc]v[0xffffffbf][0xffffff9a]&[0xffffffda]xY[0xfffffffd][0xffffffbf][0x1f]Q/[0xffffffa7][0xffffff8a][0xffffff96][0xfffffff5][0xffffffcb][0xffffffe1]83\[0x16][0xffffffd9][0xffffff94][0xffffff91][0xffffffec]0[0xffffffc1][0xfffffff3][0xffffffed][0xffffffd9][0x14]H1[0xffffffa2][0x17]1[0xffffffe9][0xffffffe7]w3[0xffffffa1][0xffffffb3][0xffffffe7]Q[0xffffffb7]yTe&K`[0xffffffbc]*[0xffffffbd][0xffffff8b]h3[0xffffffbb][0xffffffdb]cf[0xffffff94][0xffffffcc][0xffffffc2][0xffffff9e][0xffffff9e][0xffffffac]ief[0xffffffbd]@[0x14][0xffffff87][0x11][0xffffffe7]X[0x4][0xffffffcd][0xfffffff9]q[0xffffffb8]I[0xfffffffe][0xffffffec][\r][0xffffffab][0xffffffeb][0xffffffcc][0xffffff9c][0x1e][0xffffff9a][0xffffff95][0xffffff98][0xffffff99][0xffffffad]R[0xffffff87][0xffffff99]k;[0xffffff95]1s[0xfffffffb][0xfffffff2][0xffffff9b]`[0xffffffa6][0xffffffda][0xfffffffd][0xffffff96]0CE[0xffffff96][0xffffff9f]d[0xfffffffb][0xffffffec]_[0xffffffb0]CV%[0xffffff9d][[0xffffff95][0xffffffcc]5[0xffffffd3][0xffffffc7][0x1c])[0xffffff9d][0xffffffc1][0x2]@cv[0xffffff88][0x6]5M[0xffffffd8]&[0xffffff90][0xffffffed][0x5][0xffffffc3][0xffffff8a][0xffffff89][0xfffffffc][0xffffff86][0xffffffcd][0xffffffc5]#[0xffffffa3][0xffffffcd][0xffffffb0][0x5]X8[0xffffffa3][0x18][0xffffffd9][0xffffffac]xh|[0xffffffe0]C [0x1f]$3[0xffffffe7][0x1d]B[0xffffff90][0xffffffc7]vH;#"P[0xffffffca]f[0xffffffd8][0x5]Ic[0xffffff86][0xffffff95][0x19]y:s[0x17]X[0x3]]V[0xffffff99][0x1]b[0xffffffef][0xffffff8f][0xffffffe7]1[0xffffffba][0xffffffd0][0xffffffbe]d[0xffffffb6][0xffffff92]hF&[0xfffffff9]f[0xffffff96]:[0xffffffd0]\[0x1b][0xffffffaa][0x4][0xffffff9a][0xffffffd2][0xffffffed]7[0x1]M[0xffffffb5][0xffffffff]-[0xffffff80][0xffffffc6][0xffffffb2]k[0xffffffd6][0xfffffff9]<[0xffffffc7][0xffffffd8]X8[0xffffffa3]GO[0x16][0xffffff9a]?[0xffffffcb]f[0x13][0xffffffd5]f[0xffffff9a][0xffffff98]1[0xffffffa2][0xfffffffe]G2[0xffffffa3][0xffffff91][0xfffffffd]O[0x11][0xffffffc6][0xffffff95][0x14]L7O[0x10][0x3][0xffffffa8]$[0xffffffb1][0xffffffcb][0x19][0x6][0xfffffff2][0xffffff88][0xffffffd2]93i[0xfffffffd][0x0][0xffffffed][0xffffffe5]y[0xffffffd0][0x18][0xffffff9a][0xffffffdd][0xffffffec]6x[0xffffffb0][0x4]@[0xffffffcf]Aei[0x7f][0xffffffb8]`<[0xffffff8f][0xb][0xffffffa0]q{jf"
16:19:09.999 [main] DEBUG org.apache.hc.client5.http.headers -- http-outgoing-0 << HTTP/1.1 200 OK
16:19:10.000 [main] DEBUG org.apache.hc.client5.http.headers -- http-outgoing-0 << date: Wed, 13 Mar 2024 16:19:09 GMT
16:19:10.000 [main] DEBUG org.apache.hc.client5.http.headers -- http-outgoing-0 << content-type: application/json
16:19:10.000 [main] DEBUG org.apache.hc.client5.http.headers -- http-outgoing-0 << transfer-encoding: chunked
16:19:10.000 [main] DEBUG org.apache.hc.client5.http.headers -- http-outgoing-0 << content-encoding: gzip
16:19:10.000 [main] DEBUG org.apache.hc.client5.http.headers -- http-outgoing-0 << x-ratelimit-limit: 180
16:19:10.000 [main] DEBUG org.apache.hc.client5.http.headers -- http-outgoing-0 << x-ratelimit-reset: 1710346809
16:19:10.000 [main] DEBUG org.apache.hc.client5.http.headers -- http-outgoing-0 << x-ratelimit-remaining: 180
16:19:10.001 [main] DEBUG org.apache.hc.client5.http.headers -- http-outgoing-0 << x-trace-id: f483e99ce7537253fc356d7bd74049e3
16:19:10.001 [main] DEBUG org.apache.hc.client5.http.headers -- http-outgoing-0 << server: nginx
16:19:10.001 [main] DEBUG org.apache.hc.client5.http.headers -- http-outgoing-0 << x-frame-options: deny
16:19:10.001 [main] DEBUG org.apache.hc.client5.http.headers -- http-outgoing-0 << x-content-type-options: nosniff
16:19:10.001 [main] DEBUG org.apache.hc.client5.http.headers -- http-outgoing-0 << x-xss-protection: 1; mode=block
16:19:10.001 [main] DEBUG org.apache.hc.client5.http.headers -- http-outgoing-0 << strict-transport-security: max-age=31536000
16:19:10.006 [main] DEBUG org.apache.hc.client5.http.impl.classic.MainClientExec -- ex-0000000001 connection can be kept alive for 3 MINUTES
16:19:10.038 [main] DEBUG org.apache.hc.client5.http.wire -- http-outgoing-0 << ">[0xffffff8e]F9BxK5[0x0][0xffffffdc][0xffffffe6][0xffffffc6][0xfffffff1][0xffffffb6][0x19][0xffffffcd]J[0xffffffcc][0xffffffcc]V[0xffffffa9][0xffffffc5][0xffffffcc][0xffffffa5][0xffffff9d][0x16]0s[0xfffffff3][0xfffffff2][0xffffff9b]`[0xffffffa6][0xffffffda][0xfffffffd][0xffffffee]`& [0xffffffb2][0xffffffd5][0x1c]3^H[0xffffffc7]r[0x19][0xffffffa9]Q)[0xffffffcb][0xffffff84],[0xffffffd4][0xfffffffe][0x6][0xffffff91]S[0x1b][0xffffffb8]f[0xffffffd0][0xfffffff3][0x7]Z[0xfffffffe][0xffffff99][0xffffffc1]<[0xffffffa0]n[0xffffffc6][0xfffffff2]L[0xffffffc4][0xffffff99][0xffffffd9]m[0xffffffce]43[0xffffffc8][0xfffffff2]![0x0][0xffffffa5][0xffffffe7]1C[0xffffffdd][0x1c]f~x\[0xffffffce][0xffffff8c][0xffffff8c][0xffffff86][0xffffff9d][0xffffffcb][0xffffffd4]#[0xfffffff2][0xffffff9e][0xfffffff2][0xffffffdb]e3[0xf][0xffffffe1][0xfffffff2]7([0xffffffed][0xffffff92][0xffffffb7][0xffffff86]Q3"[0xffffffca][0xffffffbc]>[0xffffffb6]X7{[0x7f]\[0xffffffc3][0x8][0x12][0xffffffad]&[0x0][0xffffffe6][0xffffff8c]f%?s6K[0x1d]h[0xe][0xffffffe5][0xffffff92]sC[0xffffff95]Asn[0xffffffac][0xfffffff9][0xfffffff6]?[0x1]4[0xb][0x1e][0xffffff9e]#b$'[0xffffffda][0xffffffcf][0xffffff85][0x9]VVh4ZY5[0xffffff9e]r[0xffffffb4][0xffffffd4]3E9[0xfffffff6][0x8][0xffffffaf]([0xffffffef][0x18][0x8]c[0xffffffbe]x[0xffffff94][0xffffff88][0xffffff91][0xffffffe3][0xfffffff1]=[0xffffffb1][0x15]2dp:[0xffffffd9]A[0xffffffc6]NLz[0xffffff94]([0xfffffff9][0xffffffd5]x8[0xffffffeb]][0xffffffe9]r>[0xffffffd6][0xffffffb1]?[0xfffffffe][0xffffffe0],c[0x3]e[0xf]w[0x1f][0xffffff94][0xffffffd8]{x|[0xffffff95]~[0xffffffa7]a([0xffffffda][0x5][0xffffffc2][0xffffffbe]x[0x7f][0xffffff9c][\r][0x7f].[0xffffffb4]"[0xffffffec][0xffffffcf][0x1e][0xffffffbe][0xffffff92][0xffffffe6][0xffffffc2][0xffffffda][0xffffffc4]7[0xffffffb3][0xffffffb4][0xfffffff1][0xfffffff0][0xffffffd9]P%[0xf]/[0xffffffdd]~s[0xf][0xffffffcf][0xffffffa2]'[0xffffffed][0xffffffa9][0xffffff8f]|[0xffffffdc][0xfffffff2][0xfffffff2][0xffffffe3][0xffffffac][0xffffffd6][0xffffffc2][0xffffffa7][0xffffff8e][0xffffffc6]F[0xffffff82][0xffffffbf][0xffffffd1][0xffffffd1][0xfffffff5][0xffffffc8]T[0xffffffa6][0xffffff81][0xffffffc2][0xf];[0xfffffff7][0xffffff90]h[0xffffff80][0xc]Hd[0xffffffa4][0xfffffff3]r[0x1c][0xffffff92]Ot[0xffffff90][0xffffffbc][0xffffffc1][0xffffffeb][0xffffffe9]D?[0xffffffef][0xffffffe1][0x8]R[0xffffffb0][0xffffffd2][0xffffffef]QI[0xffffff8a][0xffffffa3][0xffffff87]SD[0xffffff86][0xffffffdb]\[0xfffffffa][0xffffff86][0xffffff9f]~hz[0xffffffbf]*[0xffffff89]eMK#)[0xffffffb3][0xffffff87][0xffffffef][0xffffff8f]Cw[0xffffffe1][0xffffffcf][0xffffffd6][0xffffffa8]*[0xfffffff5][0xffffffd6][0xfffffffb]X9[0xffffffc3]5[0xffffffdb][0xffffffa4][0xffffff8d]{[0xffffffcf]V[0xffffffba][0xffffffeb][0xffffffde][0x17]W[0xffffffdf][0xffffffd6][0xffffffbd]a[0xffffffac]#[0xffffffe7][0xfffffff0][0x13][0xffffffdc][0xffffffbb][0xffffffeb]1)[0xffffffa4][0xffffffc3][0x4][0xffffffc1][\n]"
16:19:10.038 [main] DEBUG org.apache.hc.client5.http.wire -- http-outgoing-0 << "[0xffffffed][0xffffff82]$[0x9][0xffffffb5][0x19][0xffffffe8]%IEh[0xffffff95]iu[0xffffffb6]~A[0xffffffbe][0xffffff9a]\[0xffffff9e]Y"o[0xffffffe1]S[0xffffff8f]<[0xffffffb1][0x19]G>q[0xffffff9e][0xffffffa5]`[0x15][0xffffff94]+V[0xffffffb7] [0xffffffeb]`[0x1f]T\[0xffffffd9][0xffffff87][0x1d]J[0xffffffee][0xffffffd8][0xffffffd9][0xffffff9a][0xffffffbf][0xffffffc9][0xffffffb7]#[0x14][0xfffffffb]A[0x13][0xffffffa1][0x10][0xffffff9e][0xfffffff0][0xfffffffd][0x16][0xffffffbb],[0xffffffc1][0xffffff9c][0xffffffb7][0xffffffa8][0x14]#[0xffffff94][0xfffffff7][0xffffffc7][0xffffff9d][0xffffff80]<[0xffffffd3]J[0xffffffa5][0xffffffe8]T>Z[0x19][0xffffffa0][0xffffffcc]F[0xffffffa9][0xfffffff3][0xffffffef]+3[0xffffff95][0xffffffdc][0xffffffbb]t[0xfffffff7]m[0xffffffdd][0x1b][0xffffff8e][0x7]|[0xffffffd8][0xffffff9f]@[0xfffffff4]@a[0xffffff9b][0xffffffc2][0x6]R#[0x1e]AlF[\n]"
[...]
fc7]Y[0xffffff88]s[0xffffff8f][0xffffffef]m[\r][0xffffff9d]W![0xffffffae][0x4][0xffffffe5][0xffffff9b][0x10]/[0xf][0xffffffca][0xffffffc1]4O[0xffffffa6][0xffffff84][0xffffffa8]n[0xffffffd8][0xffffffb4][0xffffff88][0xffffffb7][0x1a]N[0x1b][0xffffff98][0xffffffa6][\r][0xffffffeb][0xffffffa0][0xffffffc6]2P[0xffffffec][0xfffffffe][0xffffffa0]'[0x15]>[0xffffffa8][0xffffffc8]w=[0xffffffe3][0xffffffb3][0xffffff85][0xffffff9d][0xffffffb5][0xc][0xffffffe8][0xffffffb0]R[0x4][0xffffffef][0xffffffc8][0xffffffea][0xffffff98][0x4][0xf][0xffffffb9]c1[0xfffffff4][0xffffffee][0xffffffe3][0x1b][0xffffff8a][0xffffff92][0x5][0xffffffb9]k[0xffffffa5][0xffffffbd][0xffffff80]r[0xffffffec]l@[0xffffff96]<[0xfffffff9][0xfffffff8][0xffffffde][0xffffffd8][0xffffffd1]9[0xffffff86][0xffffffb8][0x12][0xffffff94]oB[0xffffffbc][0x2]([0xffffffe7]gJ?[0xffffff96][0xffffff93][0xfffffff4][0xffffff88][0xffffff85]9[0xffffffa4]Os[0xffffffcc][0xffffffe3][0xffffff98][0xffffffb1][0xffffff8b][0xffffffb1][0xffffffc0][0xfffffffc][0xffffffb0]K[0xffffff87][0x5][0xffffffdc][0xffffffb4][0xffffffe8][0xffffff86][0x15][0xffffffa5]`[0xffffffef]qI[0x15][0x13]+[0xffffffd0][0x9][0xffffff87]9[0xffffffd6][0xffffffce]#Q?[0xffffff83][0x12][0x12][0xffffff82][0xffffff9d]pA[0xffffffaf][0xffffff9c][0xffffffcb][0xffffffc1][0xffffffa4][0xffffffd1][0xffffffda][0x1d],=6q3[0xffffffc9]s[0xffffffbb][0xffffffb1][0xffffffa3]s[0xc]q[0x1d](OB[0xffffffbc]<([0xffffffc7]L[0xfffffff4][0xffffffe4]L[0xffffff89]}yE[0xffffff85]![0x1a][0xb][0xffffffc3][0xffffffc8][0xffffff8f]p[0xffffff8f][0xffffff86]I[0x8][0x4][0x19][0xffffffd4][0xffffffdb][0xffffffac][0xb][0xffffffc5]D[0xffffff85][0xfffffff5]9[0xffffff99]uc[0xffffffa8][0xffffff87]\[0xffffff80][0xffffffa3][0xfffffff4][0xffffffe8]-YC[0xffffffcf][0xffffffae][0x12],[0xffffffaf][0xfffffffc][0x19]m[0xffffffc6]g[0x7]`[0x17]V[0xe][0xffffffe6][0xc][0xffffffe7]P[0xffffffbd][0xffffffa3][0xffffffc7][0xffffffc8]>[0xffffff86][0xffffffa9][0xffffffa0][0xffffffdc][0xffffffd8][0xffffffd1]9[0xffffff86][0xffffffb8][0x12][0xffffff94]oB[0xffffffbc][0x2]([0xffffffe7]gJ[0xc]NSaX[0xffffffd1][0xffffffd0]D[0xffffffec]4[0xffffff8d]<nkLq[l[0xfffffff5][0xffffffc7][0xffffffe4][0xc][0x13][0xf][\n]"
16:19:10.433 [main] DEBUG org.apache.hc.client5.http.wire -- http-outgoing-0 << "[0xffffffb0][0xffffffc2]r[0xffffffa3][0xfffffff3][0xffffffc5][0xffffffbc][0xffffff85][0xfffffff5][0xffffffb5][0xffffffcc]9[0x1a]v,#[0xffffffb5][0xffffffc4][0xffffffcf][0xffffffea][0xfffffffd][0x13][0xffffff8c][0xfffffff0]%[0xffffff9a]=[0x10]a[0xffffffa5][0xffffffba][0x17]PJ[0xffffffc1]r[0x12][0xffffffee][0x9]S;:v[G[0xffffffe7]U[0xffffff88]+A[0xfffffff9]&[0xffffffc4][0xffffff8b][0xffffff83][0xffffff92] [0xffffffa7]gJ4[0xffffff91][0xfffffff0][0xffffff8d][0xffffff98][0x6][0x5]M}[0xffffff8d][0xffffff97][0xffffff9a][0xffffffe8][0xffffffa4]I[0xfffffffa][0xffffff87]06[0xffffffba]A[0xffffff8f][0xffffffe3]@[0xffffff99][0xffffffc0]#[0x7f][0xfffffff4][0xffffffb4][0x1d][0xffffffc7]0m[0x1b][0xffffffd5][0xffffffba]cs[0xffffffe3][0xfffffff3][0xfffffffa][0xffffffe5]w[0xffffffdf])[0x9][0xffffffc6]r|[0xf][0x17][0xffffffe2]e[0xffffff92]sa[0xfffffff7][0x6]Jq[0xffffff8c][0x0]M[0xffffffed]}o[0xfffffff4]W{[0x15][0xffffffe2]:P[0xffffff9e][0xffffff84]x[0x5]P[0xffffffce][0xffffffcf][0xffffff94][0xffffff9c][0xffffffcb]YhW[0x19][0xffffffae][0xffffff95]z[0xffffff90][0xffffffe7]x[\r]@[0xfffffff5]`/[0xffffff80]N[0xffffff8d][0xffffff85][0xffffffca].9[0xffffffc5][0xffffff82]F[0xfffffff4]C[0xffffff8e]eNl[0xffffff8c]`Q#[0xe][0xffffff80][0x10][0xffffff96][0xffffffcc][0xffffffd5]*W[0xffffffcf][0x0]%[0xffffffa3]i[0xffffff88]L[0xffffff96][\n]"
16:19:10.433 [main] DEBUG org.apache.hc.client5.http.wire -- http-outgoing-0 << "2[0xffffffec]~[0xffffffc8]_YM[0xffffffa2][0xffffffe6],[0xffffffcc]y[0xffffffe1])[0x19][0xffffffae][0xffffffd8][0xffffffd2]fd[0xffffffd3][0xffffffea][0xffffffcf][0x10]W[0xffffff82][0xfffffff2]M[0xffffff88]+@[0xfffffff9][0xffffffa7][0xffffffbf][0xffffffff][0xffffffcb][0xffffffff][0x2][0x1b][0xffffffe5][0xffffffda]}[0xffffffc5][0xffffffaf][0x0][0x0][\r][\n]"
16:19:10.433 [main] DEBUG org.apache.hc.client5.http.wire -- http-outgoing-0 << "0[\r][\n]"
16:19:10.433 [main] DEBUG org.apache.hc.client5.http.wire -- http-outgoing-0 << "[\r][\n]"
16:19:10.434 [main] DEBUG org.apache.hc.client5.http.headers -- http-outgoing-0 << HTTP/1.1 200 OK
16:19:10.434 [main] DEBUG org.apache.hc.client5.http.headers -- http-outgoing-0 << date: Wed, 13 Mar 2024 16:19:10 GMT
16:19:10.434 [main] DEBUG org.apache.hc.client5.http.headers -- http-outgoing-0 << content-type: application/json
16:19:10.434 [main] DEBUG org.apache.hc.client5.http.headers -- http-outgoing-0 << transfer-encoding: chunked
16:19:10.434 [main] DEBUG org.apache.hc.client5.http.headers -- http-outgoing-0 << content-encoding: gzip
16:19:10.434 [main] DEBUG org.apache.hc.client5.http.headers -- http-outgoing-0 << x-ratelimit-limit: 180
16:19:10.434 [main] DEBUG org.apache.hc.client5.http.headers -- http-outgoing-0 << x-ratelimit-reset: 1710346810
16:19:10.434 [main] DEBUG org.apache.hc.client5.http.headers -- http-outgoing-0 << x-ratelimit-remaining: 178
16:19:10.434 [main] DEBUG org.apache.hc.client5.http.headers -- http-outgoing-0 << x-trace-id: ef7e56dff2c221bceff25ea1c22bd039
16:19:10.434 [main] DEBUG org.apache.hc.client5.http.headers -- http-outgoing-0 << server: nginx
16:19:10.434 [main] DEBUG org.apache.hc.client5.http.headers -- http-outgoing-0 << x-frame-options: deny
16:19:10.434 [main] DEBUG org.apache.hc.client5.http.headers -- http-outgoing-0 << x-content-type-options: nosniff
16:19:10.434 [main] DEBUG org.apache.hc.client5.http.headers -- http-outgoing-0 << x-xss-protection: 1; mode=block
16:19:10.434 [main] DEBUG org.apache.hc.client5.http.headers -- http-outgoing-0 << strict-transport-security: max-age=31536000
16:19:10.434 [main] DEBUG org.apache.hc.client5.http.impl.classic.MainClientExec -- ex-0000000003 connection can be kept alive for 3 MINUTES
16:19:10.436 [main] DEBUG org.apache.hc.client5.http.impl.classic.InternalHttpClient -- ep-0000000003 releasing valid endpoint
16:19:10.436 [main] DEBUG org.apache.hc.client5.http.impl.io.PoolingHttpClientConnectionManager -- ep-0000000003 releasing endpoint
16:19:10.436 [main] DEBUG org.apache.hc.client5.http.impl.io.PoolingHttpClientConnectionManager -- ep-0000000003 connection http-outgoing-0 can be kept alive for 3 MINUTES
16:19:10.436 [main] DEBUG org.apache.hc.client5.http.impl.io.PoolingHttpClientConnectionManager -- ep-0000000003 connection released [route: {s}->https://hub.docker.com:443][total available: 1; route allocated: 1 of 5; total allocated: 1 of 25]
16:19:10.438 [main] DEBUG io.github.bonigarcia.wdm.docker.DockerService -- The latest version of Chrome in Docker Hub is 122.0
16:19:10.440 [main] INFO io.github.bonigarcia.wdm.docker.DockerService -- Pulling Docker image selenoid/vnc:chrome_122.0 (this might take some time, but only the first time)
16:19:10.481 [docker-java-stream-1789075765] DEBUG org.apache.hc.client5.http.impl.classic.InternalHttpClient -- ex-0000000004 preparing request execution
16:19:10.481 [docker-java-stream-1789075765] DEBUG org.apache.hc.client5.http.impl.classic.ProtocolExec -- ex-0000000004 target auth state: UNCHALLENGED
16:19:10.481 [docker-java-stream-1789075765] DEBUG org.apache.hc.client5.http.impl.classic.ProtocolExec -- ex-0000000004 proxy auth state: UNCHALLENGED
16:19:10.481 [docker-java-stream-1789075765] DEBUG org.apache.hc.client5.http.impl.classic.ConnectExec -- ex-0000000004 acquiring connection with route {}->unix://localhost:2375
16:19:10.481 [docker-java-stream-1789075765] DEBUG org.apache.hc.client5.http.impl.classic.InternalHttpClient -- ex-0000000004 acquiring endpoint (3 MINUTES)
16:19:10.481 [docker-java-stream-1789075765] DEBUG org.apache.hc.client5.http.impl.io.PoolingHttpClientConnectionManager -- ex-0000000004 endpoint lease request (3 MINUTES) [route: {}->unix://localhost:2375][total available: 0; route allocated: 0 of 2147483647; total allocated: 0 of 2147483647]
16:19:10.482 [docker-java-stream-1789075765] DEBUG org.apache.hc.client5.http.impl.io.PoolingHttpClientConnectionManager -- ex-0000000004 endpoint leased [route: {}->unix://localhost:2375][total available: 0; route allocated: 1 of 2147483647; total allocated: 1 of 2147483647]
16:19:10.482 [docker-java-stream-1789075765] DEBUG org.apache.hc.client5.http.impl.io.PoolingHttpClientConnectionManager -- ex-0000000004 acquired ep-0000000004
16:19:10.482 [docker-java-stream-1789075765] DEBUG org.apache.hc.client5.http.impl.classic.InternalHttpClient -- ex-0000000004 acquired endpoint ep-0000000004
16:19:10.482 [docker-java-stream-1789075765] DEBUG org.apache.hc.client5.http.impl.classic.ConnectExec -- ex-0000000004 opening connection {}->unix://localhost:2375
16:19:10.482 [docker-java-stream-1789075765] DEBUG org.apache.hc.client5.http.impl.classic.InternalHttpClient -- ep-0000000004 connecting endpoint (null)
16:19:10.482 [docker-java-stream-1789075765] DEBUG org.apache.hc.client5.http.impl.io.PoolingHttpClientConnectionManager -- ep-0000000004 connecting endpoint to unix://localhost:2375 (3 MINUTES)
16:19:10.482 [docker-java-stream-1789075765] DEBUG org.apache.hc.client5.http.impl.io.DefaultHttpClientConnectionOperator -- localhost resolving remote address
16:19:10.482 [docker-java-stream-1789075765] DEBUG org.apache.hc.client5.http.impl.io.DefaultHttpClientConnectionOperator -- localhost resolved to [localhost/127.0.0.1, localhost/0:0:0:0:0:0:0:1]
16:19:10.513 [docker-java-stream-1789075765] DEBUG org.apache.hc.client5.http.impl.io.DefaultManagedHttpClientConnection -- http-outgoing-1 close connection IMMEDIATE
16:19:10.513 [docker-java-stream-1789075765] DEBUG org.apache.hc.client5.http.impl.classic.InternalHttpClient -- ep-0000000004 endpoint closed
16:19:10.513 [docker-java-stream-1789075765] DEBUG org.apache.hc.client5.http.impl.classic.InternalHttpClient -- ep-0000000004 discarding endpoint
16:19:10.513 [docker-java-stream-1789075765] DEBUG org.apache.hc.client5.http.impl.io.PoolingHttpClientConnectionManager -- ep-0000000004 releasing endpoint
16:19:10.513 [docker-java-stream-1789075765] DEBUG org.apache.hc.client5.http.impl.io.PoolingHttpClientConnectionManager -- ep-0000000004 connection is not kept alive
16:19:10.513 [docker-java-stream-1789075765] DEBUG org.apache.hc.client5.http.impl.io.PoolingHttpClientConnectionManager -- ep-0000000004 connection released [route: {}->unix://localhost:2375][total available: 0; route allocated: 0 of 2147483647; total allocated: 0 of 2147483647]
16:19:10.514 [docker-java-stream-1789075765] ERROR com.github.dockerjava.api.async.ResultCallbackTemplate -- Error during callback
java.lang.RuntimeException: java.io.IOException: com.sun.jna.LastErrorException: [2] No such file or directory
	at com.github.dockerjava.httpclient5.ApacheDockerHttpClientImpl.execute(ApacheDockerHttpClientImpl.java:195)
	at com.github.dockerjava.httpclient5.ApacheDockerHttpClient.execute(ApacheDockerHttpClient.java:9)
	at com.github.dockerjava.core.DefaultInvocationBuilder.execute(DefaultInvocationBuilder.java:228)
	at com.github.dockerjava.core.DefaultInvocationBuilder.lambda$executeAndStream$1(DefaultInvocationBuilder.java:269)
	at java.base/java.lang.Thread.run(Thread.java:833)
Caused by: java.io.IOException: com.sun.jna.LastErrorException: [2] No such file or directory
	at com.github.dockerjava.transport.DomainSocket.<init>(DomainSocket.java:63)
	at com.github.dockerjava.transport.LinuxDomainSocket.<init>(LinuxDomainSocket.java:41)
	at com.github.dockerjava.transport.DomainSocket.get(DomainSocket.java:140)
	at com.github.dockerjava.transport.UnixSocket.get(UnixSocket.java:29)
	at com.github.dockerjava.httpclient5.ApacheDockerHttpClientImpl$2.createSocket(ApacheDockerHttpClientImpl.java:153)
	at org.apache.hc.client5.http.impl.io.DefaultHttpClientConnectionOperator.connect(DefaultHttpClientConnectionOperator.java:155)
	at org.apache.hc.client5.http.impl.io.PoolingHttpClientConnectionManager.connect(PoolingHttpClientConnectionManager.java:447)
	at org.apache.hc.client5.http.impl.classic.InternalExecRuntime.connectEndpoint(InternalExecRuntime.java:162)
	at org.apache.hc.client5.http.impl.classic.InternalExecRuntime.connectEndpoint(InternalExecRuntime.java:172)
	at org.apache.hc.client5.http.impl.classic.ConnectExec.execute(ConnectExec.java:142)
	at org.apache.hc.client5.http.impl.classic.ExecChainElement.execute(ExecChainElement.java:51)
	at org.apache.hc.client5.http.impl.classic.ProtocolExec.execute(ProtocolExec.java:192)
	at org.apache.hc.client5.http.impl.classic.ExecChainElement.execute(ExecChainElement.java:51)
	at org.apache.hc.client5.http.impl.classic.HttpRequestRetryExec.execute(HttpRequestRetryExec.java:96)
	at org.apache.hc.client5.http.impl.classic.ExecChainElement.execute(ExecChainElement.java:51)
	at org.apache.hc.client5.http.impl.classic.ContentCompressionExec.execute(ContentCompressionExec.java:152)
	at org.apache.hc.client5.http.impl.classic.ExecChainElement.execute(ExecChainElement.java:51)
	at org.apache.hc.client5.http.impl.classic.RedirectExec.execute(RedirectExec.java:115)
	at org.apache.hc.client5.http.impl.classic.ExecChainElement.execute(ExecChainElement.java:51)
	at org.apache.hc.client5.http.impl.classic.InternalHttpClient.doExecute(InternalHttpClient.java:170)
	at org.apache.hc.client5.http.impl.classic.CloseableHttpClient.execute(CloseableHttpClient.java:87)
	at com.github.dockerjava.httpclient5.ApacheDockerHttpClientImpl.execute(ApacheDockerHttpClientImpl.java:191)
	... 4 common frames omitted
Caused by: com.sun.jna.LastErrorException: [2] No such file or directory
	at com.github.dockerjava.transport.LinuxDomainSocket.connect(Native Method)
	at com.github.dockerjava.transport.LinuxDomainSocket.connect(LinuxDomainSocket.java:49)
	at com.github.dockerjava.transport.DomainSocket.open(DomainSocket.java:69)
	at com.github.dockerjava.transport.DomainSocket.<init>(DomainSocket.java:59)
	... 25 common frames omitted
16:19:10.515 [main] WARN io.github.bonigarcia.wdm.docker.DockerService -- Exception pulling image selenoid/vnc:chrome_122.0: java.io.IOException: com.sun.jna.LastErrorException: [2] No such file or directory
16:19:10.521 [main] INFO io.github.bonigarcia.wdm.docker.DockerService -- Starting Docker container selenoid/vnc:chrome_122.0
16:19:10.526 [main] DEBUG com.github.dockerjava.core.command.AbstrDockerCmd -- Cmd: com.github.dockerjava.core.command.CreateContainerCmdImpl@77bd7fe7[aliases=<null>,argsEscaped=<null>,attachStderr=<null>,attachStdin=<null>,attachStdout=<null>,authConfig=AuthConfig(username=null, email=null, registryAddress=https://index.docker.io/v1/, stackOrchestrator=null),cmd=<null>,domainName=<null>,entrypoint=<null>,env={TZ=Etc/UTC,LANGUAGE=EN,SCREEN_RESOLUTION=1280x1080x24,DRIVER_ARGS=--whitelisted-ips= --allowed-origins=*},exposedPorts=ExposedPorts(exposedPorts=[4444/tcp]),healthcheck=<null>,hostConfig=HostConfig(binds=[], blkioWeight=null, blkioWeightDevice=null, blkioDeviceReadBps=null, blkioDeviceWriteBps=null, blkioDeviceReadIOps=null, blkioDeviceWriteIOps=null, memorySwappiness=null, nanoCPUs=null, capAdd=[SYS_ADMIN], capDrop=null, containerIDFile=null, cpuPeriod=null, cpuRealtimePeriod=null, cpuRealtimeRuntime=null, cpuShares=null, cpuQuota=null, cpusetCpus=null, cpusetMems=null, devices=null, deviceCgroupRules=null, deviceRequests=null, diskQuota=null, dns=null, dnsOptions=null, dnsSearch=null, extraHosts=[], groupAdd=null, ipcMode=null, cgroup=null, links=[], logConfig=LogConfig(type=null, config=null), lxcConf=null, memory=null, memorySwap=null, memoryReservation=null, kernelMemory=null, networkMode=bridge, oomKillDisable=null, init=null, autoRemove=null, oomScoreAdj=null, portBindings={4444/tcp=[Lcom.github.dockerjava.api.model.Ports$Binding;@298d9a05}, privileged=null, publishAllPorts=true, readonlyRootfs=null, restartPolicy=null, ulimits=null, cpuCount=null, cpuPercent=null, ioMaximumIOps=null, ioMaximumBandwidth=null, volumesFrom=null, mounts=[Mount(type=TMPFS, source=null, target=/tmp, readOnly=null, bindOptions=null, volumeOptions=null, tmpfsOptions=TmpfsOptions(sizeBytes=134217728, mode=null))], pidMode=null, isolation=null, securityOpts=null, storageOpt=null, cgroupParent=null, volumeDriver=null, shmSize=268435456, pidsLimit=null, runtime=null, tmpFs=null, utSMode=null, usernsMode=null, sysctls=null, consoleSize=null, cgroupnsMode=null),hostName=<null>,image=selenoid/vnc:chrome_122.0,ipv4Address=<null>,ipv6Address=<null>,labels=<null>,macAddress=<null>,name=<null>,networkDisabled=<null>,networkingConfig=<null>,onBuild=<null>,platform=<null>,portSpecs=<null>,shell=<null>,stdInOnce=<null>,stdinOpen=<null>,stopSignal=<null>,stopTimeout=<null>,tty=<null>,user=<null>,volumes=Volumes(volumes=[]),workingDir=<null>]
16:19:10.598 [main] DEBUG org.apache.hc.client5.http.impl.classic.InternalHttpClient -- ex-0000000005 preparing request execution
16:19:10.599 [main] DEBUG org.apache.hc.client5.http.impl.classic.ProtocolExec -- ex-0000000005 target auth state: UNCHALLENGED
16:19:10.599 [main] DEBUG org.apache.hc.client5.http.impl.classic.ProtocolExec -- ex-0000000005 proxy auth state: UNCHALLENGED
16:19:10.599 [main] DEBUG org.apache.hc.client5.http.impl.classic.ConnectExec -- ex-0000000005 acquiring connection with route {}->unix://localhost:2375
16:19:10.599 [main] DEBUG org.apache.hc.client5.http.impl.classic.InternalHttpClient -- ex-0000000005 acquiring endpoint (3 MINUTES)
16:19:10.599 [main] DEBUG org.apache.hc.client5.http.impl.io.PoolingHttpClientConnectionManager -- ex-0000000005 endpoint lease request (3 MINUTES) [route: {}->unix://localhost:2375][total available: 0; route allocated: 0 of 2147483647; total allocated: 0 of 2147483647]
16:19:10.599 [main] DEBUG org.apache.hc.client5.http.impl.io.PoolingHttpClientConnectionManager -- ex-0000000005 endpoint leased [route: {}->unix://localhost:2375][total available: 0; route allocated: 1 of 2147483647; total allocated: 1 of 2147483647]
16:19:10.599 [main] DEBUG org.apache.hc.client5.http.impl.io.PoolingHttpClientConnectionManager -- ex-0000000005 acquired ep-0000000005
16:19:10.599 [main] DEBUG org.apache.hc.client5.http.impl.classic.InternalHttpClient -- ex-0000000005 acquired endpoint ep-0000000005
16:19:10.599 [main] DEBUG org.apache.hc.client5.http.impl.classic.ConnectExec -- ex-0000000005 opening connection {}->unix://localhost:2375
16:19:10.599 [main] DEBUG org.apache.hc.client5.http.impl.classic.InternalHttpClient -- ep-0000000005 connecting endpoint (null)
16:19:10.599 [main] DEBUG org.apache.hc.client5.http.impl.io.PoolingHttpClientConnectionManager -- ep-0000000005 connecting endpoint to unix://localhost:2375 (3 MINUTES)
16:19:10.599 [main] DEBUG org.apache.hc.client5.http.impl.io.DefaultHttpClientConnectionOperator -- localhost resolving remote address
16:19:10.599 [main] DEBUG org.apache.hc.client5.http.impl.io.DefaultHttpClientConnectionOperator -- localhost resolved to [localhost/127.0.0.1, localhost/0:0:0:0:0:0:0:1]
16:19:10.600 [main] DEBUG org.apache.hc.client5.http.impl.io.DefaultManagedHttpClientConnection -- http-outgoing-2 close connection IMMEDIATE
16:19:10.600 [main] DEBUG org.apache.hc.client5.http.impl.classic.InternalHttpClient -- ep-0000000005 endpoint closed
16:19:10.600 [main] DEBUG org.apache.hc.client5.http.impl.classic.InternalHttpClient -- ep-0000000005 discarding endpoint
16:19:10.600 [main] DEBUG org.apache.hc.client5.http.impl.io.PoolingHttpClientConnectionManager -- ep-0000000005 releasing endpoint
16:19:10.600 [main] DEBUG org.apache.hc.client5.http.impl.io.PoolingHttpClientConnectionManager -- ep-0000000005 connection is not kept alive
16:19:10.600 [main] DEBUG org.apache.hc.client5.http.impl.io.PoolingHttpClientConnectionManager -- ep-0000000005 connection released [route: {}->unix://localhost:2375][total available: 0; route allocated: 0 of 2147483647; total allocated: 0 of 2147483647]
16:19:10.605 [main] WARN io.github.bonigarcia.wdm.WebDriverManager -- WebDriver object(s) not available
]]></system-out>
  </testcase>
</testsuite>