<?xml version="1.0" encoding="UTF-8"?>
<testsuite xmlns:xsi="http://www.w3.org/2001/XMLSchema-instance" xsi:noNamespaceSchemaLocation="https://maven.apache.org/surefire/maven-surefire-plugin/xsd/surefire-test-report-3.0.xsd" version="3.0" name="fakeapi_test.AppTest" time="2.909" tests="4" errors="0" skipped="0" failures="0">
  <properties>
[...]
</properties>
  <testcase name="querying4" classname="fakeapi_test.AppTest" time="2.229"/>
  <testcase name="endpoint_available" classname="fakeapi_test.AppTest" time="0.189"/>
  <testcase name="all_ids" classname="fakeapi_test.AppTest" time="0.312"/>
  <testcase name="all_time" classname="fakeapi_test.AppTest" time="0.141"/>
</testsuite>